Log file open, 01/06/23 18:44:29
LogWindows: Failed to load 'aqProf.dll' (GetLastError=126)
LogWindows: File 'aqProf.dll' does not exist
LogWindows: Failed to load 'VtuneApi.dll' (GetLastError=126)
LogWindows: File 'VtuneApi.dll' does not exist
LogWindows: Failed to load 'VtuneApi32e.dll' (GetLastError=126)
LogWindows: File 'VtuneApi32e.dll' does not exist
LogConsoleResponse: Display: Failed to find resolution value strings in scalability ini. Falling back to default.
LogConsoleResponse: Display: Failed to find resolution value strings in scalability ini. Falling back to default.
LogInit: Display: Running engine for game: passplz
LogPlatformFile: Not using cached read wrapper
LogTaskGraph: Started task graph with 5 named threads and 47 total threads with 3 sets of task threads.
LogStats: Stats thread started at 0.378209
LogICUInternationalization: ICU TimeZone Detection - Raw Offset: +9:00, Platform Override: ''
LogInit: Display: Loading text-based GConfig....
LogPluginManager: Mounting plugin XGEController
LogPluginManager: Mounting plugin MeshPainting
LogPluginManager: Mounting plugin LightPropagationVolume
LogPluginManager: Mounting plugin AssetManagerEditor
LogPluginManager: Mounting plugin Paper2D
LogPluginManager: Mounting plugin EnvironmentQueryEditor
LogPluginManager: Mounting plugin CryptoKeys
LogPluginManager: Mounting plugin GameplayTagsEditor
LogPluginManager: Mounting plugin GeometryMode
LogPluginManager: Mounting plugin MaterialAnalyzer
LogPluginManager: Mounting plugin LiveLink
LogPluginManager: Mounting plugin AISupport
LogPluginManager: Mounting plugin PluginBrowser
LogPluginManager: Mounting plugin SpeedTreeImporter
LogPluginManager: Mounting plugin StylusInput
LogPluginManager: Mounting plugin CurveEditorTools
LogPluginManager: Mounting plugin MagicLeap
LogPluginManager: Mounting plugin MagicLeapLightEstimation
LogPluginManager: Mounting plugin MagicLeapMedia
LogPluginManager: Mounting plugin MacGraphicsSwitching
LogPluginManager: Mounting plugin MagicLeapPassableWorld
LogPluginManager: Mounting plugin MLSDK
LogPluginManager: Mounting plugin AndroidMedia
LogPluginManager: Mounting plugin MobileLauncherProfileWizard
LogPluginManager: Mounting plugin DataValidation
LogPluginManager: Mounting plugin Niagara
LogPluginManager: Mounting plugin AvfMedia
LogPluginManager: Mounting plugin LuminPlatformFeatures
LogPluginManager: Mounting plugin MediaCompositing
LogPluginManager: Mounting plugin ImgMedia
LogPluginManager: Mounting plugin WmfMedia
LogPluginManager: Mounting plugin WebMMedia
LogPluginManager: Mounting plugin TcpMessaging
LogPluginManager: Mounting plugin ActorSequence
LogPluginManager: Mounting plugin UdpMessaging
LogPluginManager: Mounting plugin MatineeToLevelSequence
LogPluginManager: Mounting plugin MediaPlayerEditor
LogPluginManager: Mounting plugin TemplateSequence
LogPluginManager: Mounting plugin FacialAnimation
LogPluginManager: Mounting plugin LevelSequenceEditor
LogPluginManager: Mounting plugin OnlineSubsystemNull
LogPluginManager: Mounting plugin OnlineSubsystem
LogPluginManager: Mounting plugin AlembicImporter
LogPluginManager: Mounting plugin BackChannel
LogPluginManager: Mounting plugin ChaosClothEditor
LogPluginManager: Mounting plugin ChaosNiagara
LogPluginManager: Mounting plugin OnlineSubsystemUtils
LogPluginManager: Mounting plugin CharacterAI
LogPluginManager: Mounting plugin ChaosEditor
LogPluginManager: Mounting plugin AutomationUtils
LogPluginManager: Mounting plugin ChaosSolverPlugin
LogPluginManager: Mounting plugin ChaosCloth
LogPluginManager: Mounting plugin LauncherChunkInstaller
LogPluginManager: Mounting plugin GeometryCache
LogPluginManager: Mounting plugin GeometryProcessing
LogPluginManager: Mounting plugin GeometryCollectionPlugin
LogPluginManager: Mounting plugin MeshModelingToolset
LogPluginManager: Mounting plugin ModelingToolsEditorMode
LogPluginManager: Mounting plugin MotoSynth
LogPluginManager: Mounting plugin ProxyLODPlugin
LogPluginManager: Mounting plugin OodleNetwork
LogPluginManager: Mounting plugin OodleData
LogPluginManager: Mounting plugin PlatformCrypto
LogPluginManager: Mounting plugin OpenImageDenoise
LogPluginManager: Mounting plugin PlanarCut
LogPluginManager: Mounting plugin GameplayCameras
LogPluginManager: Mounting plugin CameraShakePreviewer
LogPluginManager: Mounting plugin PythonScriptPlugin
LogPluginManager: Mounting plugin DatasmithContent
LogPluginManager: Mounting plugin ScreenshotTools
LogPluginManager: Mounting plugin Takes
LogPluginManager: Mounting plugin CLionSourceCodeAccess
LogPluginManager: Mounting plugin SkeletalReduction
LogPluginManager: Mounting plugin GitSourceControl
LogPluginManager: Mounting plugin AnimationSharing
LogPluginManager: Mounting plugin PixWinPlugin
LogPluginManager: Mounting plugin VariantManagerContent
LogPluginManager: Mounting plugin CodeLiteSourceCodeAccess
LogPluginManager: Mounting plugin PerforceSourceControl
LogPluginManager: Mounting plugin RiderSourceCodeAccess
LogPluginManager: Mounting plugin SubversionSourceControl
LogPluginManager: Mounting plugin TextureFormatOodle
LogPluginManager: Mounting plugin UObjectPlugin
LogPluginManager: Mounting plugin VisualStudioCodeSourceCodeAccess
LogPluginManager: Mounting plugin VisualStudioSourceCodeAccess
LogPluginManager: Mounting plugin PropertyAccessNode
LogPluginManager: Mounting plugin PluginUtils
LogPluginManager: Mounting plugin ActorLayerUtilities
LogPluginManager: Mounting plugin AndroidMoviePlayer
LogPluginManager: Mounting plugin AndroidDeviceProfileSelector
LogPluginManager: Mounting plugin PlasticSourceControl
LogPluginManager: Mounting plugin AppleImageUtils
LogPluginManager: Mounting plugin AppleMoviePlayer
LogPluginManager: Mounting plugin ArchVisCharacter
LogPluginManager: Mounting plugin AssetTags
LogPluginManager: Mounting plugin AudioCapture
LogPluginManager: Mounting plugin AudioSynesthesia
LogPluginManager: Mounting plugin NullSourceCodeAccess
LogPluginManager: Mounting plugin EditableMesh
LogPluginManager: Mounting plugin ExampleDeviceProfileSelector
LogPluginManager: Mounting plugin XCodeSourceCodeAccess
LogPluginManager: Mounting plugin AndroidPermission
LogPluginManager: Mounting plugin KDevelopSourceCodeAccess
LogPluginManager: Mounting plugin GoogleCloudMessaging
LogPluginManager: Mounting plugin HairStrands
LogPluginManager: Mounting plugin ChunkDownloader
LogPluginManager: Mounting plugin GooglePAD
LogPluginManager: Mounting plugin CableComponent
LogPluginManager: Mounting plugin LocationServicesBPLibrary
LogPluginManager: Mounting plugin LinuxDeviceProfileSelector
LogPluginManager: Mounting plugin CustomMeshComponent
LogPluginManager: Mounting plugin OpenXR
LogPluginManager: Mounting plugin MobilePatchingUtils
LogPluginManager: Mounting plugin OpenXRHandTracking
LogPluginManager: Mounting plugin PhysXVehicles
LogPluginManager: Mounting plugin PostSplashScreen
LogPluginManager: Mounting plugin ProceduralMeshComponent
LogPluginManager: Mounting plugin RuntimePhysXCooking
LogPluginManager: Mounting plugin SignificanceManager
LogPluginManager: Mounting plugin OpenXREyeTracker
LogPluginManager: Mounting plugin PropertyAccessEditor
LogPluginManager: Mounting plugin IOSDeviceProfileSelector
LogPluginManager: Mounting plugin SoundFields
LogPluginManager: Mounting plugin Synthesis
LogPluginManager: Mounting plugin WindowsMoviePlayer
LogPluginManager: Mounting plugin WebMMoviePlayer
LogPluginManager: Mounting plugin ContentBrowserAssetDataSource
LogPluginManager: Mounting plugin ContentBrowserClassDataSource
LogPluginManager: Mounting plugin ContentBrowserFileDataSource
LogPluginManager: Mounting plugin OnlineSubsystemIOS
LogPluginManager: Mounting plugin OnlineSubsystemGooglePlay
LogPluginManager: Mounting plugin OculusVR
LogPluginManager: Mounting plugin SteamVR
LogLuminAPIImpl: Warning: MLSDK not found.  This likely means the MLSDK environment variable is not set.
LogInit: Using libcurl 7.55.1-DEV
LogInit:  - built for x86_64-pc-win32
LogInit:  - supports SSL with OpenSSL/1.1.1
LogInit:  - supports HTTP deflate (compression) using libz 1.2.8
LogInit:  - other features:
LogInit:      CURL_VERSION_SSL
LogInit:      CURL_VERSION_LIBZ
LogInit:      CURL_VERSION_IPV6
LogInit:      CURL_VERSION_ASYNCHDNS
LogInit:      CURL_VERSION_LARGEFILE
LogInit:      CURL_VERSION_IDN
LogInit:  CurlRequestOptions (configurable via config and command line):
LogInit:  - bVerifyPeer = true  - Libcurl will verify peer certificate
LogInit:  - bUseHttpProxy = false  - Libcurl will NOT use HTTP proxy
LogInit:  - bDontReuseConnections = false  - Libcurl will reuse connections
LogInit:  - MaxHostConnections = 16  - Libcurl will limit the number of connections to a host
LogInit:  - LocalHostAddr = Default
LogInit:  - BufferSize = 65536
LogOnline: OSS: Creating online subsystem instance for: NULL
LogInit: WinSock: version 1.1 (2.2), MaxSocks=32767, MaxUdp=65467
LogOnline: OSS: TryLoadSubsystemAndSetDefault: Loaded subsystem for module [NULL]
PixWinPlugin: PIX capture plugin failed to initialize! Check that the process is launched from PIX.
LogOculusPluginWrapper: OculusPlugin initialized successfully
LogHMD: Failed initializing OVRPlugin 1.59.0
LogInit: Build: ++UE4+Release-4.27-CL-18319896
LogInit: Engine Version: 4.27.2-18319896+++UE4+Release-4.27
LogInit: Compatible Engine Version: 4.27.0-17155196+++UE4+Release-4.27
LogInit: Net CL: 17155196
LogInit: OS: Windows 10 (Release 2009) (), CPU: AMD Ryzen 7 5800H with Radeon Graphics         , GPU: AMD Radeon(TM) Graphics
LogInit: Compiled (64-bit): Nov 30 2021 07:12:08
LogInit: Compiled with Visual C++: 19.24.28315.00
LogInit: Build Configuration: Development
LogInit: Branch Name: ++UE4+Release-4.27
LogInit: Command Line: 
LogInit: Base Directory: C:/Program Files/Epic Games/UE_4.27/Engine/Binaries/Win64/
LogInit: Allocator: TBB
LogInit: Installed Engine Build: 1
LogDevObjectVersion: Number of dev versions registered: 29
LogDevObjectVersion:   Dev-Blueprints (B0D832E4-1F89-4F0D-ACCF-7EB736FD4AA2): 10
LogDevObjectVersion:   Dev-Build (E1C64328-A22C-4D53-A36C-8E866417BD8C): 0
LogDevObjectVersion:   Dev-Core (375EC13C-06E4-48FB-B500-84F0262A717E): 4
LogDevObjectVersion:   Dev-Editor (E4B068ED-F494-42E9-A231-DA0B2E46BB41): 40
LogDevObjectVersion:   Dev-Framework (CFFC743F-43B0-4480-9391-14DF171D2073): 37
LogDevObjectVersion:   Dev-Mobile (B02B49B5-BB20-44E9-A304-32B752E40360): 3
LogDevObjectVersion:   Dev-Networking (A4E4105C-59A1-49B5-A7C5-40C4547EDFEE): 0
LogDevObjectVersion:   Dev-Online (39C831C9-5AE6-47DC-9A44-9C173E1C8E7C): 0
LogDevObjectVersion:   Dev-Physics (78F01B33-EBEA-4F98-B9B4-84EACCB95AA2): 14
LogDevObjectVersion:   Dev-Platform (6631380F-2D4D-43E0-8009-CF276956A95A): 0
LogDevObjectVersion:   Dev-Rendering (12F88B9F-8875-4AFC-A67C-D90C383ABD29): 45
LogDevObjectVersion:   Dev-Sequencer (7B5AE74C-D270-4C10-A958-57980B212A5A): 13
LogDevObjectVersion:   Dev-VR (D7296918-1DD6-4BDD-9DE2-64A83CC13884): 3
LogDevObjectVersion:   Dev-LoadTimes (C2A15278-BFE7-4AFE-6C17-90FF531DF755): 1
LogDevObjectVersion:   Private-Geometry (6EACA3D4-40EC-4CC1-B786-8BED09428FC5): 3
LogDevObjectVersion:   Dev-AnimPhys (29E575DD-E0A3-4627-9D10-D276232CDCEA): 17
LogDevObjectVersion:   Dev-Anim (AF43A65D-7FD3-4947-9873-3E8ED9C1BB05): 15
LogDevObjectVersion:   Dev-ReflectionCapture (6B266CEC-1EC7-4B8F-A30B-E4D90942FC07): 1
LogDevObjectVersion:   Dev-Automation (0DF73D61-A23F-47EA-B727-89E90C41499A): 1
LogDevObjectVersion:   FortniteMain (601D1886-AC64-4F84-AA16-D3DE0DEAC7D6): 47
LogDevObjectVersion:   FortniteRelease (E7086368-6B23-4C58-8439-1B7016265E91): 1
LogDevObjectVersion:   Dev-Enterprise (9DFFBCD6-494F-0158-E221-12823C92A888): 10
LogDevObjectVersion:   Dev-Niagara (F2AED0AC-9AFE-416F-8664-AA7FFA26D6FC): 1
LogDevObjectVersion:   Dev-Destruction (174F1F0B-B4C6-45A5-B13F-2EE8D0FB917D): 10
LogDevObjectVersion:   Dev-Physics-Ext (35F94A83-E258-406C-A318-09F59610247C): 41
LogDevObjectVersion:   Dev-PhysicsMaterial-Chaos (B68FC16E-8B1B-42E2-B453-215C058844FE): 1
LogDevObjectVersion:   Dev-CineCamera (B2E18506-4273-CFC2-A54E-F4BB758BBA07): 1
LogDevObjectVersion:   Dev-VirtualProduction (64F58936-FD1B-42BA-BA96-7289D5D0FA4E): 1
LogDevObjectVersion:   Dev-MediaFramework (6F0ED827-A609-4895-9C91-998D90180EA4): 2
LogInit: Presizing for max 25165824 objects, including 0 objects not considered by GC, pre-allocating 0 bytes for permanent pool.
LogConfig: Applying CVar settings from Section [/Script/Engine.StreamingSettings] File [C:/Users/dounii/Documents/Unreal Projects/passplz/Saved/Config/Windows/Engine.ini]
LogConfig: Setting CVar [[s.MinBulkDataSizeForAsyncLoading:131072]]
LogConfig: Setting CVar [[s.AsyncLoadingThreadEnabled:0]]
LogConfig: Setting CVar [[s.EventDrivenLoaderEnabled:1]]
LogConfig: Setting CVar [[s.WarnIfTimeLimitExceeded:0]]
LogConfig: Setting CVar [[s.TimeLimitExceededMultiplier:1.5]]
LogConfig: Setting CVar [[s.TimeLimitExceededMinTime:0.005]]
LogConfig: Setting CVar [[s.UseBackgroundLevelStreaming:1]]
LogConfig: Setting CVar [[s.PriorityAsyncLoadingExtraTime:15.0]]
LogConfig: Setting CVar [[s.LevelStreamingActorsUpdateTimeLimit:5.0]]
LogConfig: Setting CVar [[s.PriorityLevelStreamingActorsUpdateExtraTime:5.0]]
LogConfig: Setting CVar [[s.LevelStreamingComponentsRegistrationGranularity:10]]
LogConfig: Setting CVar [[s.UnregisterComponentsTimeLimit:1.0]]
LogConfig: Setting CVar [[s.LevelStreamingComponentsUnregistrationGranularity:5]]
LogConfig: Setting CVar [[s.FlushStreamingOnExit:1]]
LogInit: Object subsystem initialized
LogConfig: Setting CVar [[con.DebugEarlyDefault:1]]
LogConfig: Setting CVar [[r.setres:1280x720]]
LogConfig: Setting CVar [[fx.NiagaraAllowRuntimeScalabilityChanges:1]]
[2023.01.06-09.44.30:746][  0]LogConfig: Setting CVar [[r.VSync:0]]
[2023.01.06-09.44.30:746][  0]LogConfig: Setting CVar [[r.RHICmdBypass:0]]
[2023.01.06-09.44.30:746][  0]LogConfig: Applying CVar settings from Section [/Script/Engine.RendererSettings] File [C:/Users/dounii/Documents/Unreal Projects/passplz/Saved/Config/Windows/Engine.ini]
[2023.01.06-09.44.30:746][  0]LogConfig: Setting CVar [[r.GPUCrashDebugging:0]]
[2023.01.06-09.44.30:746][  0]LogConfig: Setting CVar [[r.GenerateMeshDistanceFields:1]]
[2023.01.06-09.44.30:746][  0]LogConfig: Setting CVar [[r.DefaultFeature.AutoExposure.ExtendDefaultLuminanceRange:1]]
[2023.01.06-09.44.30:746][  0]LogConfig: Setting CVar [[r.DefaultFeature.AutoExposure:0]]
[2023.01.06-09.44.30:746][  0]LogConfig: Applying CVar settings from Section [/Script/Engine.RendererOverrideSettings] File [C:/Users/dounii/Documents/Unreal Projects/passplz/Saved/Config/Windows/Engine.ini]
[2023.01.06-09.44.30:746][  0]LogConfig: Applying CVar settings from Section [/Script/Engine.StreamingSettings] File [C:/Users/dounii/Documents/Unreal Projects/passplz/Saved/Config/Windows/Engine.ini]
[2023.01.06-09.44.30:746][  0]LogConfig: Setting CVar [[s.MinBulkDataSizeForAsyncLoading:131072]]
[2023.01.06-09.44.30:746][  0]LogConfig: Setting CVar [[s.AsyncLoadingThreadEnabled:0]]
[2023.01.06-09.44.30:746][  0]LogConfig: Setting CVar [[s.EventDrivenLoaderEnabled:1]]
[2023.01.06-09.44.30:746][  0]LogConfig: Setting CVar [[s.WarnIfTimeLimitExceeded:0]]
[2023.01.06-09.44.30:746][  0]LogConfig: Setting CVar [[s.TimeLimitExceededMultiplier:1.5]]
[2023.01.06-09.44.30:746][  0]LogConfig: Setting CVar [[s.TimeLimitExceededMinTime:0.005]]
[2023.01.06-09.44.30:746][  0]LogConfig: Setting CVar [[s.UseBackgroundLevelStreaming:1]]
[2023.01.06-09.44.30:747][  0]LogConfig: Setting CVar [[s.PriorityAsyncLoadingExtraTime:15.0]]
[2023.01.06-09.44.30:747][  0]LogConfig: Setting CVar [[s.LevelStreamingActorsUpdateTimeLimit:5.0]]
[2023.01.06-09.44.30:747][  0]LogConfig: Setting CVar [[s.PriorityLevelStreamingActorsUpdateExtraTime:5.0]]
[2023.01.06-09.44.30:747][  0]LogConfig: Setting CVar [[s.LevelStreamingComponentsRegistrationGranularity:10]]
[2023.01.06-09.44.30:747][  0]LogConfig: Setting CVar [[s.UnregisterComponentsTimeLimit:1.0]]
[2023.01.06-09.44.30:747][  0]LogConfig: Setting CVar [[s.LevelStreamingComponentsUnregistrationGranularity:5]]
[2023.01.06-09.44.30:747][  0]LogConfig: Setting CVar [[s.FlushStreamingOnExit:1]]
[2023.01.06-09.44.30:747][  0]LogConfig: Applying CVar settings from Section [/Script/Engine.GarbageCollectionSettings] File [C:/Users/dounii/Documents/Unreal Projects/passplz/Saved/Config/Windows/Engine.ini]
[2023.01.06-09.44.30:747][  0]LogConfig: Setting CVar [[gc.MaxObjectsNotConsideredByGC:1]]
[2023.01.06-09.44.30:747][  0]LogConfig: Setting CVar [[gc.SizeOfPermanentObjectPool:0]]
[2023.01.06-09.44.30:747][  0]LogConfig: Setting CVar [[gc.FlushStreamingOnGC:0]]
[2023.01.06-09.44.30:747][  0]LogConfig: Setting CVar [[gc.NumRetriesBeforeForcingGC:10]]
[2023.01.06-09.44.30:747][  0]LogConfig: Setting CVar [[gc.AllowParallelGC:1]]
[2023.01.06-09.44.30:747][  0]LogConfig: Setting CVar [[gc.TimeBetweenPurgingPendingKillObjects:61.1]]
[2023.01.06-09.44.30:747][  0]LogConfig: Setting CVar [[gc.MaxObjectsInEditor:25165824]]
[2023.01.06-09.44.30:747][  0]LogConfig: Setting CVar [[gc.IncrementalBeginDestroyEnabled:1]]
[2023.01.06-09.44.30:747][  0]LogConfig: Setting CVar [[gc.CreateGCClusters:1]]
[2023.01.06-09.44.30:747][  0]LogConfig: Setting CVar [[gc.MinGCClusterSize:5]]
[2023.01.06-09.44.30:747][  0]LogConfig: Setting CVar [[gc.ActorClusteringEnabled:0]]
[2023.01.06-09.44.30:747][  0]LogConfig: Setting CVar [[gc.BlueprintClusteringEnabled:0]]
[2023.01.06-09.44.30:747][  0]LogConfig: Setting CVar [[gc.UseDisregardForGCOnDedicatedServers:0]]
[2023.01.06-09.44.30:747][  0]LogConfig: Setting CVar [[gc.MultithreadedDestructionEnabled:1]]
[2023.01.06-09.44.30:747][  0]LogConfig: Applying CVar settings from Section [/Script/Engine.NetworkSettings] File [C:/Users/dounii/Documents/Unreal Projects/passplz/Saved/Config/Windows/Engine.ini]
[2023.01.06-09.44.30:747][  0]LogConfig: Applying CVar settings from Section [/Script/UnrealEd.CookerSettings] File [C:/Users/dounii/Documents/Unreal Projects/passplz/Saved/Config/Windows/Engine.ini]
[2023.01.06-09.44.30:765][  0]LogConfig: Applying CVar settings from Section [ViewDistanceQuality@3] File [C:/Users/dounii/Documents/Unreal Projects/passplz/Saved/Config/Windows/Scalability.ini]
[2023.01.06-09.44.30:765][  0]LogConfig: Setting CVar [[r.SkeletalMeshLODBias:0]]
[2023.01.06-09.44.30:765][  0]LogConfig: Setting CVar [[r.ViewDistanceScale:1.0]]
[2023.01.06-09.44.30:765][  0]LogConfig: Applying CVar settings from Section [AntiAliasingQuality@3] File [C:/Users/dounii/Documents/Unreal Projects/passplz/Saved/Config/Windows/Scalability.ini]
[2023.01.06-09.44.30:765][  0]LogConfig: Setting CVar [[r.PostProcessAAQuality:4]]
[2023.01.06-09.44.30:765][  0]LogConfig: Applying CVar settings from Section [ShadowQuality@3] File [C:/Users/dounii/Documents/Unreal Projects/passplz/Saved/Config/Windows/Scalability.ini]
[2023.01.06-09.44.30:765][  0]LogConfig: Setting CVar [[r.LightFunctionQuality:1]]
[2023.01.06-09.44.30:765][  0]LogConfig: Setting CVar [[r.ShadowQuality:5]]
[2023.01.06-09.44.30:765][  0]LogConfig: Setting CVar [[r.Shadow.CSM.MaxCascades:10]]
[2023.01.06-09.44.30:765][  0]LogConfig: Setting CVar [[r.Shadow.MaxResolution:2048]]
[2023.01.06-09.44.30:765][  0]LogConfig: Setting CVar [[r.Shadow.MaxCSMResolution:2048]]
[2023.01.06-09.44.30:765][  0]LogConfig: Setting CVar [[r.Shadow.RadiusThreshold:0.01]]
[2023.01.06-09.44.30:765][  0]LogConfig: Setting CVar [[r.Shadow.DistanceScale:1.0]]
[2023.01.06-09.44.30:765][  0]LogConfig: Setting CVar [[r.Shadow.CSM.TransitionScale:1.0]]
[2023.01.06-09.44.30:765][  0]LogConfig: Setting CVar [[r.Shadow.PreShadowResolutionFactor:1.0]]
[2023.01.06-09.44.30:765][  0]LogConfig: Setting CVar [[r.DistanceFieldShadowing:1]]
[2023.01.06-09.44.30:765][  0]LogConfig: Setting CVar [[r.DistanceFieldAO:1]]
[2023.01.06-09.44.30:765][  0]LogConfig: Setting CVar [[r.AOQuality:2]]
[2023.01.06-09.44.30:765][  0]LogConfig: Setting CVar [[r.VolumetricFog:1]]
[2023.01.06-09.44.30:765][  0]LogConfig: Setting CVar [[r.VolumetricFog.GridPixelSize:8]]
[2023.01.06-09.44.30:765][  0]LogConfig: Setting CVar [[r.VolumetricFog.GridSizeZ:128]]
[2023.01.06-09.44.30:765][  0]LogConfig: Setting CVar [[r.VolumetricFog.HistoryMissSupersampleCount:4]]
[2023.01.06-09.44.30:765][  0]LogConfig: Setting CVar [[r.LightMaxDrawDistanceScale:1]]
[2023.01.06-09.44.30:765][  0]LogConfig: Setting CVar [[r.CapsuleShadows:1]]
[2023.01.06-09.44.30:765][  0]LogConfig: Applying CVar settings from Section [PostProcessQuality@3] File [C:/Users/dounii/Documents/Unreal Projects/passplz/Saved/Config/Windows/Scalability.ini]
[2023.01.06-09.44.30:765][  0]LogConfig: Setting CVar [[r.MotionBlurQuality:4]]
[2023.01.06-09.44.30:765][  0]LogConfig: Setting CVar [[r.AmbientOcclusionMipLevelFactor:0.4]]
[2023.01.06-09.44.30:765][  0]LogConfig: Setting CVar [[r.AmbientOcclusionMaxQuality:100]]
[2023.01.06-09.44.30:765][  0]LogConfig: Setting CVar [[r.AmbientOcclusionLevels:-1]]
[2023.01.06-09.44.30:765][  0]LogConfig: Setting CVar [[r.AmbientOcclusionRadiusScale:1.0]]
[2023.01.06-09.44.30:765][  0]LogConfig: Setting CVar [[r.DepthOfFieldQuality:2]]
[2023.01.06-09.44.30:765][  0]LogConfig: Setting CVar [[r.RenderTargetPoolMin:400]]
[2023.01.06-09.44.30:765][  0]LogConfig: Setting CVar [[r.LensFlareQuality:2]]
[2023.01.06-09.44.30:765][  0]LogConfig: Setting CVar [[r.SceneColorFringeQuality:1]]
[2023.01.06-09.44.30:765][  0]LogConfig: Setting CVar [[r.EyeAdaptationQuality:2]]
[2023.01.06-09.44.30:765][  0]LogConfig: Setting CVar [[r.BloomQuality:5]]
[2023.01.06-09.44.30:765][  0]LogConfig: Setting CVar [[r.FastBlurThreshold:100]]
[2023.01.06-09.44.30:765][  0]LogConfig: Setting CVar [[r.Upscale.Quality:3]]
[2023.01.06-09.44.30:765][  0]LogConfig: Setting CVar [[r.Tonemapper.GrainQuantization:1]]
[2023.01.06-09.44.30:765][  0]LogConfig: Setting CVar [[r.LightShaftQuality:1]]
[2023.01.06-09.44.30:765][  0]LogConfig: Setting CVar [[r.Filter.SizeScale:1]]
[2023.01.06-09.44.30:765][  0]LogConfig: Setting CVar [[r.Tonemapper.Quality:5]]
[2023.01.06-09.44.30:765][  0]LogConfig: Setting CVar [[r.DOF.Gather.AccumulatorQuality:1        ; higher gathering accumulator quality]]
[2023.01.06-09.44.30:765][  0]LogConfig: Setting CVar [[r.DOF.Gather.PostfilterMethod:1          ; Median3x3 postfilering method]]
[2023.01.06-09.44.30:765][  0]LogConfig: Setting CVar [[r.DOF.Gather.EnableBokehSettings:0       ; no bokeh simulation when gathering]]
[2023.01.06-09.44.30:765][  0]LogConfig: Setting CVar [[r.DOF.Gather.RingCount:4                 ; medium number of samples when gathering]]
[2023.01.06-09.44.30:765][  0]LogConfig: Setting CVar [[r.DOF.Scatter.ForegroundCompositing:1    ; additive foreground scattering]]
[2023.01.06-09.44.30:765][  0]LogConfig: Setting CVar [[r.DOF.Scatter.BackgroundCompositing:2    ; additive background scattering]]
[2023.01.06-09.44.30:765][  0]LogConfig: Setting CVar [[r.DOF.Scatter.EnableBokehSettings:1      ; bokeh simulation when scattering]]
[2023.01.06-09.44.30:765][  0]LogConfig: Setting CVar [[r.DOF.Scatter.MaxSpriteRatio:0.1         ; only a maximum of 10% of scattered bokeh]]
[2023.01.06-09.44.30:765][  0]LogConfig: Setting CVar [[r.DOF.Recombine.Quality:1                ; cheap slight out of focus]]
[2023.01.06-09.44.30:765][  0]LogConfig: Setting CVar [[r.DOF.Recombine.EnableBokehSettings:0    ; no bokeh simulation on slight out of focus]]
[2023.01.06-09.44.30:765][  0]LogConfig: Setting CVar [[r.DOF.TemporalAAQuality:1                ; more stable temporal accumulation]]
[2023.01.06-09.44.30:765][  0]LogConfig: Setting CVar [[r.DOF.Kernel.MaxForegroundRadius:0.025]]
[2023.01.06-09.44.30:765][  0]LogConfig: Setting CVar [[r.DOF.Kernel.MaxBackgroundRadius:0.025]]
[2023.01.06-09.44.30:765][  0]LogConfig: Applying CVar settings from Section [TextureQuality@3] File [C:/Users/dounii/Documents/Unreal Projects/passplz/Saved/Config/Windows/Scalability.ini]
[2023.01.06-09.44.30:765][  0]LogConfig: Setting CVar [[r.Streaming.MipBias:0]]
[2023.01.06-09.44.30:765][  0]LogConfig: Setting CVar [[r.Streaming.AmortizeCPUToGPUCopy:0]]
[2023.01.06-09.44.30:765][  0]LogConfig: Setting CVar [[r.Streaming.MaxNumTexturesToStreamPerFrame:0]]
[2023.01.06-09.44.30:765][  0]LogConfig: Setting CVar [[r.Streaming.Boost:1]]
[2023.01.06-09.44.30:765][  0]LogConfig: Setting CVar [[r.MaxAnisotropy:8]]
[2023.01.06-09.44.30:765][  0]LogConfig: Setting CVar [[r.VT.MaxAnisotropy:8]]
[2023.01.06-09.44.30:765][  0]LogConfig: Setting CVar [[r.Streaming.LimitPoolSizeToVRAM:0]]
[2023.01.06-09.44.30:765][  0]LogConfig: Setting CVar [[r.Streaming.PoolSize:1000]]
[2023.01.06-09.44.30:765][  0]LogConfig: Setting CVar [[r.Streaming.MaxEffectiveScreenSize:0]]
[2023.01.06-09.44.30:765][  0]LogConfig: Applying CVar settings from Section [EffectsQuality@3] File [C:/Users/dounii/Documents/Unreal Projects/passplz/Saved/Config/Windows/Scalability.ini]
[2023.01.06-09.44.30:766][  0]LogConfig: Setting CVar [[r.TranslucencyLightingVolumeDim:64]]
[2023.01.06-09.44.30:766][  0]LogConfig: Setting CVar [[r.RefractionQuality:2]]
[2023.01.06-09.44.30:766][  0]LogConfig: Setting CVar [[r.SSR.Quality:3]]
[2023.01.06-09.44.30:766][  0]LogConfig: Setting CVar [[r.SSR.HalfResSceneColor:0]]
[2023.01.06-09.44.30:766][  0]LogConfig: Setting CVar [[r.SceneColorFormat:4]]
[2023.01.06-09.44.30:766][  0]LogConfig: Setting CVar [[r.DetailMode:2]]
[2023.01.06-09.44.30:766][  0]LogConfig: Setting CVar [[r.TranslucencyVolumeBlur:1]]
[2023.01.06-09.44.30:766][  0]LogConfig: Setting CVar [[r.MaterialQualityLevel:1 ; High quality]]
[2023.01.06-09.44.30:766][  0]LogConfig: Setting CVar [[r.AnisotropicMaterials:1]]
[2023.01.06-09.44.30:766][  0]LogConfig: Setting CVar [[r.SSS.Scale:1]]
[2023.01.06-09.44.30:766][  0]LogConfig: Setting CVar [[r.SSS.SampleSet:2]]
[2023.01.06-09.44.30:766][  0]LogConfig: Setting CVar [[r.SSS.Quality:1]]
[2023.01.06-09.44.30:766][  0]LogConfig: Setting CVar [[r.SSS.HalfRes:0]]
[2023.01.06-09.44.30:766][  0]LogConfig: Setting CVar [[r.SSGI.Quality:3]]
[2023.01.06-09.44.30:766][  0]LogConfig: Setting CVar [[r.EmitterSpawnRateScale:1.0]]
[2023.01.06-09.44.30:766][  0]LogConfig: Setting CVar [[r.ParticleLightQuality:2]]
[2023.01.06-09.44.30:766][  0]LogConfig: Setting CVar [[r.SkyAtmosphere.AerialPerspectiveLUT.FastApplyOnOpaque:1 ; Always have FastSkyLUT 1 in this case to avoid wrong sky]]
[2023.01.06-09.44.30:766][  0]LogConfig: Setting CVar [[r.SkyAtmosphere.AerialPerspectiveLUT.SampleCountMaxPerSlice:4]]
[2023.01.06-09.44.30:766][  0]LogConfig: Setting CVar [[r.SkyAtmosphere.AerialPerspectiveLUT.DepthResolution:16.0]]
[2023.01.06-09.44.30:766][  0]LogConfig: Setting CVar [[r.SkyAtmosphere.FastSkyLUT:1]]
[2023.01.06-09.44.30:766][  0]LogConfig: Setting CVar [[r.SkyAtmosphere.FastSkyLUT.SampleCountMin:4.0]]
[2023.01.06-09.44.30:766][  0]LogConfig: Setting CVar [[r.SkyAtmosphere.FastSkyLUT.SampleCountMax:128.0]]
[2023.01.06-09.44.30:766][  0]LogConfig: Setting CVar [[r.SkyAtmosphere.SampleCountMin:4.0]]
[2023.01.06-09.44.30:766][  0]LogConfig: Setting CVar [[r.SkyAtmosphere.SampleCountMax:128.0]]
[2023.01.06-09.44.30:766][  0]LogConfig: Setting CVar [[r.SkyAtmosphere.TransmittanceLUT.UseSmallFormat:0]]
[2023.01.06-09.44.30:766][  0]LogConfig: Setting CVar [[r.SkyAtmosphere.TransmittanceLUT.SampleCount:10.0]]
[2023.01.06-09.44.30:766][  0]LogConfig: Setting CVar [[r.SkyAtmosphere.MultiScatteringLUT.SampleCount:15.0]]
[2023.01.06-09.44.30:766][  0]LogConfig: Setting CVar [[r.SkyLight.RealTimeReflectionCapture:1]]
[2023.01.06-09.44.30:766][  0]LogConfig: Setting CVar [[fx.Niagara.QualityLevel:3]]
[2023.01.06-09.44.30:766][  0]LogConfig: Applying CVar settings from Section [FoliageQuality@3] File [C:/Users/dounii/Documents/Unreal Projects/passplz/Saved/Config/Windows/Scalability.ini]
[2023.01.06-09.44.30:766][  0]LogConfig: Setting CVar [[foliage.DensityScale:1.0]]
[2023.01.06-09.44.30:766][  0]LogConfig: Setting CVar [[grass.DensityScale:1.0]]
[2023.01.06-09.44.30:766][  0]LogConfig: Applying CVar settings from Section [ShadingQuality@3] File [C:/Users/dounii/Documents/Unreal Projects/passplz/Saved/Config/Windows/Scalability.ini]
[2023.01.06-09.44.30:766][  0]LogConfig: Setting CVar [[r.HairStrands.SkyLighting.IntegrationType:2]]
[2023.01.06-09.44.30:766][  0]LogConfig: Setting CVar [[r.HairStrands.SkyAO.SampleCount:4]]
[2023.01.06-09.44.30:766][  0]LogConfig: Setting CVar [[r.HairStrands.Visibility.MSAA.SamplePerPixel:4]]
[2023.01.06-09.44.30:766][  0]LogConfig: Setting CVar [[r.HairStrands.Interpolation.UseSingleGuide:0]]
[2023.01.06-09.44.30:766][  0]LogInit: Selected Device Profile: [Windows]
[2023.01.06-09.44.30:766][  0]LogInit: Applying CVar settings loaded from the selected device profile: [Windows]
[2023.01.06-09.44.30:766][  0]LogHAL: Display: Platform has ~ 16 GB [16542048256 / 17179869184 / 16], which maps to Larger [LargestMinGB=32, LargerMinGB=12, DefaultMinGB=8, SmallerMinGB=6, SmallestMinGB=0)
[2023.01.06-09.44.30:766][  0]LogInit: Going up to parent DeviceProfile []
[2023.01.06-09.44.30:766][  0]LogConfig: Applying CVar settings from Section [ViewDistanceQuality@3] File [C:/Users/dounii/Documents/Unreal Projects/passplz/Saved/Config/Windows/Scalability.ini]
[2023.01.06-09.44.30:766][  0]LogConfig: Setting CVar [[r.SkeletalMeshLODBias:0]]
[2023.01.06-09.44.30:766][  0]LogConfig: Setting CVar [[r.ViewDistanceScale:1.0]]
[2023.01.06-09.44.30:766][  0]LogConfig: Applying CVar settings from Section [AntiAliasingQuality@3] File [C:/Users/dounii/Documents/Unreal Projects/passplz/Saved/Config/Windows/Scalability.ini]
[2023.01.06-09.44.30:766][  0]LogConfig: Setting CVar [[r.PostProcessAAQuality:4]]
[2023.01.06-09.44.30:766][  0]LogConfig: Applying CVar settings from Section [ShadowQuality@3] File [C:/Users/dounii/Documents/Unreal Projects/passplz/Saved/Config/Windows/Scalability.ini]
[2023.01.06-09.44.30:766][  0]LogConfig: Setting CVar [[r.LightFunctionQuality:1]]
[2023.01.06-09.44.30:766][  0]LogConfig: Setting CVar [[r.ShadowQuality:5]]
[2023.01.06-09.44.30:766][  0]LogConfig: Setting CVar [[r.Shadow.CSM.MaxCascades:10]]
[2023.01.06-09.44.30:766][  0]LogConfig: Setting CVar [[r.Shadow.MaxResolution:2048]]
[2023.01.06-09.44.30:766][  0]LogConfig: Setting CVar [[r.Shadow.MaxCSMResolution:2048]]
[2023.01.06-09.44.30:766][  0]LogConfig: Setting CVar [[r.Shadow.RadiusThreshold:0.01]]
[2023.01.06-09.44.30:766][  0]LogConfig: Setting CVar [[r.Shadow.DistanceScale:1.0]]
[2023.01.06-09.44.30:766][  0]LogConfig: Setting CVar [[r.Shadow.CSM.TransitionScale:1.0]]
[2023.01.06-09.44.30:766][  0]LogConfig: Setting CVar [[r.Shadow.PreShadowResolutionFactor:1.0]]
[2023.01.06-09.44.30:766][  0]LogConfig: Setting CVar [[r.DistanceFieldShadowing:1]]
[2023.01.06-09.44.30:766][  0]LogConfig: Setting CVar [[r.DistanceFieldAO:1]]
[2023.01.06-09.44.30:766][  0]LogConfig: Setting CVar [[r.AOQuality:2]]
[2023.01.06-09.44.30:766][  0]LogConfig: Setting CVar [[r.VolumetricFog:1]]
[2023.01.06-09.44.30:766][  0]LogConfig: Setting CVar [[r.VolumetricFog.GridPixelSize:8]]
[2023.01.06-09.44.30:766][  0]LogConfig: Setting CVar [[r.VolumetricFog.GridSizeZ:128]]
[2023.01.06-09.44.30:766][  0]LogConfig: Setting CVar [[r.VolumetricFog.HistoryMissSupersampleCount:4]]
[2023.01.06-09.44.30:766][  0]LogConfig: Setting CVar [[r.LightMaxDrawDistanceScale:1]]
[2023.01.06-09.44.30:766][  0]LogConfig: Setting CVar [[r.CapsuleShadows:1]]
[2023.01.06-09.44.30:766][  0]LogConfig: Applying CVar settings from Section [PostProcessQuality@3] File [C:/Users/dounii/Documents/Unreal Projects/passplz/Saved/Config/Windows/Scalability.ini]
[2023.01.06-09.44.30:766][  0]LogConfig: Setting CVar [[r.MotionBlurQuality:4]]
[2023.01.06-09.44.30:766][  0]LogConfig: Setting CVar [[r.AmbientOcclusionMipLevelFactor:0.4]]
[2023.01.06-09.44.30:766][  0]LogConfig: Setting CVar [[r.AmbientOcclusionMaxQuality:100]]
[2023.01.06-09.44.30:766][  0]LogConfig: Setting CVar [[r.AmbientOcclusionLevels:-1]]
[2023.01.06-09.44.30:766][  0]LogConfig: Setting CVar [[r.AmbientOcclusionRadiusScale:1.0]]
[2023.01.06-09.44.30:766][  0]LogConfig: Setting CVar [[r.DepthOfFieldQuality:2]]
[2023.01.06-09.44.30:766][  0]LogConfig: Setting CVar [[r.RenderTargetPoolMin:400]]
[2023.01.06-09.44.30:766][  0]LogConfig: Setting CVar [[r.LensFlareQuality:2]]
[2023.01.06-09.44.30:766][  0]LogConfig: Setting CVar [[r.SceneColorFringeQuality:1]]
[2023.01.06-09.44.30:766][  0]LogConfig: Setting CVar [[r.EyeAdaptationQuality:2]]
[2023.01.06-09.44.30:766][  0]LogConfig: Setting CVar [[r.BloomQuality:5]]
[2023.01.06-09.44.30:766][  0]LogConfig: Setting CVar [[r.FastBlurThreshold:100]]
[2023.01.06-09.44.30:766][  0]LogConfig: Setting CVar [[r.Upscale.Quality:3]]
[2023.01.06-09.44.30:766][  0]LogConfig: Setting CVar [[r.Tonemapper.GrainQuantization:1]]
[2023.01.06-09.44.30:766][  0]LogConfig: Setting CVar [[r.LightShaftQuality:1]]
[2023.01.06-09.44.30:766][  0]LogConfig: Setting CVar [[r.Filter.SizeScale:1]]
[2023.01.06-09.44.30:766][  0]LogConfig: Setting CVar [[r.Tonemapper.Quality:5]]
[2023.01.06-09.44.30:766][  0]LogConfig: Setting CVar [[r.DOF.Gather.AccumulatorQuality:1        ; higher gathering accumulator quality]]
[2023.01.06-09.44.30:766][  0]LogConfig: Setting CVar [[r.DOF.Gather.PostfilterMethod:1          ; Median3x3 postfilering method]]
[2023.01.06-09.44.30:766][  0]LogConfig: Setting CVar [[r.DOF.Gather.EnableBokehSettings:0       ; no bokeh simulation when gathering]]
[2023.01.06-09.44.30:766][  0]LogConfig: Setting CVar [[r.DOF.Gather.RingCount:4                 ; medium number of samples when gathering]]
[2023.01.06-09.44.30:766][  0]LogConfig: Setting CVar [[r.DOF.Scatter.ForegroundCompositing:1    ; additive foreground scattering]]
[2023.01.06-09.44.30:766][  0]LogConfig: Setting CVar [[r.DOF.Scatter.BackgroundCompositing:2    ; additive background scattering]]
[2023.01.06-09.44.30:766][  0]LogConfig: Setting CVar [[r.DOF.Scatter.EnableBokehSettings:1      ; bokeh simulation when scattering]]
[2023.01.06-09.44.30:766][  0]LogConfig: Setting CVar [[r.DOF.Scatter.MaxSpriteRatio:0.1         ; only a maximum of 10% of scattered bokeh]]
[2023.01.06-09.44.30:766][  0]LogConfig: Setting CVar [[r.DOF.Recombine.Quality:1                ; cheap slight out of focus]]
[2023.01.06-09.44.30:766][  0]LogConfig: Setting CVar [[r.DOF.Recombine.EnableBokehSettings:0    ; no bokeh simulation on slight out of focus]]
[2023.01.06-09.44.30:766][  0]LogConfig: Setting CVar [[r.DOF.TemporalAAQuality:1                ; more stable temporal accumulation]]
[2023.01.06-09.44.30:766][  0]LogConfig: Setting CVar [[r.DOF.Kernel.MaxForegroundRadius:0.025]]
[2023.01.06-09.44.30:766][  0]LogConfig: Setting CVar [[r.DOF.Kernel.MaxBackgroundRadius:0.025]]
[2023.01.06-09.44.30:766][  0]LogConfig: Applying CVar settings from Section [TextureQuality@3] File [C:/Users/dounii/Documents/Unreal Projects/passplz/Saved/Config/Windows/Scalability.ini]
[2023.01.06-09.44.30:766][  0]LogConfig: Setting CVar [[r.Streaming.MipBias:0]]
[2023.01.06-09.44.30:766][  0]LogConfig: Setting CVar [[r.Streaming.AmortizeCPUToGPUCopy:0]]
[2023.01.06-09.44.30:766][  0]LogConfig: Setting CVar [[r.Streaming.MaxNumTexturesToStreamPerFrame:0]]
[2023.01.06-09.44.30:766][  0]LogConfig: Setting CVar [[r.Streaming.Boost:1]]
[2023.01.06-09.44.30:766][  0]LogConfig: Setting CVar [[r.MaxAnisotropy:8]]
[2023.01.06-09.44.30:766][  0]LogConfig: Setting CVar [[r.VT.MaxAnisotropy:8]]
[2023.01.06-09.44.30:767][  0]LogConfig: Setting CVar [[r.Streaming.LimitPoolSizeToVRAM:0]]
[2023.01.06-09.44.30:767][  0]LogConfig: Setting CVar [[r.Streaming.PoolSize:1000]]
[2023.01.06-09.44.30:767][  0]LogConfig: Setting CVar [[r.Streaming.MaxEffectiveScreenSize:0]]
[2023.01.06-09.44.30:767][  0]LogConfig: Applying CVar settings from Section [EffectsQuality@3] File [C:/Users/dounii/Documents/Unreal Projects/passplz/Saved/Config/Windows/Scalability.ini]
[2023.01.06-09.44.30:767][  0]LogConfig: Setting CVar [[r.TranslucencyLightingVolumeDim:64]]
[2023.01.06-09.44.30:767][  0]LogConfig: Setting CVar [[r.RefractionQuality:2]]
[2023.01.06-09.44.30:767][  0]LogConfig: Setting CVar [[r.SSR.Quality:3]]
[2023.01.06-09.44.30:767][  0]LogConfig: Setting CVar [[r.SSR.HalfResSceneColor:0]]
[2023.01.06-09.44.30:767][  0]LogConfig: Setting CVar [[r.SceneColorFormat:4]]
[2023.01.06-09.44.30:767][  0]LogConfig: Setting CVar [[r.DetailMode:2]]
[2023.01.06-09.44.30:767][  0]LogConfig: Setting CVar [[r.TranslucencyVolumeBlur:1]]
[2023.01.06-09.44.30:767][  0]LogConfig: Setting CVar [[r.MaterialQualityLevel:1 ; High quality]]
[2023.01.06-09.44.30:767][  0]LogConfig: Setting CVar [[r.AnisotropicMaterials:1]]
[2023.01.06-09.44.30:767][  0]LogConfig: Setting CVar [[r.SSS.Scale:1]]
[2023.01.06-09.44.30:767][  0]LogConfig: Setting CVar [[r.SSS.SampleSet:2]]
[2023.01.06-09.44.30:767][  0]LogConfig: Setting CVar [[r.SSS.Quality:1]]
[2023.01.06-09.44.30:767][  0]LogConfig: Setting CVar [[r.SSS.HalfRes:0]]
[2023.01.06-09.44.30:767][  0]LogConfig: Setting CVar [[r.SSGI.Quality:3]]
[2023.01.06-09.44.30:767][  0]LogConfig: Setting CVar [[r.EmitterSpawnRateScale:1.0]]
[2023.01.06-09.44.30:767][  0]LogConfig: Setting CVar [[r.ParticleLightQuality:2]]
[2023.01.06-09.44.30:767][  0]LogConfig: Setting CVar [[r.SkyAtmosphere.AerialPerspectiveLUT.FastApplyOnOpaque:1 ; Always have FastSkyLUT 1 in this case to avoid wrong sky]]
[2023.01.06-09.44.30:767][  0]LogConfig: Setting CVar [[r.SkyAtmosphere.AerialPerspectiveLUT.SampleCountMaxPerSlice:4]]
[2023.01.06-09.44.30:767][  0]LogConfig: Setting CVar [[r.SkyAtmosphere.AerialPerspectiveLUT.DepthResolution:16.0]]
[2023.01.06-09.44.30:767][  0]LogConfig: Setting CVar [[r.SkyAtmosphere.FastSkyLUT:1]]
[2023.01.06-09.44.30:767][  0]LogConfig: Setting CVar [[r.SkyAtmosphere.FastSkyLUT.SampleCountMin:4.0]]
[2023.01.06-09.44.30:767][  0]LogConfig: Setting CVar [[r.SkyAtmosphere.FastSkyLUT.SampleCountMax:128.0]]
[2023.01.06-09.44.30:767][  0]LogConfig: Setting CVar [[r.SkyAtmosphere.SampleCountMin:4.0]]
[2023.01.06-09.44.30:767][  0]LogConfig: Setting CVar [[r.SkyAtmosphere.SampleCountMax:128.0]]
[2023.01.06-09.44.30:767][  0]LogConfig: Setting CVar [[r.SkyAtmosphere.TransmittanceLUT.UseSmallFormat:0]]
[2023.01.06-09.44.30:767][  0]LogConfig: Setting CVar [[r.SkyAtmosphere.TransmittanceLUT.SampleCount:10.0]]
[2023.01.06-09.44.30:767][  0]LogConfig: Setting CVar [[r.SkyAtmosphere.MultiScatteringLUT.SampleCount:15.0]]
[2023.01.06-09.44.30:767][  0]LogConfig: Setting CVar [[r.SkyLight.RealTimeReflectionCapture:1]]
[2023.01.06-09.44.30:767][  0]LogConfig: Setting CVar [[fx.Niagara.QualityLevel:3]]
[2023.01.06-09.44.30:767][  0]LogConfig: Applying CVar settings from Section [FoliageQuality@3] File [C:/Users/dounii/Documents/Unreal Projects/passplz/Saved/Config/Windows/Scalability.ini]
[2023.01.06-09.44.30:767][  0]LogConfig: Setting CVar [[foliage.DensityScale:1.0]]
[2023.01.06-09.44.30:767][  0]LogConfig: Setting CVar [[grass.DensityScale:1.0]]
[2023.01.06-09.44.30:767][  0]LogConfig: Applying CVar settings from Section [ShadingQuality@3] File [C:/Users/dounii/Documents/Unreal Projects/passplz/Saved/Config/Windows/Scalability.ini]
[2023.01.06-09.44.30:767][  0]LogConfig: Setting CVar [[r.HairStrands.SkyLighting.IntegrationType:2]]
[2023.01.06-09.44.30:767][  0]LogConfig: Setting CVar [[r.HairStrands.SkyAO.SampleCount:4]]
[2023.01.06-09.44.30:767][  0]LogConfig: Setting CVar [[r.HairStrands.Visibility.MSAA.SamplePerPixel:4]]
[2023.01.06-09.44.30:767][  0]LogConfig: Setting CVar [[r.HairStrands.Interpolation.UseSingleGuide:0]]
[2023.01.06-09.44.30:767][  0]LogConfig: Applying CVar settings from Section [Startup] File [../../../Engine/Config/ConsoleVariables.ini]
[2023.01.06-09.44.30:767][  0]LogConfig: Setting CVar [[net.UseAdaptiveNetUpdateFrequency:0]]
[2023.01.06-09.44.30:767][  0]LogConfig: Setting CVar [[p.chaos.AllowCreatePhysxBodies:1]]
[2023.01.06-09.44.30:767][  0]LogConfig: Setting CVar [[fx.SkipVectorVMBackendOptimizations:1]]
[2023.01.06-09.44.30:767][  0]LogConfig: Applying CVar settings from Section [ConsoleVariables] File [C:/Users/dounii/Documents/Unreal Projects/passplz/Saved/Config/Windows/Engine.ini]
[2023.01.06-09.44.30:767][  0]LogConfig: Applying CVar settings from Section [ConsoleVariables] File [C:/Users/dounii/Documents/Unreal Projects/passplz/Saved/Config/Windows/Editor.ini]
[2023.01.06-09.44.30:767][  0]LogInit: Computer: DESKTOP-MK6DA98
[2023.01.06-09.44.30:767][  0]LogInit: User: dounii
[2023.01.06-09.44.30:767][  0]LogInit: CPU Page size=4096, Cores=8
[2023.01.06-09.44.30:767][  0]LogInit: High frequency timer resolution =10.000000 MHz
[2023.01.06-09.44.30:767][  0]LogMemory: Memory total: Physical=15.4GB (16GB approx)
[2023.01.06-09.44.30:767][  0]LogMemory: Platform Memory Stats for Windows
[2023.01.06-09.44.30:767][  0]LogMemory: Process Physical Memory: 151.09 MB used, 151.09 MB peak
[2023.01.06-09.44.30:767][  0]LogMemory: Process Virtual Memory: 122.11 MB used, 122.11 MB peak
[2023.01.06-09.44.30:767][  0]LogMemory: Physical Memory: 6717.59 MB used,  9058.13 MB free, 15775.73 MB total
[2023.01.06-09.44.30:767][  0]LogMemory: Virtual Memory: 134209696.00 MB used,  8035.23 MB free, 134217728.00 MB total
[2023.01.06-09.44.30:781][  0]LogWindows: WindowsPlatformFeatures enabled
[2023.01.06-09.44.30:914][  0]LogInit: Physics initialised using underlying interface: PhysX
[2023.01.06-09.44.30:915][  0]LogInit: Overriding language with editor language configuration option (en).
[2023.01.06-09.44.30:915][  0]LogInit: Using OS detected locale (ko-KR).
[2023.01.06-09.44.31:097][  0]LogInit: Setting process to per monitor DPI aware
[2023.01.06-09.44.31:136][  0]LogWindowsTextInputMethodSystem: Display: IME system deactivated.
[2023.01.06-09.44.31:159][  0]LogSlate: New Slate User Created.  User Index 0, Is Virtual User: 0
[2023.01.06-09.44.31:159][  0]LogSlate: Slate User Registered.  User Index 0, Is Virtual User: 0
[2023.01.06-09.44.31:430][  0]LogD3D12RHI: Aftermath initialized
[2023.01.06-09.44.31:430][  0]LogD3D12RHI: Loading WinPixEventRuntime.dll for PIX profiling (from ../../../Engine/Binaries/ThirdParty/Windows/WinPixEventRuntime/x64).
[2023.01.06-09.44.31:497][  0]LogHMD: Failed to initialize OpenVR with code 110
[2023.01.06-09.44.31:816][  0]LogD3D12RHI: Found D3D12 adapter 0: NVIDIA GeForce RTX 3050 Laptop GPU (Max supported Feature Level 12_1)
[2023.01.06-09.44.31:816][  0]LogD3D12RHI: Adapter has 3991MB of dedicated video memory, 0MB of dedicated system memory, and 7887MB of shared system memory, 1 output[s]
[2023.01.06-09.44.32:009][  0]LogD3D12RHI: Found D3D12 adapter 1: AMD Radeon(TM) Graphics (Max supported Feature Level 12_1)
[2023.01.06-09.44.32:009][  0]LogD3D12RHI: Adapter has 496MB of dedicated video memory, 0MB of dedicated system memory, and 7887MB of shared system memory, 0 output[s]
[2023.01.06-09.44.32:021][  0]LogD3D12RHI: Found D3D12 adapter 2: Microsoft Basic Render Driver (Max supported Feature Level 12_1)
[2023.01.06-09.44.32:021][  0]LogD3D12RHI: Adapter has 0MB of dedicated video memory, 0MB of dedicated system memory, and 7887MB of shared system memory, 0 output[s]
[2023.01.06-09.44.32:247][  0]LogD3D12RHI: Found D3D12 adapter 3: AMD Radeon(TM) Graphics (Max supported Feature Level 12_1)
[2023.01.06-09.44.32:247][  0]LogD3D12RHI: Adapter has 496MB of dedicated video memory, 0MB of dedicated system memory, and 7887MB of shared system memory, 0 output[s]
[2023.01.06-09.44.32:247][  0]LogD3D12RHI: Forcing D3D12.AsyncDeferredDeletion=0 as a workaround for a deadlock.
[2023.01.06-09.44.32:247][  0]LogD3D12RHI: Chosen D3D12 Adapter Id = 0
[2023.01.06-09.44.32:257][  0]LogD3D12RHI: InitD3DDevice: -D3DDebug = off -D3D12GPUValidation = off
[2023.01.06-09.44.32:257][  0]LogD3D12RHI: Emitting draw events for PIX profiling.
[2023.01.06-09.44.32:405][  0]LogD3D12RHI: The system supports ID3D12Device1.
[2023.01.06-09.44.32:405][  0]LogD3D12RHI: The system supports ID3D12Device2.
[2023.01.06-09.44.32:405][  0]LogD3D12RHI: The system supports ID3D12Device5.
[2023.01.06-09.44.32:405][  0]LogD3D12RHI: The system supports ID3D12Device7.
[2023.01.06-09.44.32:405][  0]LogD3D12RHI: D3D12 ray tracing 1.0 is supported.
[2023.01.06-09.44.32:405][  0]LogD3D12RHI: D3D12 ray tracing 1.1 is supported.
[2023.01.06-09.44.32:520][  0]LogD3D12RHI: [GPUBreadCrumb] Successfully setup breadcrumb resource for 3D Queue 0
[2023.01.06-09.44.32:532][  0]LogD3D12RHI: [GPUBreadCrumb] Successfully setup breadcrumb resource for Copy Queue 0
[2023.01.06-09.44.32:588][  0]LogD3D12RHI: [GPUBreadCrumb] Successfully setup breadcrumb resource for Compute Queue 0
[2023.01.06-09.44.32:604][  0]LogD3D12RHI: Display: Not using pipeline state disk cache per r.D3D12.PSO.DiskCache=0
[2023.01.06-09.44.32:604][  0]LogD3D12RHI: Display: Not using driver-optimized pipeline state disk cache per r.D3D12.PSO.DriverOptimizedDiskCache=0
[2023.01.06-09.44.32:762][  0]LogD3D12RHI:     GPU DeviceId: 0x25a2 (for the marketing name, search the web for "GPU Device Id")
[2023.01.06-09.44.32:762][  0]LogWindows: EnumDisplayDevices:
[2023.01.06-09.44.32:762][  0]LogWindows:    0. 'AMD Radeon(TM) Graphics' (P:1 D:1)
[2023.01.06-09.44.32:765][  0]LogWindows:    1. 'AMD Radeon(TM) Graphics' (P:0 D:0)
[2023.01.06-09.44.32:767][  0]LogWindows:    2. 'AMD Radeon(TM) Graphics' (P:0 D:0)
[2023.01.06-09.44.32:769][  0]LogWindows:    3. 'LuminonCore IDDCX Adapter' (P:0 D:0)
[2023.01.06-09.44.32:770][  0]LogWindows:    4. 'LuminonCore IDDCX Adapter' (P:0 D:0)
[2023.01.06-09.44.32:772][  0]LogWindows:    5. 'LuminonCore IDDCX Adapter' (P:0 D:0)
[2023.01.06-09.44.32:773][  0]LogWindows:    6. 'LuminonCore IDDCX Adapter' (P:0 D:0)
[2023.01.06-09.44.32:774][  0]LogWindows:    7. 'LuminonCore IDDCX Adapter' (P:0 D:0)
[2023.01.06-09.44.32:776][  0]LogWindows:    8. 'LuminonCore IDDCX Adapter' (P:0 D:0)
[2023.01.06-09.44.32:777][  0]LogWindows:    9. 'LuminonCore IDDCX Adapter' (P:0 D:0)
[2023.01.06-09.44.32:778][  0]LogWindows:    10. 'LuminonCore IDDCX Adapter' (P:0 D:0)
[2023.01.06-09.44.32:780][  0]LogWindows:    11. 'LuminonCore IDDCX Adapter' (P:0 D:0)
[2023.01.06-09.44.32:781][  0]LogWindows:    12. 'LuminonCore IDDCX Adapter' (P:0 D:0)
[2023.01.06-09.44.32:783][  0]LogWindows:    13. 'LuminonCore IDDCX Adapter' (P:0 D:0)
[2023.01.06-09.44.32:784][  0]LogWindows:    14. 'LuminonCore IDDCX Adapter' (P:0 D:0)
[2023.01.06-09.44.32:785][  0]LogWindows:    15. 'LuminonCore IDDCX Adapter' (P:0 D:0)
[2023.01.06-09.44.32:787][  0]LogWindows:    16. 'LuminonCore IDDCX Adapter' (P:0 D:0)
[2023.01.06-09.44.32:788][  0]LogWindows:    17. 'LuminonCore IDDCX Adapter' (P:0 D:0)
[2023.01.06-09.44.32:790][  0]LogWindows:    18. 'LuminonCore IDDCX Adapter' (P:0 D:0)
[2023.01.06-09.44.32:791][  0]LogWindows: DebugString: PrimaryIsNotTheChoosenAdapter PrimaryIsNotTheChoosenAdapter PrimaryIsNotTheChoosenAdapter GetVideoDriverDetailsInvalid PrimaryIsNotTheChoosenAdapter GetVideoDriverDetailsInvalid PrimaryIsNotTheChoosenAdapter GetVideoDriverDetailsInvalid PrimaryIsNotTheChoosenAdapter GetVideoDriverDetailsInvalid PrimaryIsNotTheChoosenAdapter GetVideoDriverDetailsInvalid PrimaryIsNotTheChoosenAdapter GetVideoDriverDetailsInvalid PrimaryIsNotTheChoosenAdapter GetVideoDriverDetailsInvalid PrimaryIsNotTheChoosenAdapter GetVideoDriverDetailsInvalid PrimaryIsNotTheChoosenAdapter GetVideoDriverDetailsInvalid PrimaryIsNotTheChoosenAdapter GetVideoDriverDetailsInvalid PrimaryIsNotTheChoosenAdapter GetVideoDriverDetailsInvalid PrimaryIsNotTheChoosenAdapter GetVideoDriverDetailsInvalid PrimaryIsNotTheChoosenAdapter GetVideoDriverDetailsInvalid PrimaryIsNotTheChoosenAdapter GetVideoDriverDetailsInvalid PrimaryIsNotTheChoosenAdapter GetVideoDriverDetailsInvalid PrimaryIsNotTheChoosenAdapter GetVideoDriverDetailsInvalid PrimaryIsNotTheChoosenAdapter FoundDriverCount:0 
[2023.01.06-09.44.32:791][  0]LogD3D12RHI:     Adapter Name: NVIDIA GeForce RTX 3050 Laptop GPU
[2023.01.06-09.44.32:791][  0]LogD3D12RHI:   Driver Version: Unknown (internal:Unknown, unified:Unknown)
[2023.01.06-09.44.32:791][  0]LogD3D12RHI:      Driver Date: Unknown
[2023.01.06-09.44.32:791][  0]LogRHI: Texture pool is 2137 MB (70% of 3053 MB)
[2023.01.06-09.44.32:791][  0]LogD3D12RHI: Async texture creation enabled
[2023.01.06-09.44.32:791][  0]LogD3D12RHI: RHI has support for 64 bit atomics
[2023.01.06-09.44.32:807][  0]LogRHI: GeForceNow SDK initialized: 0
[2023.01.06-09.44.33:548][  0]LogTargetPlatformManager: Display: Loaded TargetPlatform 'AllDesktop'
[2023.01.06-09.44.33:599][  0]LogTargetPlatformManager: Display: Loaded TargetPlatform 'Android'
[2023.01.06-09.44.33:599][  0]LogTargetPlatformManager: Display: Loaded TargetPlatform 'Android_ASTC'
[2023.01.06-09.44.33:599][  0]LogTargetPlatformManager: Display: Loaded TargetPlatform 'Android_DXT'
[2023.01.06-09.44.33:600][  0]LogTargetPlatformManager: Display: Loaded TargetPlatform 'Android_ETC2'
[2023.01.06-09.44.33:600][  0]LogTargetPlatformManager: Display: Loaded TargetPlatform 'AndroidClient'
[2023.01.06-09.44.33:600][  0]LogTargetPlatformManager: Display: Loaded TargetPlatform 'Android_ASTCClient'
[2023.01.06-09.44.33:600][  0]LogTargetPlatformManager: Display: Loaded TargetPlatform 'Android_DXTClient'
[2023.01.06-09.44.33:600][  0]LogTargetPlatformManager: Display: Loaded TargetPlatform 'Android_ETC2Client'
[2023.01.06-09.44.33:600][  0]LogTargetPlatformManager: Display: Loaded TargetPlatform 'Android_Multi'
[2023.01.06-09.44.33:600][  0]LogTargetPlatformManager: Display: Loaded TargetPlatform 'Android_MultiClient'
[2023.01.06-09.44.33:636][  0]LogTargetPlatformManager: Display: Loaded TargetPlatform 'IOSClient'
[2023.01.06-09.44.33:636][  0]LogTargetPlatformManager: Display: Loaded TargetPlatform 'IOS'
[2023.01.06-09.44.33:660][  0]LogTargetPlatformManager: Display: Loaded TargetPlatform 'Linux'
[2023.01.06-09.44.33:671][  0]LogTargetPlatformManager: Display: Loaded TargetPlatform 'LinuxNoEditor'
[2023.01.06-09.44.33:680][  0]LogTargetPlatformManager: Display: Loaded TargetPlatform 'LinuxClient'
[2023.01.06-09.44.33:687][  0]LogTargetPlatformManager: Display: Loaded TargetPlatform 'LinuxServer'
[2023.01.06-09.44.33:711][  0]LogTargetPlatformManager: Display: Loaded TargetPlatform 'LinuxAArch64NoEditor'
[2023.01.06-09.44.33:718][  0]LogTargetPlatformManager: Display: Loaded TargetPlatform 'LinuxAArch64Client'
[2023.01.06-09.44.33:726][  0]LogTargetPlatformManager: Display: Loaded TargetPlatform 'LinuxAArch64Server'
[2023.01.06-09.44.33:790][  0]LogTargetPlatformManager: Display: Loaded TargetPlatform 'Lumin'
[2023.01.06-09.44.33:791][  0]LogTargetPlatformManager: Display: Loaded TargetPlatform 'LuminClient'
[2023.01.06-09.44.33:808][  0]LogTargetPlatformManager: Display: Loaded TargetPlatform 'MacNoEditor'
[2023.01.06-09.44.33:816][  0]LogTargetPlatformManager: Display: Loaded TargetPlatform 'Mac'
[2023.01.06-09.44.33:823][  0]LogTargetPlatformManager: Display: Loaded TargetPlatform 'MacClient'
[2023.01.06-09.44.33:830][  0]LogTargetPlatformManager: Display: Loaded TargetPlatform 'MacServer'
[2023.01.06-09.44.33:852][  0]LogTargetPlatformManager: Display: Loaded TargetPlatform 'TVOSClient'
[2023.01.06-09.44.33:852][  0]LogTargetPlatformManager: Display: Loaded TargetPlatform 'TVOS'
[2023.01.06-09.44.33:872][  0]LogTargetPlatformManager: Display: Loaded TargetPlatform 'WindowsNoEditor'
[2023.01.06-09.44.33:880][  0]LogTargetPlatformManager: Display: Loaded TargetPlatform 'Windows'
[2023.01.06-09.44.33:889][  0]LogTargetPlatformManager: Display: Loaded TargetPlatform 'WindowsClient'
[2023.01.06-09.44.33:898][  0]LogTargetPlatformManager: Display: Loaded TargetPlatform 'WindowsServer'
[2023.01.06-09.44.33:898][  0]LogTargetPlatformManager: Display: Building Assets For Windows
[2023.01.06-09.44.33:909][  0]LogAudioDebug: Display: Lib vorbis DLL was dynamically loaded.
[2023.01.06-09.44.33:967][  0]LogTextureFormatOodle: Display: Oodle Texture 2.9.0 init RDO Off
[2023.01.06-09.44.34:004][  0]LogRendererCore: Ray tracing is disabled. Reason: r.RayTracing=0.
[2023.01.06-09.44.34:004][  0]LogShaderCompilers: Guid format shader working directory is -18 characters bigger than the processId version (../../../../../../Users/dounii/Documents/Unreal Projects/passplz/Intermediate/Shaders/WorkingDirectory/14908/).
[2023.01.06-09.44.34:005][  0]LogShaderCompilers: Cleaned the shader compiler working directory 'C:/Users/dounii/AppData/Local/Temp/UnrealShaderWorkingDir/F88A5D4547198EAE82CE5981030DBDD2/'.
[2023.01.06-09.44.34:005][  0]LogXGEController: Cannot use XGE Controller as Incredibuild is not installed on this machine.
[2023.01.06-09.44.34:005][  0]LogShaderCompilers: Cannot use XGE Shader Compiler as Incredibuild is not installed on this machine.
[2023.01.06-09.44.34:006][  0]LogShaderCompilers: Display: Using Local Shader Compiler.
[2023.01.06-09.44.35:524][  0]LogDerivedDataCache: Display: Max Cache Size: 512 MB
[2023.01.06-09.44.35:628][  0]LogDerivedDataCache: Loaded boot cache 0.10s 94MB C:/Users/dounii/AppData/Local/UnrealEngine/4.27/DerivedDataCache/Boot.ddc.
[2023.01.06-09.44.35:628][  0]LogDerivedDataCache: Display: Loaded Boot cache: C:/Users/dounii/AppData/Local/UnrealEngine/4.27/DerivedDataCache/Boot.ddc
[2023.01.06-09.44.35:628][  0]LogDerivedDataCache: FDerivedDataBackendGraph:  Pak pak cache file ../../../../../../Users/dounii/Documents/Unreal Projects/passplz/DerivedDataCache/DDC.ddp not found, will not use a pak cache.
[2023.01.06-09.44.35:628][  0]LogDerivedDataCache: Unable to find inner node Pak for hierarchical cache Hierarchy.
[2023.01.06-09.44.35:628][  0]LogDerivedDataCache: FDerivedDataBackendGraph:  CompressedPak pak cache file ../../../../../../Users/dounii/Documents/Unreal Projects/passplz/DerivedDataCache/Compressed.ddp not found, will not use a pak cache.
[2023.01.06-09.44.35:628][  0]LogDerivedDataCache: Unable to find inner node CompressedPak for hierarchical cache Hierarchy.
[2023.01.06-09.44.35:655][  0]LogDerivedDataCache: Display: Pak cache opened for reading ../../../Engine/DerivedDataCache/Compressed.ddp.
[2023.01.06-09.44.35:656][  0]LogDerivedDataCache: FDerivedDataBackendGraph:  EnterprisePak pak cache file ../../../Enterprise/DerivedDataCache/Compressed.ddp not found, will not use a pak cache.
[2023.01.06-09.44.35:656][  0]LogDerivedDataCache: Unable to find inner node EnterprisePak for hierarchical cache Hierarchy.
[2023.01.06-09.44.35:672][  0]LogDerivedDataCache: Speed tests for C:/Users/dounii/AppData/Local/UnrealEngine/Common/DerivedDataCache took 0.02 seconds
[2023.01.06-09.44.35:673][  0]LogDerivedDataCache: Display: Performance to C:/Users/dounii/AppData/Local/UnrealEngine/Common/DerivedDataCache: Latency=0.09ms. RandomReadSpeed=295.79MBs, RandomWriteSpeed=74.79MBs. Assigned SpeedClass 'Local'
[2023.01.06-09.44.35:675][  0]LogDerivedDataCache: Using Local data cache path C:/Users/dounii/AppData/Local/UnrealEngine/Common/DerivedDataCache: Writable
[2023.01.06-09.44.35:675][  0]LogDerivedDataCache: Shared data cache path not found in *engine.ini, will not use an Shared cache.
[2023.01.06-09.44.35:675][  0]LogDerivedDataCache: Unable to find inner node Shared for hierarchical cache Hierarchy.
[2023.01.06-09.44.36:131][  0]LogShaderCompilers: Display: Submitted 602 shader compile jobs with 'High' priority
[2023.01.06-09.44.36:132][  0]LogSlate: Using FreeType 2.10.0
[2023.01.06-09.44.36:133][  0]LogSlate: SlateFontServices - WITH_FREETYPE: 1, WITH_HARFBUZZ: 1
[2023.01.06-09.44.36:182][  0]LogShaderCompilers: Display: Worker (1/13): shaders left to compile 602
[2023.01.06-09.44.36:182][  0]LogShaderCompilers: Display: Worker (2/13): shaders left to compile 592
[2023.01.06-09.44.36:182][  0]LogShaderCompilers: Display: Worker (3/13): shaders left to compile 582
[2023.01.06-09.44.36:182][  0]LogShaderCompilers: Display: Worker (4/13): shaders left to compile 572
[2023.01.06-09.44.36:182][  0]LogShaderCompilers: Display: Worker (5/13): shaders left to compile 562
[2023.01.06-09.44.36:182][  0]LogShaderCompilers: Display: Worker (6/13): shaders left to compile 552
[2023.01.06-09.44.36:182][  0]LogShaderCompilers: Display: Worker (7/13): shaders left to compile 542
[2023.01.06-09.44.36:182][  0]LogShaderCompilers: Display: Worker (8/13): shaders left to compile 532
[2023.01.06-09.44.36:182][  0]LogShaderCompilers: Display: Worker (9/13): shaders left to compile 522
[2023.01.06-09.44.36:182][  0]LogShaderCompilers: Display: Worker (10/13): shaders left to compile 512
[2023.01.06-09.44.36:182][  0]LogShaderCompilers: Display: Worker (11/13): shaders left to compile 502
[2023.01.06-09.44.36:182][  0]LogShaderCompilers: Display: Worker (12/13): shaders left to compile 492
[2023.01.06-09.44.36:182][  0]LogShaderCompilers: Display: Worker (13/13): shaders left to compile 482
[2023.01.06-09.44.36:182][  0]LogShaderCompilers: Display: Started 130 'Local' shader compile jobs with 'High' priority
[2023.01.06-09.44.36:182][  0]LogAssetRegistry: FAssetRegistry took 0.0060 seconds to start up
[2023.01.06-09.44.36:668][  0]LogInit: Selected Device Profile: [Windows]
[2023.01.06-09.44.36:668][  0]LogInit: Active device profile: [00000296CE846100][00000296C7C8E7C0 49] Windows
[2023.01.06-09.44.36:668][  0]LogInit: Profiles: [00000296CE846100][00000296C7C8E7C0 49] Windows, [00000296CE809B00][00000296C7CC6940 49] WindowsNoEditor, [00000296CE846300][00000296CB62EAC0 49] WindowsServer, [00000296CE80BB00][00000296CB632C40 49] WindowsClient, [00000296CE845D00][00000296CB636DC0 49] IOS, [00000296CE80BD00][00000296CB63AF40 49] iPadAir, [00000296CE845B00][00000296CB63F0C0 49] iPadAir2, [00000296CE78D500][00000296CB647380 49] IPadPro, [00000296CE78D600][00000296CB6433C0 49] iPadAir3, [00000296CE845800][00000296CB64B540 49] iPadAir4, [00000296CE78F700][00000296CB64F6C0 49] iPadMini2, [00000296CE845F00][00000296CEACF840 49] iPadMini3, [00000296CE78C600][00000296C7C93980 49] iPadMini4, [00000296CE845200][00000296CEAD3AC0 49] iPadMini5, [00000296CE7D9100][00000296CEADA180 49] iPhone6, [00000296CE7D9200][00000296CEAD61C0 49] iPodTouch6, [00000296CE80BE00][00000296CEAE6480 49] iPhone7, [00000296CE809E00][00000296CEAE24C0 49] iPodTouch7, [00000296CE7DB400][00000296CEAEA640 49] iPhone5S, [00000296CE809300][00000296CEAEE7C0 49] iPhone6Plus, [00000296CE7D8400][00000296CEAF2940 49] iPhone6S, [00000296CE80A800][00000296CEAF6AC0 49] iPhone6SPlus, [00000296CE7DBE00][00000296CEAFAC40 49] iPhone7Plus, [00000296CE808900][00000296CEAFEDC0 49] iPhoneSE, [00000296CE7D9C00][00000296CEB02F40 49] iPhone8, [00000296CE808100][00000296CEB070C0 49] iPhone8Plus, [00000296CE7D8100][00000296CEB0B240 49] iPhoneX, [00000296CE80A700][00000296CEB0F3C0 49] iPhoneXS, [00000296CE7DAF00][00000296CEB13540 49] iPhoneXSMax, [00000296CE808C00][00000296CEB176C0 49] iPhoneXR, [00000296CE7D9900][00000296CEB1B840 49] iPhone11, [00000296CE80BA00][00000296CEB1F9C0 49] iPhone11Pro, [00000296CE7D9300][00000296CEADFB00 49] iPhone11ProMax, [00000296CE80B600][00000296CEB220C0 49] iPhoneSE2, [00000296CE7DAB00][00000296CEB26200 49] iPhone12Mini, [00000296CE808700][00000296CEB2A340 49] iPhone12, [00000296CE7D9600][00000296CEB324C0 49] iPhone12Pro, [00000296CE809900][00000296CEB36640 49] iPhone12ProMax, [00000296CE7D9000][00000296CEB3A7C0 49] iPadPro105, [00000296CE808E00][00000296CEB3E940 49] iPadPro129, [00000296CE7DA500][00000296CEB42AC0 49] iPadPro97, [00000296CE808B00][00000296CEB46C40 49] iPadPro2_129, [00000296CE7D8F00][00000296CEB4ADC0 49] iPad5, [00000296CE809600][00000296CEB4EF40 49] iPad6, [00000296CE844400][00000296CEB530C0 49] iPad7, [00000296CE8B4900][00000296CEB57240 49] iPad8, [00000296CE809000][00000296CEB5B3C0 49] iPadPro11, [00000296CE7DBA00][00000296CEB5F540 49] iPadPro2_11, [00000296CE808D00][00000296CEB636C0 49] iPadPro3_129, [00000296CE7DB200][00000296CEB67840 49] iPadPro4_129, [00000296CE80A200][00000296CEB6B9C0 49] AppleTV, [00000296CE7DA600][00000296CEB6FB40 49] AppleTV4K, [00000296CE80B500][00000296CEB72140 49] TVOS, [00000296CE7D8E00][00000296CEB2E280 49] Mac, [00000296CE80AF00][00000296CEB763C0 49] MacClient, [00000296CE7D8500][00000296CEB7A500 49] MacNoEditor, [00000296CE80AC00][00000296CEB82680 49] MacServer, [00000296CE7DB800][00000296CEB86800 49] Linux, [00000296CE808400][00000296CEB8A980 49] LinuxAArch64, [00000296CE7D9800][00000296CEB8EB00 49] LinuxNoEditor, [00000296CE809C00][00000296CEB92C80 49] LinuxAArch64NoEditor, [00000296CE7D8200][00000296CEB96E00 49] LinuxClient, [00000296CE80B200][00000296CEB9AF80 49] LinuxAArch64Client, [00000296CE8B4500][00000296CEB9F100 49] LinuxServer, [00000296CE80BF00][00000296CEBA3280 49] LinuxAArch64Server, [00000296CE7D8600][00000296CEBA7400 49] Android, [00000296CE809200][00000296CEBAB580 49] Android_Low, [00000296CE7D8300][00000296CEBAF700 49] Android_Mid, [00000296CE808500][00000296CEBB3880 49] Android_High, [00000296CE7D8800][00000296CEBB7A00 49] Android_Default, [00000296CE80AA00][00000296CEBBBB80 49] Android_Adreno4xx, [00000296CE7DA200][00000296CEBBE180 49] Android_Adreno5xx_Low, [00000296CE80B000][00000296CEBC2300 49] Android_Adreno5xx, [00000296CE7DB500][00000296CEB7E440 49] Android_Adreno6xx, [00000296CE80A900][00000296CEBC6580 49] Android_Adreno6xx_Vulkan, [00000296CE7DA100][00000296CEBCA6C0 49] Android_Mali_T6xx, [00000296CE808600][00000296CEBD2840 49] Android_Mali_T7xx, [00000296CE7DA400][00000296CEBD69C0 49] Android_Mali_T8xx, [00000296CE808F00][00000296CEBDAB40 49] Android_Mali_G71, [00000296CE7D8A00][00000296CEBDECC0 49] Android_Mali_G72, [00000296CE80B300][00000296BCF4CE40 49] Android_Mali_G72_Vulkan, [00000296CE7DB100][00000296BCF50FC0 49] Android_Mali_G76, [00000296CE80AD00][00000296BCF55140 49] Android_Mali_G76_Vulkan, [00000296CE7DA000][00000296BCF592C0 49] Android_Mali_G77, [00000296CE808200][00000296BCF5D440 49] Android_Mali_G77_Vulkan, [00000296CE7DBB00][00000296BCF615C0 49] Android_Mali_G78, [00000296CE844200][00000296BCF65740 49] Android_Mali_G78_Vulkan, [00000296CE7D8D00][00000296BCF698C0 49] Android_Mali_G710, [00000296CE78DC00][00000296BCF6DA40 49] Android_Mali_G710_Vulkan, [00000296CE808300][00000296BCF71BC0 49] Android_Vulkan_SM5, [00000296CE78FC00][00000296BCF741C0 49] Android_PowerVR_G6xxx, [00000296CE845300][00000296BCF78340 49] Android_PowerVR_GT7xxx, [00000296CE78FB00][00000296BCF7C4C0 49] Android_PowerVR_GE8xxx, [00000296CE845700][00000296CEBCE600 49] Android_PowerVR_GM9xxx, [00000296CE78FE00][00000296BCF80740 49] Android_PowerVR_GM9xxx_Vulkan, [00000296CE845100][00000296BCF84880 49] Android_TegraK1, [00000296CE78D300][00000296BCF889C0 49] Android_Unknown_Vulkan, [00000296CE844300][00000296BCF90B40 49] Lumin, [00000296CE78C700][00000296BCF94CC0 49] Lumin_Desktop, [00000296CE845E00][00000296BCF98E40 49] HoloLens, 
[2023.01.06-09.44.36:765][  0]LogMaterial: Display: Missing cached shadermap for DefaultDeferredDecalMaterial in PCD3D_SM5, Default, SM5 (DDC key hash: 34B2688018ADBD6BF3B7D2E494C8C0384D0B7E72), compiling. 
[2023.01.06-09.44.37:037][  0]LogShaderCompilers: Display: Submitted 139 shader compile jobs with 'High' priority
[2023.01.06-09.44.38:161][  0]LogAssetRegistry: Error: Package ../../../../../../Users/dounii/Documents/Unreal Projects/passplz/Content/NewMap.umap is too old
[2023.01.06-09.44.38:161][  0]LogAssetRegistry: Error: Package ../../../../../../Users/dounii/Documents/Unreal Projects/passplz/Content/blueprint/COBOT.uasset is too old
[2023.01.06-09.44.38:161][  0]LogAssetRegistry: Error: Package ../../../../../../Users/dounii/Documents/Unreal Projects/passplz/Content/blueprint/COBOT_CONTROLLER.uasset is too old
[2023.01.06-09.44.38:161][  0]LogAssetRegistry: Error: Package ../../../../../../Users/dounii/Documents/Unreal Projects/passplz/Content/NewMap_HLOD0_Instancing.uasset is too old
[2023.01.06-09.44.38:161][  0]LogAssetRegistry: Error: Package ../../../../../../Users/dounii/Documents/Unreal Projects/passplz/Content/blueprint/COBOT_MODE.uasset is too old
[2023.01.06-09.44.38:161][  0]LogAssetRegistry: Error: Package ../../../../../../Users/dounii/Documents/Unreal Projects/passplz/Content/model/ev_1_NGon025.uasset is too old
[2023.01.06-09.44.38:161][  0]LogAssetRegistry: Error: Package ../../../../../../Users/dounii/Documents/Unreal Projects/passplz/Content/model/ev_1_Object002.uasset is too old
[2023.01.06-09.44.38:161][  0]LogAssetRegistry: Error: Package ../../../../../../Users/dounii/Documents/Unreal Projects/passplz/Content/model/ev_1_Object003.uasset is too old
[2023.01.06-09.44.38:161][  0]LogAssetRegistry: Error: Package ../../../../../../Users/dounii/Documents/Unreal Projects/passplz/Content/model/ev_1_Object001.uasset is too old
[2023.01.06-09.44.38:161][  0]LogAssetRegistry: Error: Package ../../../../../../Users/dounii/Documents/Unreal Projects/passplz/Content/model/EV/ev_1_NGon025.uasset is too old
[2023.01.06-09.44.38:161][  0]LogAssetRegistry: Error: Package ../../../../../../Users/dounii/Documents/Unreal Projects/passplz/Content/model/EV/ev_1_Object001.uasset is too old
[2023.01.06-09.44.38:161][  0]LogAssetRegistry: Error: Package ../../../../../../Users/dounii/Documents/Unreal Projects/passplz/Content/model/EV/ev_1_Object002.uasset is too old
[2023.01.06-09.44.38:161][  0]LogAssetRegistry: Error: Package ../../../../../../Users/dounii/Documents/Unreal Projects/passplz/Content/model/EV/ev_1_Object003.uasset is too old
[2023.01.06-09.44.38:161][  0]LogAssetRegistry: Error: Package ../../../../../../Users/dounii/Documents/Unreal Projects/passplz/Content/model/PLAYER/cobot.uasset is too old
[2023.01.06-09.44.38:161][  0]LogAssetRegistry: Error: Package ../../../../../../Users/dounii/Documents/Unreal Projects/passplz/Content/model/PLAYER/cobot_PhysicsAsset.uasset is too old
[2023.01.06-09.44.38:161][  0]LogAssetRegistry: Error: Package ../../../../../../Users/dounii/Documents/Unreal Projects/passplz/Content/model/PLAYER/cobot_Skeleton.uasset is too old
[2023.01.06-09.44.38:161][  0]LogAssetRegistry: Error: Package ../../../../../../Users/dounii/Documents/Unreal Projects/passplz/Content/model/STAGE_1/1s.uasset is too old
[2023.01.06-09.44.38:161][  0]LogAssetRegistry: Error: Package ../../../../../../Users/dounii/Documents/Unreal Projects/passplz/Content/model/STAGE_1/2s.uasset is too old
[2023.01.06-09.44.38:161][  0]LogAssetRegistry: Error: Package ../../../../../../Users/dounii/Documents/Unreal Projects/passplz/Content/model/STAGE_1/3s.uasset is too old
[2023.01.06-09.44.38:161][  0]LogAssetRegistry: Error: Package ../../../../../../Users/dounii/Documents/Unreal Projects/passplz/Content/model/STAGE_1/Material__2.uasset is too old
[2023.01.06-09.44.38:161][  0]LogAssetRegistry: Error: Package ../../../../../../Users/dounii/Documents/Unreal Projects/passplz/Content/model/STAGE_1/STAGE_1_FLOOR.uasset is too old
[2023.01.06-09.44.38:161][  0]LogAssetRegistry: Error: Package ../../../../../../Users/dounii/Documents/Unreal Projects/passplz/Content/__ExternalObjects__/NewMap/4/OA/KV5NVW6RVGCY40C13H5F98.uasset is too old
[2023.01.06-09.44.38:161][  0]LogAssetRegistry: Error: Package ../../../../../../Users/dounii/Documents/Unreal Projects/passplz/Content/_GENERATED/dounii/Box_1A3CD9F9.uasset is too old
[2023.01.06-09.44.38:161][  0]LogAssetRegistry: Error: Package ../../../../../../Users/dounii/Documents/Unreal Projects/passplz/Content/__ExternalObjects__/NewMap/7/ZX/0ZC0P6OF3BOSMCOFFW0RO3.uasset is too old
[2023.01.06-09.44.38:161][  0]LogAssetRegistry: Error: Package ../../../../../../Users/dounii/Documents/Unreal Projects/passplz/Content/__ExternalObjects__/NewMap/9/EW/DIR8ZHVIQ96U3XBY7PSRNI.uasset is too old
[2023.01.06-09.44.47:698][  0]LogShaderCompilers: Display: Worker (9/13): shaders left to compile 611
[2023.01.06-09.44.47:698][  0]LogShaderCompilers: Display: Started 10 'Local' shader compile jobs with 'High' priority
[2023.01.06-09.44.56:115][  0]LogShaderCompilers: Display: Worker (9/13): shaders left to compile 601
[2023.01.06-09.44.56:115][  0]LogShaderCompilers: Display: Started 10 'Local' shader compile jobs with 'High' priority
[2023.01.06-09.44.58:359][  0]LogShaderCompilers: Display: Worker (12/13): shaders left to compile 591
[2023.01.06-09.44.58:359][  0]LogShaderCompilers: Display: Started 10 'Local' shader compile jobs with 'High' priority
[2023.01.06-09.44.58:359][  0]LogShaderCompilers: Display: Worker (11/13): shaders left to compile 581
[2023.01.06-09.44.58:359][  0]LogShaderCompilers: Display: Started 10 'Local' shader compile jobs with 'High' priority
[2023.01.06-09.44.58:920][  0]LogShaderCompilers: Display: Worker (1/13): shaders left to compile 571
[2023.01.06-09.44.58:920][  0]LogShaderCompilers: Display: Started 10 'Local' shader compile jobs with 'High' priority
[2023.01.06-09.45.00:602][  0]LogShaderCompilers: Display: Worker (2/13): shaders left to compile 561
[2023.01.06-09.45.00:602][  0]LogShaderCompilers: Display: Started 10 'Local' shader compile jobs with 'High' priority
[2023.01.06-09.45.05:652][  0]LogShaderCompilers: Display: Worker (6/13): shaders left to compile 551
[2023.01.06-09.45.05:652][  0]LogShaderCompilers: Display: Started 10 'Local' shader compile jobs with 'High' priority
[2023.01.06-09.45.11:264][  0]LogShaderCompilers: Display: Worker (12/13): shaders left to compile 541
[2023.01.06-09.45.11:264][  0]LogShaderCompilers: Display: Started 10 'Local' shader compile jobs with 'High' priority
[2023.01.06-09.45.12:386][  0]LogShaderCompilers: Display: Worker (10/13): shaders left to compile 531
[2023.01.06-09.45.12:386][  0]LogShaderCompilers: Display: Started 10 'Local' shader compile jobs with 'High' priority
[2023.01.06-09.45.15:753][  0]LogShaderCompilers: Display: Worker (9/13): shaders left to compile 521
[2023.01.06-09.45.15:753][  0]LogShaderCompilers: Display: Started 10 'Local' shader compile jobs with 'High' priority
[2023.01.06-09.45.15:753][  0]LogShaderCompilers: Display: Worker (1/13): shaders left to compile 511
[2023.01.06-09.45.15:753][  0]LogShaderCompilers: Display: Started 10 'Local' shader compile jobs with 'High' priority
[2023.01.06-09.45.15:753][  0]LogShaderCompilers: Display: Worker (2/13): shaders left to compile 501
[2023.01.06-09.45.15:753][  0]LogShaderCompilers: Display: Started 10 'Local' shader compile jobs with 'High' priority
[2023.01.06-09.45.17:997][  0]LogShaderCompilers: Display: Worker (11/13): shaders left to compile 491
[2023.01.06-09.45.17:997][  0]LogShaderCompilers: Display: Started 10 'Local' shader compile jobs with 'High' priority
[2023.01.06-09.45.17:997][  0]LogShaderCompilers: Display: Worker (13/13): shaders left to compile 481
[2023.01.06-09.45.17:997][  0]LogShaderCompilers: Display: Started 10 'Local' shader compile jobs with 'High' priority
[2023.01.06-09.45.18:558][  0]LogShaderCompilers: Display: Worker (8/13): shaders left to compile 471
[2023.01.06-09.45.18:558][  0]LogShaderCompilers: Display: Started 10 'Local' shader compile jobs with 'High' priority
[2023.01.06-09.45.19:681][  0]LogShaderCompilers: Display: Worker (5/13): shaders left to compile 461
[2023.01.06-09.45.19:681][  0]LogShaderCompilers: Display: Started 10 'Local' shader compile jobs with 'High' priority
[2023.01.06-09.45.23:609][  0]LogShaderCompilers: Display: Worker (6/13): shaders left to compile 451
[2023.01.06-09.45.23:609][  0]LogShaderCompilers: Display: Started 10 'Local' shader compile jobs with 'High' priority
[2023.01.06-09.45.25:853][  0]LogShaderCompilers: Display: Worker (8/13): shaders left to compile 441
[2023.01.06-09.45.25:853][  0]LogShaderCompilers: Display: Started 10 'Local' shader compile jobs with 'High' priority
[2023.01.06-09.45.27:535][  0]LogShaderCompilers: Display: Worker (5/13): shaders left to compile 431
[2023.01.06-09.45.27:535][  0]LogShaderCompilers: Display: Started 10 'Local' shader compile jobs with 'High' priority
[2023.01.06-09.45.30:902][  0]LogShaderCompilers: Display: Worker (12/13): shaders left to compile 421
[2023.01.06-09.45.30:902][  0]LogShaderCompilers: Display: Started 10 'Local' shader compile jobs with 'High' priority
[2023.01.06-09.45.31:463][  0]LogShaderCompilers: Display: Worker (6/13): shaders left to compile 411
[2023.01.06-09.45.31:463][  0]LogShaderCompilers: Display: Started 10 'Local' shader compile jobs with 'High' priority
[2023.01.06-09.45.32:023][  0]LogShaderCompilers: Display: Worker (2/13): shaders left to compile 401
[2023.01.06-09.45.32:023][  0]LogShaderCompilers: Display: Started 10 'Local' shader compile jobs with 'High' priority
[2023.01.06-09.45.33:705][  0]LogShaderCompilers: Display: Worker (1/13): shaders left to compile 391
[2023.01.06-09.45.33:705][  0]LogShaderCompilers: Display: Started 10 'Local' shader compile jobs with 'High' priority
[2023.01.06-09.45.34:266][  0]LogShaderCompilers: Display: Worker (9/13): shaders left to compile 381
[2023.01.06-09.45.34:266][  0]LogShaderCompilers: Display: Started 10 'Local' shader compile jobs with 'High' priority
[2023.01.06-09.45.34:266][  0]LogShaderCompilers: Display: Worker (10/13): shaders left to compile 371
[2023.01.06-09.45.34:266][  0]LogShaderCompilers: Display: Started 10 'Local' shader compile jobs with 'High' priority
[2023.01.06-09.45.35:389][  0]LogShaderCompilers: Display: Worker (8/13): shaders left to compile 361
[2023.01.06-09.45.35:389][  0]LogShaderCompilers: Display: Started 10 'Local' shader compile jobs with 'High' priority
[2023.01.06-09.45.37:072][  0]LogShaderCompilers: Display: Worker (11/13): shaders left to compile 351
[2023.01.06-09.45.37:072][  0]LogShaderCompilers: Display: Started 10 'Local' shader compile jobs with 'High' priority
[2023.01.06-09.45.37:683][  0]LogShaderCompilers: Display: Worker (13/13): shaders left to compile 341
[2023.01.06-09.45.37:683][  0]LogShaderCompilers: Display: Started 10 'Local' shader compile jobs with 'High' priority
[2023.01.06-09.45.37:683][  0]LogMaterial: Display: Missing cached shadermap for WorldGridMaterial in PCD3D_SM5, Default, SM5 (DDC key hash: B0ABD71BE39080A2B6884212222156BB87ACE5E2), compiling. Is special engine material.
[2023.01.06-09.45.38:839][  0]LogShaderCompilers: Display: Submitted 1234 shader compile jobs with 'High' priority
[2023.01.06-09.45.39:963][  0]LogShaderCompilers: Display: Worker (6/13): shaders left to compile 1565
[2023.01.06-09.45.39:963][  0]LogShaderCompilers: Display: Started 10 'Local' shader compile jobs with 'High' priority
[2023.01.06-09.45.40:524][  0]LogShaderCompilers: Display: Worker (12/13): shaders left to compile 1555
[2023.01.06-09.45.40:524][  0]LogShaderCompilers: Display: Started 10 'Local' shader compile jobs with 'High' priority
[2023.01.06-09.45.42:207][  0]LogShaderCompilers: Display: Worker (2/13): shaders left to compile 1545
[2023.01.06-09.45.42:207][  0]LogShaderCompilers: Display: Started 10 'Local' shader compile jobs with 'High' priority
[2023.01.06-09.45.42:768][  0]LogShaderCompilers: Display: Worker (1/13): shaders left to compile 1535
[2023.01.06-09.45.42:768][  0]LogShaderCompilers: Display: Started 10 'Local' shader compile jobs with 'High' priority
[2023.01.06-09.45.43:891][  0]LogShaderCompilers: Display: Worker (5/13): shaders left to compile 1525
[2023.01.06-09.45.43:891][  0]LogShaderCompilers: Display: Started 10 'Local' shader compile jobs with 'High' priority
[2023.01.06-09.45.44:452][  0]LogShaderCompilers: Display: Worker (9/13): shaders left to compile 1515
[2023.01.06-09.45.44:452][  0]LogShaderCompilers: Display: Started 10 'Local' shader compile jobs with 'High' priority
[2023.01.06-09.45.45:013][  0]LogShaderCompilers: Display: Worker (7/13): shaders left to compile 1505
[2023.01.06-09.45.45:013][  0]LogShaderCompilers: Display: Started 10 'Local' shader compile jobs with 'High' priority
[2023.01.06-09.45.46:135][  0]LogShaderCompilers: Display: Worker (13/13): shaders left to compile 1495
[2023.01.06-09.45.46:135][  0]LogShaderCompilers: Display: Started 10 'Local' shader compile jobs with 'High' priority
[2023.01.06-09.45.47:818][  0]LogShaderCompilers: Display: Worker (8/13): shaders left to compile 1485
[2023.01.06-09.45.47:818][  0]LogShaderCompilers: Display: Started 10 'Local' shader compile jobs with 'High' priority
[2023.01.06-09.45.48:941][  0]LogShaderCompilers: Display: Worker (11/13): shaders left to compile 1475
[2023.01.06-09.45.48:941][  0]LogShaderCompilers: Display: Started 10 'Local' shader compile jobs with 'High' priority
[2023.01.06-09.45.48:941][  0]LogShaderCompilers: Display: Worker (6/13): shaders left to compile 1465
[2023.01.06-09.45.48:941][  0]LogShaderCompilers: Display: Started 10 'Local' shader compile jobs with 'High' priority
[2023.01.06-09.45.50:063][  0]LogShaderCompilers: Display: Worker (10/13): shaders left to compile 1455
[2023.01.06-09.45.50:063][  0]LogShaderCompilers: Display: Started 10 'Local' shader compile jobs with 'High' priority
[2023.01.06-09.45.52:868][  0]LogShaderCompilers: Display: Worker (12/13): shaders left to compile 1445
[2023.01.06-09.45.52:868][  0]LogShaderCompilers: Display: Started 10 'Local' shader compile jobs with 'High' priority
[2023.01.06-09.45.53:989][  0]LogShaderCompilers: Display: Worker (1/13): shaders left to compile 1435
[2023.01.06-09.45.53:989][  0]LogShaderCompilers: Display: Started 10 'Local' shader compile jobs with 'High' priority
