Log file open, 01/06/23 18:44:26
LogWindows: Failed to load 'aqProf.dll' (GetLastError=126)
LogWindows: File 'aqProf.dll' does not exist
LogWindows: Failed to load 'VtuneApi.dll' (GetLastError=126)
LogWindows: File 'VtuneApi.dll' does not exist
LogWindows: Failed to load 'VtuneApi32e.dll' (GetLastError=126)
LogWindows: File 'VtuneApi32e.dll' does not exist
LogConsoleResponse: Display: Failed to find resolution value strings in scalability ini. Falling back to default.
LogConsoleResponse: Display: Failed to find resolution value strings in scalability ini. Falling back to default.
LogInit: Display: Running engine for game: passplz
LogPlatformFile: Not using cached read wrapper
LogTaskGraph: Started task graph with 5 named threads and 47 total threads with 3 sets of task threads.
LogStats: Stats thread started at 0.242637
LogICUInternationalization: ICU TimeZone Detection - Raw Offset: +9:00, Platform Override: ''
LogInit: Display: Loading text-based GConfig....
LogPluginManager: Mounting plugin MeshPainting
LogPluginManager: Mounting plugin XGEController
LogPluginManager: Mounting plugin AISupport
LogPluginManager: Mounting plugin EnvironmentQueryEditor
LogPluginManager: Mounting plugin Paper2D
LogPluginManager: Mounting plugin LiveLink
LogPluginManager: Mounting plugin CameraShakePreviewer
LogPluginManager: Mounting plugin AnimationSharing
LogPluginManager: Mounting plugin OodleNetwork
LogPluginManager: Mounting plugin GameplayCameras
LogPluginManager: Mounting plugin CLionSourceCodeAccess
LogPluginManager: Mounting plugin CodeLiteSourceCodeAccess
LogPluginManager: Mounting plugin OodleData
LogPluginManager: Mounting plugin GitSourceControl
LogPluginManager: Mounting plugin KDevelopSourceCodeAccess
LogPluginManager: Mounting plugin NullSourceCodeAccess
LogPluginManager: Mounting plugin PerforceSourceControl
LogPluginManager: Mounting plugin PixWinPlugin
LogPluginManager: Mounting plugin PluginUtils
LogPluginManager: Mounting plugin PlasticSourceControl
LogPluginManager: Mounting plugin PropertyAccessNode
LogPluginManager: Mounting plugin RiderSourceCodeAccess
LogPluginManager: Mounting plugin SubversionSourceControl
LogPluginManager: Mounting plugin TextureFormatOodle
LogPluginManager: Mounting plugin AssetManagerEditor
LogPluginManager: Mounting plugin UObjectPlugin
LogPluginManager: Mounting plugin DataValidation
LogPluginManager: Mounting plugin CryptoKeys
LogPluginManager: Mounting plugin CurveEditorTools
LogPluginManager: Mounting plugin FacialAnimation
LogPluginManager: Mounting plugin GameplayTagsEditor
LogPluginManager: Mounting plugin GeometryMode
LogPluginManager: Mounting plugin MaterialAnalyzer
LogPluginManager: Mounting plugin VisualStudioCodeSourceCodeAccess
LogPluginManager: Mounting plugin MacGraphicsSwitching
LogPluginManager: Mounting plugin MobileLauncherProfileWizard
LogPluginManager: Mounting plugin VisualStudioSourceCodeAccess
LogPluginManager: Mounting plugin XCodeSourceCodeAccess
LogPluginManager: Mounting plugin PluginBrowser
LogPluginManager: Mounting plugin SpeedTreeImporter
LogPluginManager: Mounting plugin StylusInput
LogPluginManager: Mounting plugin DatasmithContent
LogPluginManager: Mounting plugin VariantManagerContent
LogPluginManager: Mounting plugin Niagara
LogPluginManager: Mounting plugin AlembicImporter
LogPluginManager: Mounting plugin AutomationUtils
LogPluginManager: Mounting plugin BackChannel
LogPluginManager: Mounting plugin ChaosClothEditor
LogPluginManager: Mounting plugin ChaosCloth
LogPluginManager: Mounting plugin ChaosEditor
LogPluginManager: Mounting plugin ChaosNiagara
LogPluginManager: Mounting plugin ChaosSolverPlugin
LogPluginManager: Mounting plugin CharacterAI
LogPluginManager: Mounting plugin LuminPlatformFeatures
LogPluginManager: Mounting plugin MagicLeap
LogPluginManager: Mounting plugin MagicLeapLightEstimation
LogPluginManager: Mounting plugin MagicLeapMedia
LogPluginManager: Mounting plugin MagicLeapPassableWorld
LogPluginManager: Mounting plugin MLSDK
LogPluginManager: Mounting plugin GeometryCollectionPlugin
LogPluginManager: Mounting plugin GeometryProcessing
LogPluginManager: Mounting plugin GeometryCache
LogPluginManager: Mounting plugin ModelingToolsEditorMode
LogPluginManager: Mounting plugin MeshModelingToolset
LogPluginManager: Mounting plugin MotoSynth
LogPluginManager: Mounting plugin OpenImageDenoise
LogPluginManager: Mounting plugin PlanarCut
LogPluginManager: Mounting plugin PlatformCrypto
LogPluginManager: Mounting plugin ProxyLODPlugin
LogPluginManager: Mounting plugin PythonScriptPlugin
LogPluginManager: Mounting plugin SkeletalReduction
LogPluginManager: Mounting plugin AndroidMedia
LogPluginManager: Mounting plugin AvfMedia
LogPluginManager: Mounting plugin ImgMedia
LogPluginManager: Mounting plugin MediaCompositing
LogPluginManager: Mounting plugin MediaPlayerEditor
LogPluginManager: Mounting plugin TcpMessaging
LogPluginManager: Mounting plugin WebMMedia
LogPluginManager: Mounting plugin UdpMessaging
LogPluginManager: Mounting plugin ActorSequence
LogPluginManager: Mounting plugin WmfMedia
LogPluginManager: Mounting plugin LevelSequenceEditor
LogPluginManager: Mounting plugin MatineeToLevelSequence
LogPluginManager: Mounting plugin TemplateSequence
LogPluginManager: Mounting plugin OnlineSubsystem
LogPluginManager: Mounting plugin OnlineSubsystemNull
LogPluginManager: Mounting plugin LauncherChunkInstaller
LogPluginManager: Mounting plugin OnlineSubsystemUtils
LogPluginManager: Mounting plugin ActorLayerUtilities
LogPluginManager: Mounting plugin AndroidDeviceProfileSelector
LogPluginManager: Mounting plugin AndroidMoviePlayer
LogPluginManager: Mounting plugin AndroidPermission
LogPluginManager: Mounting plugin AppleImageUtils
LogPluginManager: Mounting plugin AppleMoviePlayer
LogPluginManager: Mounting plugin AssetTags
LogPluginManager: Mounting plugin ArchVisCharacter
LogPluginManager: Mounting plugin AudioSynesthesia
LogPluginManager: Mounting plugin AudioCapture
LogPluginManager: Mounting plugin ChunkDownloader
LogPluginManager: Mounting plugin CableComponent
LogPluginManager: Mounting plugin CustomMeshComponent
LogPluginManager: Mounting plugin EditableMesh
LogPluginManager: Mounting plugin ExampleDeviceProfileSelector
LogPluginManager: Mounting plugin GooglePAD
LogPluginManager: Mounting plugin HairStrands
LogPluginManager: Mounting plugin GoogleCloudMessaging
LogPluginManager: Mounting plugin IOSDeviceProfileSelector
LogPluginManager: Mounting plugin LinuxDeviceProfileSelector
LogPluginManager: Mounting plugin LocationServicesBPLibrary
LogPluginManager: Mounting plugin OpenXREyeTracker
LogPluginManager: Mounting plugin OpenXR
LogPluginManager: Mounting plugin MobilePatchingUtils
LogPluginManager: Mounting plugin OpenXRHandTracking
LogPluginManager: Mounting plugin ProceduralMeshComponent
LogPluginManager: Mounting plugin PostSplashScreen
LogPluginManager: Mounting plugin PhysXVehicles
LogPluginManager: Mounting plugin RuntimePhysXCooking
LogPluginManager: Mounting plugin PropertyAccessEditor
LogPluginManager: Mounting plugin SoundFields
LogPluginManager: Mounting plugin SignificanceManager
LogPluginManager: Mounting plugin Synthesis
LogPluginManager: Mounting plugin WebMMoviePlayer
LogPluginManager: Mounting plugin WindowsMoviePlayer
LogPluginManager: Mounting plugin Takes
LogPluginManager: Mounting plugin LightPropagationVolume
LogPluginManager: Mounting plugin ScreenshotTools
LogPluginManager: Mounting plugin ContentBrowserAssetDataSource
LogPluginManager: Mounting plugin ContentBrowserClassDataSource
LogPluginManager: Mounting plugin ContentBrowserFileDataSource
LogPluginManager: Mounting plugin OnlineSubsystemGooglePlay
LogPluginManager: Mounting plugin OnlineSubsystemIOS
LogPluginManager: Mounting plugin OculusVR
LogPluginManager: Mounting plugin SteamVR
PixWinPlugin: PIX capture plugin failed to initialize! Check that the process is launched from PIX.
LogLuminAPIImpl: Warning: MLSDK not found.  This likely means the MLSDK environment variable is not set.
LogInit: Using libcurl 7.55.1-DEV
LogInit:  - built for x86_64-pc-win32
LogInit:  - supports SSL with OpenSSL/1.1.1
LogInit:  - supports HTTP deflate (compression) using libz 1.2.8
LogInit:  - other features:
LogInit:      CURL_VERSION_SSL
LogInit:      CURL_VERSION_LIBZ
LogInit:      CURL_VERSION_IPV6
LogInit:      CURL_VERSION_ASYNCHDNS
LogInit:      CURL_VERSION_LARGEFILE
LogInit:      CURL_VERSION_IDN
LogInit:  CurlRequestOptions (configurable via config and command line):
LogInit:  - bVerifyPeer = true  - Libcurl will verify peer certificate
LogInit:  - bUseHttpProxy = false  - Libcurl will NOT use HTTP proxy
LogInit:  - bDontReuseConnections = false  - Libcurl will reuse connections
LogInit:  - MaxHostConnections = 16  - Libcurl will limit the number of connections to a host
LogInit:  - LocalHostAddr = Default
LogInit:  - BufferSize = 65536
LogOnline: OSS: Creating online subsystem instance for: NULL
LogInit: WinSock: version 1.1 (2.2), MaxSocks=32767, MaxUdp=65467
LogOnline: OSS: TryLoadSubsystemAndSetDefault: Loaded subsystem for module [NULL]
LogOculusPluginWrapper: OculusPlugin initialized successfully
LogHMD: Failed initializing OVRPlugin 1.59.0
LogInit: Build: ++UE4+Release-4.27-CL-18319896
LogInit: Engine Version: 4.27.2-18319896+++UE4+Release-4.27
LogInit: Compatible Engine Version: 4.27.0-17155196+++UE4+Release-4.27
LogInit: Net CL: 17155196
LogInit: OS: Windows 10 (Release 2009) (), CPU: AMD Ryzen 7 5800H with Radeon Graphics         , GPU: AMD Radeon(TM) Graphics
LogInit: Compiled (64-bit): Nov 30 2021 07:12:08
LogInit: Compiled with Visual C++: 19.24.28315.00
LogInit: Build Configuration: Development
LogInit: Branch Name: ++UE4+Release-4.27
LogInit: Command Line: 
LogInit: Base Directory: C:/Program Files/Epic Games/UE_4.27/Engine/Binaries/Win64/
LogInit: Allocator: TBB
LogInit: Installed Engine Build: 1
LogDevObjectVersion: Number of dev versions registered: 29
LogDevObjectVersion:   Dev-Blueprints (B0D832E4-1F89-4F0D-ACCF-7EB736FD4AA2): 10
LogDevObjectVersion:   Dev-Build (E1C64328-A22C-4D53-A36C-8E866417BD8C): 0
LogDevObjectVersion:   Dev-Core (375EC13C-06E4-48FB-B500-84F0262A717E): 4
LogDevObjectVersion:   Dev-Editor (E4B068ED-F494-42E9-A231-DA0B2E46BB41): 40
LogDevObjectVersion:   Dev-Framework (CFFC743F-43B0-4480-9391-14DF171D2073): 37
LogDevObjectVersion:   Dev-Mobile (B02B49B5-BB20-44E9-A304-32B752E40360): 3
LogDevObjectVersion:   Dev-Networking (A4E4105C-59A1-49B5-A7C5-40C4547EDFEE): 0
LogDevObjectVersion:   Dev-Online (39C831C9-5AE6-47DC-9A44-9C173E1C8E7C): 0
LogDevObjectVersion:   Dev-Physics (78F01B33-EBEA-4F98-B9B4-84EACCB95AA2): 14
LogDevObjectVersion:   Dev-Platform (6631380F-2D4D-43E0-8009-CF276956A95A): 0
LogDevObjectVersion:   Dev-Rendering (12F88B9F-8875-4AFC-A67C-D90C383ABD29): 45
LogDevObjectVersion:   Dev-Sequencer (7B5AE74C-D270-4C10-A958-57980B212A5A): 13
LogDevObjectVersion:   Dev-VR (D7296918-1DD6-4BDD-9DE2-64A83CC13884): 3
LogDevObjectVersion:   Dev-LoadTimes (C2A15278-BFE7-4AFE-6C17-90FF531DF755): 1
LogDevObjectVersion:   Private-Geometry (6EACA3D4-40EC-4CC1-B786-8BED09428FC5): 3
LogDevObjectVersion:   Dev-AnimPhys (29E575DD-E0A3-4627-9D10-D276232CDCEA): 17
LogDevObjectVersion:   Dev-Anim (AF43A65D-7FD3-4947-9873-3E8ED9C1BB05): 15
LogDevObjectVersion:   Dev-ReflectionCapture (6B266CEC-1EC7-4B8F-A30B-E4D90942FC07): 1
LogDevObjectVersion:   Dev-Automation (0DF73D61-A23F-47EA-B727-89E90C41499A): 1
LogDevObjectVersion:   FortniteMain (601D1886-AC64-4F84-AA16-D3DE0DEAC7D6): 47
LogDevObjectVersion:   FortniteRelease (E7086368-6B23-4C58-8439-1B7016265E91): 1
LogDevObjectVersion:   Dev-Enterprise (9DFFBCD6-494F-0158-E221-12823C92A888): 10
LogDevObjectVersion:   Dev-Niagara (F2AED0AC-9AFE-416F-8664-AA7FFA26D6FC): 1
LogDevObjectVersion:   Dev-Destruction (174F1F0B-B4C6-45A5-B13F-2EE8D0FB917D): 10
LogDevObjectVersion:   Dev-Physics-Ext (35F94A83-E258-406C-A318-09F59610247C): 41
LogDevObjectVersion:   Dev-PhysicsMaterial-Chaos (B68FC16E-8B1B-42E2-B453-215C058844FE): 1
LogDevObjectVersion:   Dev-CineCamera (B2E18506-4273-CFC2-A54E-F4BB758BBA07): 1
LogDevObjectVersion:   Dev-VirtualProduction (64F58936-FD1B-42BA-BA96-7289D5D0FA4E): 1
LogDevObjectVersion:   Dev-MediaFramework (6F0ED827-A609-4895-9C91-998D90180EA4): 2
LogInit: Presizing for max 25165824 objects, including 0 objects not considered by GC, pre-allocating 0 bytes for permanent pool.
LogConfig: Applying CVar settings from Section [/Script/Engine.StreamingSettings] File [C:/Users/dounii/Documents/Unreal Projects/passplz/Saved/Config/Windows/Engine.ini]
LogConfig: Setting CVar [[s.MinBulkDataSizeForAsyncLoading:131072]]
LogConfig: Setting CVar [[s.AsyncLoadingThreadEnabled:0]]
LogConfig: Setting CVar [[s.EventDrivenLoaderEnabled:1]]
LogConfig: Setting CVar [[s.WarnIfTimeLimitExceeded:0]]
LogConfig: Setting CVar [[s.TimeLimitExceededMultiplier:1.5]]
LogConfig: Setting CVar [[s.TimeLimitExceededMinTime:0.005]]
LogConfig: Setting CVar [[s.UseBackgroundLevelStreaming:1]]
LogConfig: Setting CVar [[s.PriorityAsyncLoadingExtraTime:15.0]]
LogConfig: Setting CVar [[s.LevelStreamingActorsUpdateTimeLimit:5.0]]
LogConfig: Setting CVar [[s.PriorityLevelStreamingActorsUpdateExtraTime:5.0]]
LogConfig: Setting CVar [[s.LevelStreamingComponentsRegistrationGranularity:10]]
LogConfig: Setting CVar [[s.UnregisterComponentsTimeLimit:1.0]]
LogConfig: Setting CVar [[s.LevelStreamingComponentsUnregistrationGranularity:5]]
LogConfig: Setting CVar [[s.FlushStreamingOnExit:1]]
LogInit: Object subsystem initialized
LogConfig: Setting CVar [[con.DebugEarlyDefault:1]]
LogConfig: Setting CVar [[r.setres:1280x720]]
LogConfig: Setting CVar [[fx.NiagaraAllowRuntimeScalabilityChanges:1]]
[2023.01.06-09.44.27:392][  0]LogConfig: Setting CVar [[r.VSync:0]]
[2023.01.06-09.44.27:392][  0]LogConfig: Setting CVar [[r.RHICmdBypass:0]]
[2023.01.06-09.44.27:392][  0]LogConfig: Applying CVar settings from Section [/Script/Engine.RendererSettings] File [C:/Users/dounii/Documents/Unreal Projects/passplz/Saved/Config/Windows/Engine.ini]
[2023.01.06-09.44.27:392][  0]LogConfig: Setting CVar [[r.GPUCrashDebugging:0]]
[2023.01.06-09.44.27:392][  0]LogConfig: Setting CVar [[r.GenerateMeshDistanceFields:1]]
[2023.01.06-09.44.27:392][  0]LogConfig: Setting CVar [[r.DefaultFeature.AutoExposure.ExtendDefaultLuminanceRange:1]]
[2023.01.06-09.44.27:392][  0]LogConfig: Setting CVar [[r.DefaultFeature.AutoExposure:0]]
[2023.01.06-09.44.27:392][  0]LogConfig: Applying CVar settings from Section [/Script/Engine.RendererOverrideSettings] File [C:/Users/dounii/Documents/Unreal Projects/passplz/Saved/Config/Windows/Engine.ini]
[2023.01.06-09.44.27:392][  0]LogConfig: Applying CVar settings from Section [/Script/Engine.StreamingSettings] File [C:/Users/dounii/Documents/Unreal Projects/passplz/Saved/Config/Windows/Engine.ini]
[2023.01.06-09.44.27:392][  0]LogConfig: Setting CVar [[s.MinBulkDataSizeForAsyncLoading:131072]]
[2023.01.06-09.44.27:392][  0]LogConfig: Setting CVar [[s.AsyncLoadingThreadEnabled:0]]
[2023.01.06-09.44.27:392][  0]LogConfig: Setting CVar [[s.EventDrivenLoaderEnabled:1]]
[2023.01.06-09.44.27:392][  0]LogConfig: Setting CVar [[s.WarnIfTimeLimitExceeded:0]]
[2023.01.06-09.44.27:392][  0]LogConfig: Setting CVar [[s.TimeLimitExceededMultiplier:1.5]]
[2023.01.06-09.44.27:392][  0]LogConfig: Setting CVar [[s.TimeLimitExceededMinTime:0.005]]
[2023.01.06-09.44.27:392][  0]LogConfig: Setting CVar [[s.UseBackgroundLevelStreaming:1]]
[2023.01.06-09.44.27:392][  0]LogConfig: Setting CVar [[s.PriorityAsyncLoadingExtraTime:15.0]]
[2023.01.06-09.44.27:392][  0]LogConfig: Setting CVar [[s.LevelStreamingActorsUpdateTimeLimit:5.0]]
[2023.01.06-09.44.27:392][  0]LogConfig: Setting CVar [[s.PriorityLevelStreamingActorsUpdateExtraTime:5.0]]
[2023.01.06-09.44.27:392][  0]LogConfig: Setting CVar [[s.LevelStreamingComponentsRegistrationGranularity:10]]
[2023.01.06-09.44.27:392][  0]LogConfig: Setting CVar [[s.UnregisterComponentsTimeLimit:1.0]]
[2023.01.06-09.44.27:392][  0]LogConfig: Setting CVar [[s.LevelStreamingComponentsUnregistrationGranularity:5]]
[2023.01.06-09.44.27:392][  0]LogConfig: Setting CVar [[s.FlushStreamingOnExit:1]]
[2023.01.06-09.44.27:392][  0]LogConfig: Applying CVar settings from Section [/Script/Engine.GarbageCollectionSettings] File [C:/Users/dounii/Documents/Unreal Projects/passplz/Saved/Config/Windows/Engine.ini]
[2023.01.06-09.44.27:392][  0]LogConfig: Setting CVar [[gc.MaxObjectsNotConsideredByGC:1]]
[2023.01.06-09.44.27:392][  0]LogConfig: Setting CVar [[gc.SizeOfPermanentObjectPool:0]]
[2023.01.06-09.44.27:392][  0]LogConfig: Setting CVar [[gc.FlushStreamingOnGC:0]]
[2023.01.06-09.44.27:392][  0]LogConfig: Setting CVar [[gc.NumRetriesBeforeForcingGC:10]]
[2023.01.06-09.44.27:392][  0]LogConfig: Setting CVar [[gc.AllowParallelGC:1]]
[2023.01.06-09.44.27:392][  0]LogConfig: Setting CVar [[gc.TimeBetweenPurgingPendingKillObjects:61.1]]
[2023.01.06-09.44.27:392][  0]LogConfig: Setting CVar [[gc.MaxObjectsInEditor:25165824]]
[2023.01.06-09.44.27:392][  0]LogConfig: Setting CVar [[gc.IncrementalBeginDestroyEnabled:1]]
[2023.01.06-09.44.27:392][  0]LogConfig: Setting CVar [[gc.CreateGCClusters:1]]
[2023.01.06-09.44.27:392][  0]LogConfig: Setting CVar [[gc.MinGCClusterSize:5]]
[2023.01.06-09.44.27:392][  0]LogConfig: Setting CVar [[gc.ActorClusteringEnabled:0]]
[2023.01.06-09.44.27:392][  0]LogConfig: Setting CVar [[gc.BlueprintClusteringEnabled:0]]
[2023.01.06-09.44.27:392][  0]LogConfig: Setting CVar [[gc.UseDisregardForGCOnDedicatedServers:0]]
[2023.01.06-09.44.27:392][  0]LogConfig: Setting CVar [[gc.MultithreadedDestructionEnabled:1]]
[2023.01.06-09.44.27:392][  0]LogConfig: Applying CVar settings from Section [/Script/Engine.NetworkSettings] File [C:/Users/dounii/Documents/Unreal Projects/passplz/Saved/Config/Windows/Engine.ini]
[2023.01.06-09.44.27:392][  0]LogConfig: Applying CVar settings from Section [/Script/UnrealEd.CookerSettings] File [C:/Users/dounii/Documents/Unreal Projects/passplz/Saved/Config/Windows/Engine.ini]
[2023.01.06-09.44.27:403][  0]LogConfig: Applying CVar settings from Section [ViewDistanceQuality@3] File [C:/Users/dounii/Documents/Unreal Projects/passplz/Saved/Config/Windows/Scalability.ini]
[2023.01.06-09.44.27:403][  0]LogConfig: Setting CVar [[r.SkeletalMeshLODBias:0]]
[2023.01.06-09.44.27:403][  0]LogConfig: Setting CVar [[r.ViewDistanceScale:1.0]]
[2023.01.06-09.44.27:403][  0]LogConfig: Applying CVar settings from Section [AntiAliasingQuality@3] File [C:/Users/dounii/Documents/Unreal Projects/passplz/Saved/Config/Windows/Scalability.ini]
[2023.01.06-09.44.27:403][  0]LogConfig: Setting CVar [[r.PostProcessAAQuality:4]]
[2023.01.06-09.44.27:403][  0]LogConfig: Applying CVar settings from Section [ShadowQuality@3] File [C:/Users/dounii/Documents/Unreal Projects/passplz/Saved/Config/Windows/Scalability.ini]
[2023.01.06-09.44.27:403][  0]LogConfig: Setting CVar [[r.LightFunctionQuality:1]]
[2023.01.06-09.44.27:403][  0]LogConfig: Setting CVar [[r.ShadowQuality:5]]
[2023.01.06-09.44.27:403][  0]LogConfig: Setting CVar [[r.Shadow.CSM.MaxCascades:10]]
[2023.01.06-09.44.27:403][  0]LogConfig: Setting CVar [[r.Shadow.MaxResolution:2048]]
[2023.01.06-09.44.27:403][  0]LogConfig: Setting CVar [[r.Shadow.MaxCSMResolution:2048]]
[2023.01.06-09.44.27:403][  0]LogConfig: Setting CVar [[r.Shadow.RadiusThreshold:0.01]]
[2023.01.06-09.44.27:403][  0]LogConfig: Setting CVar [[r.Shadow.DistanceScale:1.0]]
[2023.01.06-09.44.27:403][  0]LogConfig: Setting CVar [[r.Shadow.CSM.TransitionScale:1.0]]
[2023.01.06-09.44.27:403][  0]LogConfig: Setting CVar [[r.Shadow.PreShadowResolutionFactor:1.0]]
[2023.01.06-09.44.27:403][  0]LogConfig: Setting CVar [[r.DistanceFieldShadowing:1]]
[2023.01.06-09.44.27:403][  0]LogConfig: Setting CVar [[r.DistanceFieldAO:1]]
[2023.01.06-09.44.27:403][  0]LogConfig: Setting CVar [[r.AOQuality:2]]
[2023.01.06-09.44.27:403][  0]LogConfig: Setting CVar [[r.VolumetricFog:1]]
[2023.01.06-09.44.27:403][  0]LogConfig: Setting CVar [[r.VolumetricFog.GridPixelSize:8]]
[2023.01.06-09.44.27:403][  0]LogConfig: Setting CVar [[r.VolumetricFog.GridSizeZ:128]]
[2023.01.06-09.44.27:403][  0]LogConfig: Setting CVar [[r.VolumetricFog.HistoryMissSupersampleCount:4]]
[2023.01.06-09.44.27:403][  0]LogConfig: Setting CVar [[r.LightMaxDrawDistanceScale:1]]
[2023.01.06-09.44.27:403][  0]LogConfig: Setting CVar [[r.CapsuleShadows:1]]
[2023.01.06-09.44.27:403][  0]LogConfig: Applying CVar settings from Section [PostProcessQuality@3] File [C:/Users/dounii/Documents/Unreal Projects/passplz/Saved/Config/Windows/Scalability.ini]
[2023.01.06-09.44.27:403][  0]LogConfig: Setting CVar [[r.MotionBlurQuality:4]]
[2023.01.06-09.44.27:403][  0]LogConfig: Setting CVar [[r.AmbientOcclusionMipLevelFactor:0.4]]
[2023.01.06-09.44.27:403][  0]LogConfig: Setting CVar [[r.AmbientOcclusionMaxQuality:100]]
[2023.01.06-09.44.27:403][  0]LogConfig: Setting CVar [[r.AmbientOcclusionLevels:-1]]
[2023.01.06-09.44.27:403][  0]LogConfig: Setting CVar [[r.AmbientOcclusionRadiusScale:1.0]]
[2023.01.06-09.44.27:403][  0]LogConfig: Setting CVar [[r.DepthOfFieldQuality:2]]
[2023.01.06-09.44.27:403][  0]LogConfig: Setting CVar [[r.RenderTargetPoolMin:400]]
[2023.01.06-09.44.27:403][  0]LogConfig: Setting CVar [[r.LensFlareQuality:2]]
[2023.01.06-09.44.27:403][  0]LogConfig: Setting CVar [[r.SceneColorFringeQuality:1]]
[2023.01.06-09.44.27:403][  0]LogConfig: Setting CVar [[r.EyeAdaptationQuality:2]]
[2023.01.06-09.44.27:403][  0]LogConfig: Setting CVar [[r.BloomQuality:5]]
[2023.01.06-09.44.27:403][  0]LogConfig: Setting CVar [[r.FastBlurThreshold:100]]
[2023.01.06-09.44.27:403][  0]LogConfig: Setting CVar [[r.Upscale.Quality:3]]
[2023.01.06-09.44.27:403][  0]LogConfig: Setting CVar [[r.Tonemapper.GrainQuantization:1]]
[2023.01.06-09.44.27:403][  0]LogConfig: Setting CVar [[r.LightShaftQuality:1]]
[2023.01.06-09.44.27:403][  0]LogConfig: Setting CVar [[r.Filter.SizeScale:1]]
[2023.01.06-09.44.27:403][  0]LogConfig: Setting CVar [[r.Tonemapper.Quality:5]]
[2023.01.06-09.44.27:403][  0]LogConfig: Setting CVar [[r.DOF.Gather.AccumulatorQuality:1        ; higher gathering accumulator quality]]
[2023.01.06-09.44.27:403][  0]LogConfig: Setting CVar [[r.DOF.Gather.PostfilterMethod:1          ; Median3x3 postfilering method]]
[2023.01.06-09.44.27:403][  0]LogConfig: Setting CVar [[r.DOF.Gather.EnableBokehSettings:0       ; no bokeh simulation when gathering]]
[2023.01.06-09.44.27:403][  0]LogConfig: Setting CVar [[r.DOF.Gather.RingCount:4                 ; medium number of samples when gathering]]
[2023.01.06-09.44.27:403][  0]LogConfig: Setting CVar [[r.DOF.Scatter.ForegroundCompositing:1    ; additive foreground scattering]]
[2023.01.06-09.44.27:403][  0]LogConfig: Setting CVar [[r.DOF.Scatter.BackgroundCompositing:2    ; additive background scattering]]
[2023.01.06-09.44.27:403][  0]LogConfig: Setting CVar [[r.DOF.Scatter.EnableBokehSettings:1      ; bokeh simulation when scattering]]
[2023.01.06-09.44.27:403][  0]LogConfig: Setting CVar [[r.DOF.Scatter.MaxSpriteRatio:0.1         ; only a maximum of 10% of scattered bokeh]]
[2023.01.06-09.44.27:403][  0]LogConfig: Setting CVar [[r.DOF.Recombine.Quality:1                ; cheap slight out of focus]]
[2023.01.06-09.44.27:403][  0]LogConfig: Setting CVar [[r.DOF.Recombine.EnableBokehSettings:0    ; no bokeh simulation on slight out of focus]]
[2023.01.06-09.44.27:403][  0]LogConfig: Setting CVar [[r.DOF.TemporalAAQuality:1                ; more stable temporal accumulation]]
[2023.01.06-09.44.27:403][  0]LogConfig: Setting CVar [[r.DOF.Kernel.MaxForegroundRadius:0.025]]
[2023.01.06-09.44.27:403][  0]LogConfig: Setting CVar [[r.DOF.Kernel.MaxBackgroundRadius:0.025]]
[2023.01.06-09.44.27:403][  0]LogConfig: Applying CVar settings from Section [TextureQuality@3] File [C:/Users/dounii/Documents/Unreal Projects/passplz/Saved/Config/Windows/Scalability.ini]
[2023.01.06-09.44.27:403][  0]LogConfig: Setting CVar [[r.Streaming.MipBias:0]]
[2023.01.06-09.44.27:403][  0]LogConfig: Setting CVar [[r.Streaming.AmortizeCPUToGPUCopy:0]]
[2023.01.06-09.44.27:403][  0]LogConfig: Setting CVar [[r.Streaming.MaxNumTexturesToStreamPerFrame:0]]
[2023.01.06-09.44.27:403][  0]LogConfig: Setting CVar [[r.Streaming.Boost:1]]
[2023.01.06-09.44.27:403][  0]LogConfig: Setting CVar [[r.MaxAnisotropy:8]]
[2023.01.06-09.44.27:403][  0]LogConfig: Setting CVar [[r.VT.MaxAnisotropy:8]]
[2023.01.06-09.44.27:403][  0]LogConfig: Setting CVar [[r.Streaming.LimitPoolSizeToVRAM:0]]
[2023.01.06-09.44.27:403][  0]LogConfig: Setting CVar [[r.Streaming.PoolSize:1000]]
[2023.01.06-09.44.27:403][  0]LogConfig: Setting CVar [[r.Streaming.MaxEffectiveScreenSize:0]]
[2023.01.06-09.44.27:403][  0]LogConfig: Applying CVar settings from Section [EffectsQuality@3] File [C:/Users/dounii/Documents/Unreal Projects/passplz/Saved/Config/Windows/Scalability.ini]
[2023.01.06-09.44.27:403][  0]LogConfig: Setting CVar [[r.TranslucencyLightingVolumeDim:64]]
[2023.01.06-09.44.27:403][  0]LogConfig: Setting CVar [[r.RefractionQuality:2]]
[2023.01.06-09.44.27:403][  0]LogConfig: Setting CVar [[r.SSR.Quality:3]]
[2023.01.06-09.44.27:403][  0]LogConfig: Setting CVar [[r.SSR.HalfResSceneColor:0]]
[2023.01.06-09.44.27:403][  0]LogConfig: Setting CVar [[r.SceneColorFormat:4]]
[2023.01.06-09.44.27:403][  0]LogConfig: Setting CVar [[r.DetailMode:2]]
[2023.01.06-09.44.27:403][  0]LogConfig: Setting CVar [[r.TranslucencyVolumeBlur:1]]
[2023.01.06-09.44.27:403][  0]LogConfig: Setting CVar [[r.MaterialQualityLevel:1 ; High quality]]
[2023.01.06-09.44.27:403][  0]LogConfig: Setting CVar [[r.AnisotropicMaterials:1]]
[2023.01.06-09.44.27:403][  0]LogConfig: Setting CVar [[r.SSS.Scale:1]]
[2023.01.06-09.44.27:403][  0]LogConfig: Setting CVar [[r.SSS.SampleSet:2]]
[2023.01.06-09.44.27:403][  0]LogConfig: Setting CVar [[r.SSS.Quality:1]]
[2023.01.06-09.44.27:403][  0]LogConfig: Setting CVar [[r.SSS.HalfRes:0]]
[2023.01.06-09.44.27:403][  0]LogConfig: Setting CVar [[r.SSGI.Quality:3]]
[2023.01.06-09.44.27:403][  0]LogConfig: Setting CVar [[r.EmitterSpawnRateScale:1.0]]
[2023.01.06-09.44.27:403][  0]LogConfig: Setting CVar [[r.ParticleLightQuality:2]]
[2023.01.06-09.44.27:403][  0]LogConfig: Setting CVar [[r.SkyAtmosphere.AerialPerspectiveLUT.FastApplyOnOpaque:1 ; Always have FastSkyLUT 1 in this case to avoid wrong sky]]
[2023.01.06-09.44.27:403][  0]LogConfig: Setting CVar [[r.SkyAtmosphere.AerialPerspectiveLUT.SampleCountMaxPerSlice:4]]
[2023.01.06-09.44.27:403][  0]LogConfig: Setting CVar [[r.SkyAtmosphere.AerialPerspectiveLUT.DepthResolution:16.0]]
[2023.01.06-09.44.27:403][  0]LogConfig: Setting CVar [[r.SkyAtmosphere.FastSkyLUT:1]]
[2023.01.06-09.44.27:403][  0]LogConfig: Setting CVar [[r.SkyAtmosphere.FastSkyLUT.SampleCountMin:4.0]]
[2023.01.06-09.44.27:403][  0]LogConfig: Setting CVar [[r.SkyAtmosphere.FastSkyLUT.SampleCountMax:128.0]]
[2023.01.06-09.44.27:403][  0]LogConfig: Setting CVar [[r.SkyAtmosphere.SampleCountMin:4.0]]
[2023.01.06-09.44.27:403][  0]LogConfig: Setting CVar [[r.SkyAtmosphere.SampleCountMax:128.0]]
[2023.01.06-09.44.27:403][  0]LogConfig: Setting CVar [[r.SkyAtmosphere.TransmittanceLUT.UseSmallFormat:0]]
[2023.01.06-09.44.27:403][  0]LogConfig: Setting CVar [[r.SkyAtmosphere.TransmittanceLUT.SampleCount:10.0]]
[2023.01.06-09.44.27:403][  0]LogConfig: Setting CVar [[r.SkyAtmosphere.MultiScatteringLUT.SampleCount:15.0]]
[2023.01.06-09.44.27:403][  0]LogConfig: Setting CVar [[r.SkyLight.RealTimeReflectionCapture:1]]
[2023.01.06-09.44.27:403][  0]LogConfig: Setting CVar [[fx.Niagara.QualityLevel:3]]
[2023.01.06-09.44.27:403][  0]LogConfig: Applying CVar settings from Section [FoliageQuality@3] File [C:/Users/dounii/Documents/Unreal Projects/passplz/Saved/Config/Windows/Scalability.ini]
[2023.01.06-09.44.27:403][  0]LogConfig: Setting CVar [[foliage.DensityScale:1.0]]
[2023.01.06-09.44.27:403][  0]LogConfig: Setting CVar [[grass.DensityScale:1.0]]
[2023.01.06-09.44.27:403][  0]LogConfig: Applying CVar settings from Section [ShadingQuality@3] File [C:/Users/dounii/Documents/Unreal Projects/passplz/Saved/Config/Windows/Scalability.ini]
[2023.01.06-09.44.27:403][  0]LogConfig: Setting CVar [[r.HairStrands.SkyLighting.IntegrationType:2]]
[2023.01.06-09.44.27:403][  0]LogConfig: Setting CVar [[r.HairStrands.SkyAO.SampleCount:4]]
[2023.01.06-09.44.27:403][  0]LogConfig: Setting CVar [[r.HairStrands.Visibility.MSAA.SamplePerPixel:4]]
[2023.01.06-09.44.27:403][  0]LogConfig: Setting CVar [[r.HairStrands.Interpolation.UseSingleGuide:0]]
[2023.01.06-09.44.27:403][  0]LogInit: Selected Device Profile: [Windows]
[2023.01.06-09.44.27:403][  0]LogInit: Applying CVar settings loaded from the selected device profile: [Windows]
[2023.01.06-09.44.27:403][  0]LogHAL: Display: Platform has ~ 16 GB [16542048256 / 17179869184 / 16], which maps to Larger [LargestMinGB=32, LargerMinGB=12, DefaultMinGB=8, SmallerMinGB=6, SmallestMinGB=0)
[2023.01.06-09.44.27:403][  0]LogInit: Going up to parent DeviceProfile []
[2023.01.06-09.44.27:404][  0]LogConfig: Applying CVar settings from Section [ViewDistanceQuality@3] File [C:/Users/dounii/Documents/Unreal Projects/passplz/Saved/Config/Windows/Scalability.ini]
[2023.01.06-09.44.27:404][  0]LogConfig: Setting CVar [[r.SkeletalMeshLODBias:0]]
[2023.01.06-09.44.27:404][  0]LogConfig: Setting CVar [[r.ViewDistanceScale:1.0]]
[2023.01.06-09.44.27:404][  0]LogConfig: Applying CVar settings from Section [AntiAliasingQuality@3] File [C:/Users/dounii/Documents/Unreal Projects/passplz/Saved/Config/Windows/Scalability.ini]
[2023.01.06-09.44.27:404][  0]LogConfig: Setting CVar [[r.PostProcessAAQuality:4]]
[2023.01.06-09.44.27:404][  0]LogConfig: Applying CVar settings from Section [ShadowQuality@3] File [C:/Users/dounii/Documents/Unreal Projects/passplz/Saved/Config/Windows/Scalability.ini]
[2023.01.06-09.44.27:404][  0]LogConfig: Setting CVar [[r.LightFunctionQuality:1]]
[2023.01.06-09.44.27:404][  0]LogConfig: Setting CVar [[r.ShadowQuality:5]]
[2023.01.06-09.44.27:404][  0]LogConfig: Setting CVar [[r.Shadow.CSM.MaxCascades:10]]
[2023.01.06-09.44.27:404][  0]LogConfig: Setting CVar [[r.Shadow.MaxResolution:2048]]
[2023.01.06-09.44.27:404][  0]LogConfig: Setting CVar [[r.Shadow.MaxCSMResolution:2048]]
[2023.01.06-09.44.27:404][  0]LogConfig: Setting CVar [[r.Shadow.RadiusThreshold:0.01]]
[2023.01.06-09.44.27:404][  0]LogConfig: Setting CVar [[r.Shadow.DistanceScale:1.0]]
[2023.01.06-09.44.27:404][  0]LogConfig: Setting CVar [[r.Shadow.CSM.TransitionScale:1.0]]
[2023.01.06-09.44.27:404][  0]LogConfig: Setting CVar [[r.Shadow.PreShadowResolutionFactor:1.0]]
[2023.01.06-09.44.27:404][  0]LogConfig: Setting CVar [[r.DistanceFieldShadowing:1]]
[2023.01.06-09.44.27:404][  0]LogConfig: Setting CVar [[r.DistanceFieldAO:1]]
[2023.01.06-09.44.27:404][  0]LogConfig: Setting CVar [[r.AOQuality:2]]
[2023.01.06-09.44.27:404][  0]LogConfig: Setting CVar [[r.VolumetricFog:1]]
[2023.01.06-09.44.27:404][  0]LogConfig: Setting CVar [[r.VolumetricFog.GridPixelSize:8]]
[2023.01.06-09.44.27:404][  0]LogConfig: Setting CVar [[r.VolumetricFog.GridSizeZ:128]]
[2023.01.06-09.44.27:404][  0]LogConfig: Setting CVar [[r.VolumetricFog.HistoryMissSupersampleCount:4]]
[2023.01.06-09.44.27:404][  0]LogConfig: Setting CVar [[r.LightMaxDrawDistanceScale:1]]
[2023.01.06-09.44.27:404][  0]LogConfig: Setting CVar [[r.CapsuleShadows:1]]
[2023.01.06-09.44.27:404][  0]LogConfig: Applying CVar settings from Section [PostProcessQuality@3] File [C:/Users/dounii/Documents/Unreal Projects/passplz/Saved/Config/Windows/Scalability.ini]
[2023.01.06-09.44.27:404][  0]LogConfig: Setting CVar [[r.MotionBlurQuality:4]]
[2023.01.06-09.44.27:404][  0]LogConfig: Setting CVar [[r.AmbientOcclusionMipLevelFactor:0.4]]
[2023.01.06-09.44.27:404][  0]LogConfig: Setting CVar [[r.AmbientOcclusionMaxQuality:100]]
[2023.01.06-09.44.27:404][  0]LogConfig: Setting CVar [[r.AmbientOcclusionLevels:-1]]
[2023.01.06-09.44.27:404][  0]LogConfig: Setting CVar [[r.AmbientOcclusionRadiusScale:1.0]]
[2023.01.06-09.44.27:404][  0]LogConfig: Setting CVar [[r.DepthOfFieldQuality:2]]
[2023.01.06-09.44.27:404][  0]LogConfig: Setting CVar [[r.RenderTargetPoolMin:400]]
[2023.01.06-09.44.27:404][  0]LogConfig: Setting CVar [[r.LensFlareQuality:2]]
[2023.01.06-09.44.27:404][  0]LogConfig: Setting CVar [[r.SceneColorFringeQuality:1]]
[2023.01.06-09.44.27:404][  0]LogConfig: Setting CVar [[r.EyeAdaptationQuality:2]]
[2023.01.06-09.44.27:404][  0]LogConfig: Setting CVar [[r.BloomQuality:5]]
[2023.01.06-09.44.27:404][  0]LogConfig: Setting CVar [[r.FastBlurThreshold:100]]
[2023.01.06-09.44.27:404][  0]LogConfig: Setting CVar [[r.Upscale.Quality:3]]
[2023.01.06-09.44.27:404][  0]LogConfig: Setting CVar [[r.Tonemapper.GrainQuantization:1]]
[2023.01.06-09.44.27:404][  0]LogConfig: Setting CVar [[r.LightShaftQuality:1]]
[2023.01.06-09.44.27:404][  0]LogConfig: Setting CVar [[r.Filter.SizeScale:1]]
[2023.01.06-09.44.27:404][  0]LogConfig: Setting CVar [[r.Tonemapper.Quality:5]]
[2023.01.06-09.44.27:404][  0]LogConfig: Setting CVar [[r.DOF.Gather.AccumulatorQuality:1        ; higher gathering accumulator quality]]
[2023.01.06-09.44.27:404][  0]LogConfig: Setting CVar [[r.DOF.Gather.PostfilterMethod:1          ; Median3x3 postfilering method]]
[2023.01.06-09.44.27:404][  0]LogConfig: Setting CVar [[r.DOF.Gather.EnableBokehSettings:0       ; no bokeh simulation when gathering]]
[2023.01.06-09.44.27:404][  0]LogConfig: Setting CVar [[r.DOF.Gather.RingCount:4                 ; medium number of samples when gathering]]
[2023.01.06-09.44.27:404][  0]LogConfig: Setting CVar [[r.DOF.Scatter.ForegroundCompositing:1    ; additive foreground scattering]]
[2023.01.06-09.44.27:404][  0]LogConfig: Setting CVar [[r.DOF.Scatter.BackgroundCompositing:2    ; additive background scattering]]
[2023.01.06-09.44.27:404][  0]LogConfig: Setting CVar [[r.DOF.Scatter.EnableBokehSettings:1      ; bokeh simulation when scattering]]
[2023.01.06-09.44.27:404][  0]LogConfig: Setting CVar [[r.DOF.Scatter.MaxSpriteRatio:0.1         ; only a maximum of 10% of scattered bokeh]]
[2023.01.06-09.44.27:404][  0]LogConfig: Setting CVar [[r.DOF.Recombine.Quality:1                ; cheap slight out of focus]]
[2023.01.06-09.44.27:404][  0]LogConfig: Setting CVar [[r.DOF.Recombine.EnableBokehSettings:0    ; no bokeh simulation on slight out of focus]]
[2023.01.06-09.44.27:404][  0]LogConfig: Setting CVar [[r.DOF.TemporalAAQuality:1                ; more stable temporal accumulation]]
[2023.01.06-09.44.27:404][  0]LogConfig: Setting CVar [[r.DOF.Kernel.MaxForegroundRadius:0.025]]
[2023.01.06-09.44.27:404][  0]LogConfig: Setting CVar [[r.DOF.Kernel.MaxBackgroundRadius:0.025]]
[2023.01.06-09.44.27:404][  0]LogConfig: Applying CVar settings from Section [TextureQuality@3] File [C:/Users/dounii/Documents/Unreal Projects/passplz/Saved/Config/Windows/Scalability.ini]
[2023.01.06-09.44.27:404][  0]LogConfig: Setting CVar [[r.Streaming.MipBias:0]]
[2023.01.06-09.44.27:404][  0]LogConfig: Setting CVar [[r.Streaming.AmortizeCPUToGPUCopy:0]]
[2023.01.06-09.44.27:404][  0]LogConfig: Setting CVar [[r.Streaming.MaxNumTexturesToStreamPerFrame:0]]
[2023.01.06-09.44.27:404][  0]LogConfig: Setting CVar [[r.Streaming.Boost:1]]
[2023.01.06-09.44.27:404][  0]LogConfig: Setting CVar [[r.MaxAnisotropy:8]]
[2023.01.06-09.44.27:404][  0]LogConfig: Setting CVar [[r.VT.MaxAnisotropy:8]]
[2023.01.06-09.44.27:404][  0]LogConfig: Setting CVar [[r.Streaming.LimitPoolSizeToVRAM:0]]
[2023.01.06-09.44.27:404][  0]LogConfig: Setting CVar [[r.Streaming.PoolSize:1000]]
[2023.01.06-09.44.27:404][  0]LogConfig: Setting CVar [[r.Streaming.MaxEffectiveScreenSize:0]]
[2023.01.06-09.44.27:404][  0]LogConfig: Applying CVar settings from Section [EffectsQuality@3] File [C:/Users/dounii/Documents/Unreal Projects/passplz/Saved/Config/Windows/Scalability.ini]
[2023.01.06-09.44.27:404][  0]LogConfig: Setting CVar [[r.TranslucencyLightingVolumeDim:64]]
[2023.01.06-09.44.27:404][  0]LogConfig: Setting CVar [[r.RefractionQuality:2]]
[2023.01.06-09.44.27:404][  0]LogConfig: Setting CVar [[r.SSR.Quality:3]]
[2023.01.06-09.44.27:404][  0]LogConfig: Setting CVar [[r.SSR.HalfResSceneColor:0]]
[2023.01.06-09.44.27:404][  0]LogConfig: Setting CVar [[r.SceneColorFormat:4]]
[2023.01.06-09.44.27:404][  0]LogConfig: Setting CVar [[r.DetailMode:2]]
[2023.01.06-09.44.27:404][  0]LogConfig: Setting CVar [[r.TranslucencyVolumeBlur:1]]
[2023.01.06-09.44.27:404][  0]LogConfig: Setting CVar [[r.MaterialQualityLevel:1 ; High quality]]
[2023.01.06-09.44.27:404][  0]LogConfig: Setting CVar [[r.AnisotropicMaterials:1]]
[2023.01.06-09.44.27:404][  0]LogConfig: Setting CVar [[r.SSS.Scale:1]]
[2023.01.06-09.44.27:404][  0]LogConfig: Setting CVar [[r.SSS.SampleSet:2]]
[2023.01.06-09.44.27:404][  0]LogConfig: Setting CVar [[r.SSS.Quality:1]]
[2023.01.06-09.44.27:404][  0]LogConfig: Setting CVar [[r.SSS.HalfRes:0]]
[2023.01.06-09.44.27:404][  0]LogConfig: Setting CVar [[r.SSGI.Quality:3]]
[2023.01.06-09.44.27:404][  0]LogConfig: Setting CVar [[r.EmitterSpawnRateScale:1.0]]
[2023.01.06-09.44.27:404][  0]LogConfig: Setting CVar [[r.ParticleLightQuality:2]]
[2023.01.06-09.44.27:404][  0]LogConfig: Setting CVar [[r.SkyAtmosphere.AerialPerspectiveLUT.FastApplyOnOpaque:1 ; Always have FastSkyLUT 1 in this case to avoid wrong sky]]
[2023.01.06-09.44.27:404][  0]LogConfig: Setting CVar [[r.SkyAtmosphere.AerialPerspectiveLUT.SampleCountMaxPerSlice:4]]
[2023.01.06-09.44.27:404][  0]LogConfig: Setting CVar [[r.SkyAtmosphere.AerialPerspectiveLUT.DepthResolution:16.0]]
[2023.01.06-09.44.27:404][  0]LogConfig: Setting CVar [[r.SkyAtmosphere.FastSkyLUT:1]]
[2023.01.06-09.44.27:404][  0]LogConfig: Setting CVar [[r.SkyAtmosphere.FastSkyLUT.SampleCountMin:4.0]]
[2023.01.06-09.44.27:404][  0]LogConfig: Setting CVar [[r.SkyAtmosphere.FastSkyLUT.SampleCountMax:128.0]]
[2023.01.06-09.44.27:404][  0]LogConfig: Setting CVar [[r.SkyAtmosphere.SampleCountMin:4.0]]
[2023.01.06-09.44.27:404][  0]LogConfig: Setting CVar [[r.SkyAtmosphere.SampleCountMax:128.0]]
[2023.01.06-09.44.27:404][  0]LogConfig: Setting CVar [[r.SkyAtmosphere.TransmittanceLUT.UseSmallFormat:0]]
[2023.01.06-09.44.27:404][  0]LogConfig: Setting CVar [[r.SkyAtmosphere.TransmittanceLUT.SampleCount:10.0]]
[2023.01.06-09.44.27:404][  0]LogConfig: Setting CVar [[r.SkyAtmosphere.MultiScatteringLUT.SampleCount:15.0]]
[2023.01.06-09.44.27:404][  0]LogConfig: Setting CVar [[r.SkyLight.RealTimeReflectionCapture:1]]
[2023.01.06-09.44.27:404][  0]LogConfig: Setting CVar [[fx.Niagara.QualityLevel:3]]
[2023.01.06-09.44.27:404][  0]LogConfig: Applying CVar settings from Section [FoliageQuality@3] File [C:/Users/dounii/Documents/Unreal Projects/passplz/Saved/Config/Windows/Scalability.ini]
[2023.01.06-09.44.27:404][  0]LogConfig: Setting CVar [[foliage.DensityScale:1.0]]
[2023.01.06-09.44.27:404][  0]LogConfig: Setting CVar [[grass.DensityScale:1.0]]
[2023.01.06-09.44.27:404][  0]LogConfig: Applying CVar settings from Section [ShadingQuality@3] File [C:/Users/dounii/Documents/Unreal Projects/passplz/Saved/Config/Windows/Scalability.ini]
[2023.01.06-09.44.27:404][  0]LogConfig: Setting CVar [[r.HairStrands.SkyLighting.IntegrationType:2]]
[2023.01.06-09.44.27:404][  0]LogConfig: Setting CVar [[r.HairStrands.SkyAO.SampleCount:4]]
[2023.01.06-09.44.27:404][  0]LogConfig: Setting CVar [[r.HairStrands.Visibility.MSAA.SamplePerPixel:4]]
[2023.01.06-09.44.27:404][  0]LogConfig: Setting CVar [[r.HairStrands.Interpolation.UseSingleGuide:0]]
[2023.01.06-09.44.27:404][  0]LogConfig: Applying CVar settings from Section [Startup] File [../../../Engine/Config/ConsoleVariables.ini]
[2023.01.06-09.44.27:405][  0]LogConfig: Setting CVar [[net.UseAdaptiveNetUpdateFrequency:0]]
[2023.01.06-09.44.27:405][  0]LogConfig: Setting CVar [[p.chaos.AllowCreatePhysxBodies:1]]
[2023.01.06-09.44.27:405][  0]LogConfig: Setting CVar [[fx.SkipVectorVMBackendOptimizations:1]]
[2023.01.06-09.44.27:405][  0]LogConfig: Applying CVar settings from Section [ConsoleVariables] File [C:/Users/dounii/Documents/Unreal Projects/passplz/Saved/Config/Windows/Engine.ini]
[2023.01.06-09.44.27:405][  0]LogConfig: Applying CVar settings from Section [ConsoleVariables] File [C:/Users/dounii/Documents/Unreal Projects/passplz/Saved/Config/Windows/Editor.ini]
[2023.01.06-09.44.27:405][  0]LogInit: Computer: DESKTOP-MK6DA98
[2023.01.06-09.44.27:405][  0]LogInit: User: dounii
[2023.01.06-09.44.27:405][  0]LogInit: CPU Page size=4096, Cores=8
[2023.01.06-09.44.27:405][  0]LogInit: High frequency timer resolution =10.000000 MHz
[2023.01.06-09.44.27:405][  0]LogMemory: Memory total: Physical=15.4GB (16GB approx)
[2023.01.06-09.44.27:405][  0]LogMemory: Platform Memory Stats for Windows
[2023.01.06-09.44.27:405][  0]LogMemory: Process Physical Memory: 152.30 MB used, 152.30 MB peak
[2023.01.06-09.44.27:405][  0]LogMemory: Process Virtual Memory: 129.89 MB used, 129.89 MB peak
[2023.01.06-09.44.27:405][  0]LogMemory: Physical Memory: 6224.90 MB used,  9550.83 MB free, 15775.73 MB total
[2023.01.06-09.44.27:405][  0]LogMemory: Virtual Memory: 134208872.00 MB used,  8858.52 MB free, 134217728.00 MB total
[2023.01.06-09.44.27:415][  0]LogWindows: WindowsPlatformFeatures enabled
[2023.01.06-09.44.27:539][  0]LogInit: Physics initialised using underlying interface: PhysX
[2023.01.06-09.44.27:541][  0]LogInit: Overriding language with editor language configuration option (en).
[2023.01.06-09.44.27:541][  0]LogInit: Using OS detected locale (ko-KR).
[2023.01.06-09.44.27:768][  0]LogInit: Setting process to per monitor DPI aware
[2023.01.06-09.44.27:802][  0]LogWindowsTextInputMethodSystem: Display: IME system deactivated.
[2023.01.06-09.44.27:822][  0]LogSlate: New Slate User Created.  User Index 0, Is Virtual User: 0
[2023.01.06-09.44.27:822][  0]LogSlate: Slate User Registered.  User Index 0, Is Virtual User: 0
[2023.01.06-09.44.28:177][  0]LogD3D12RHI: Aftermath initialized
[2023.01.06-09.44.28:177][  0]LogD3D12RHI: Loading WinPixEventRuntime.dll for PIX profiling (from ../../../Engine/Binaries/ThirdParty/Windows/WinPixEventRuntime/x64).
[2023.01.06-09.44.28:228][  0]LogHMD: Failed to initialize OpenVR with code 110
[2023.01.06-09.44.28:423][  0]LogD3D12RHI: Found D3D12 adapter 0: NVIDIA GeForce RTX 3050 Laptop GPU (Max supported Feature Level 12_1)
[2023.01.06-09.44.28:423][  0]LogD3D12RHI: Adapter has 3991MB of dedicated video memory, 0MB of dedicated system memory, and 7887MB of shared system memory, 1 output[s]
[2023.01.06-09.44.28:560][  0]LogD3D12RHI: Found D3D12 adapter 1: AMD Radeon(TM) Graphics (Max supported Feature Level 12_1)
[2023.01.06-09.44.28:560][  0]LogD3D12RHI: Adapter has 496MB of dedicated video memory, 0MB of dedicated system memory, and 7887MB of shared system memory, 0 output[s]
[2023.01.06-09.44.28:572][  0]LogD3D12RHI: Found D3D12 adapter 2: Microsoft Basic Render Driver (Max supported Feature Level 12_1)
[2023.01.06-09.44.28:572][  0]LogD3D12RHI: Adapter has 0MB of dedicated video memory, 0MB of dedicated system memory, and 7887MB of shared system memory, 0 output[s]
[2023.01.06-09.44.28:674][  0]LogD3D12RHI: Found D3D12 adapter 3: AMD Radeon(TM) Graphics (Max supported Feature Level 12_1)
[2023.01.06-09.44.28:674][  0]LogD3D12RHI: Adapter has 496MB of dedicated video memory, 0MB of dedicated system memory, and 7887MB of shared system memory, 0 output[s]
[2023.01.06-09.44.28:674][  0]LogD3D12RHI: Forcing D3D12.AsyncDeferredDeletion=0 as a workaround for a deadlock.
[2023.01.06-09.44.28:675][  0]LogD3D12RHI: Chosen D3D12 Adapter Id = 0
[2023.01.06-09.44.28:682][  0]LogD3D12RHI: InitD3DDevice: -D3DDebug = off -D3D12GPUValidation = off
[2023.01.06-09.44.28:682][  0]LogD3D12RHI: Emitting draw events for PIX profiling.
[2023.01.06-09.44.28:748][  0]LogD3D12RHI: The system supports ID3D12Device1.
[2023.01.06-09.44.28:748][  0]LogD3D12RHI: The system supports ID3D12Device2.
[2023.01.06-09.44.28:748][  0]LogD3D12RHI: The system supports ID3D12Device5.
[2023.01.06-09.44.28:748][  0]LogD3D12RHI: The system supports ID3D12Device7.
[2023.01.06-09.44.28:748][  0]LogD3D12RHI: D3D12 ray tracing 1.0 is supported.
[2023.01.06-09.44.28:748][  0]LogD3D12RHI: D3D12 ray tracing 1.1 is supported.
[2023.01.06-09.44.28:817][  0]LogD3D12RHI: [GPUBreadCrumb] Successfully setup breadcrumb resource for 3D Queue 0
[2023.01.06-09.44.28:824][  0]LogD3D12RHI: [GPUBreadCrumb] Successfully setup breadcrumb resource for Copy Queue 0
[2023.01.06-09.44.28:838][  0]LogD3D12RHI: [GPUBreadCrumb] Successfully setup breadcrumb resource for Compute Queue 0
[2023.01.06-09.44.28:850][  0]LogD3D12RHI: Display: Not using pipeline state disk cache per r.D3D12.PSO.DiskCache=0
[2023.01.06-09.44.28:850][  0]LogD3D12RHI: Display: Not using driver-optimized pipeline state disk cache per r.D3D12.PSO.DriverOptimizedDiskCache=0
[2023.01.06-09.44.28:934][  0]LogD3D12RHI:     GPU DeviceId: 0x25a2 (for the marketing name, search the web for "GPU Device Id")
[2023.01.06-09.44.28:934][  0]LogWindows: EnumDisplayDevices:
[2023.01.06-09.44.28:934][  0]LogWindows:    0. 'AMD Radeon(TM) Graphics' (P:1 D:1)
[2023.01.06-09.44.28:934][  0]LogWindows:    1. 'AMD Radeon(TM) Graphics' (P:0 D:0)
[2023.01.06-09.44.28:935][  0]LogWindows:    2. 'AMD Radeon(TM) Graphics' (P:0 D:0)
[2023.01.06-09.44.28:936][  0]LogWindows:    3. 'LuminonCore IDDCX Adapter' (P:0 D:0)
[2023.01.06-09.44.28:937][  0]LogWindows:    4. 'LuminonCore IDDCX Adapter' (P:0 D:0)
[2023.01.06-09.44.28:939][  0]LogWindows:    5. 'LuminonCore IDDCX Adapter' (P:0 D:0)
[2023.01.06-09.44.28:939][  0]LogWindows:    6. 'LuminonCore IDDCX Adapter' (P:0 D:0)
[2023.01.06-09.44.28:940][  0]LogWindows:    7. 'LuminonCore IDDCX Adapter' (P:0 D:0)
[2023.01.06-09.44.28:941][  0]LogWindows:    8. 'LuminonCore IDDCX Adapter' (P:0 D:0)
[2023.01.06-09.44.28:941][  0]LogWindows:    9. 'LuminonCore IDDCX Adapter' (P:0 D:0)
[2023.01.06-09.44.28:942][  0]LogWindows:    10. 'LuminonCore IDDCX Adapter' (P:0 D:0)
[2023.01.06-09.44.28:943][  0]LogWindows:    11. 'LuminonCore IDDCX Adapter' (P:0 D:0)
[2023.01.06-09.44.28:943][  0]LogWindows:    12. 'LuminonCore IDDCX Adapter' (P:0 D:0)
[2023.01.06-09.44.28:944][  0]LogWindows:    13. 'LuminonCore IDDCX Adapter' (P:0 D:0)
[2023.01.06-09.44.28:945][  0]LogWindows:    14. 'LuminonCore IDDCX Adapter' (P:0 D:0)
[2023.01.06-09.44.28:945][  0]LogWindows:    15. 'LuminonCore IDDCX Adapter' (P:0 D:0)
[2023.01.06-09.44.28:946][  0]LogWindows:    16. 'LuminonCore IDDCX Adapter' (P:0 D:0)
[2023.01.06-09.44.28:947][  0]LogWindows:    17. 'LuminonCore IDDCX Adapter' (P:0 D:0)
[2023.01.06-09.44.28:948][  0]LogWindows:    18. 'LuminonCore IDDCX Adapter' (P:0 D:0)
[2023.01.06-09.44.28:948][  0]LogWindows: DebugString: PrimaryIsNotTheChoosenAdapter PrimaryIsNotTheChoosenAdapter PrimaryIsNotTheChoosenAdapter GetVideoDriverDetailsInvalid PrimaryIsNotTheChoosenAdapter GetVideoDriverDetailsInvalid PrimaryIsNotTheChoosenAdapter GetVideoDriverDetailsInvalid PrimaryIsNotTheChoosenAdapter GetVideoDriverDetailsInvalid PrimaryIsNotTheChoosenAdapter GetVideoDriverDetailsInvalid PrimaryIsNotTheChoosenAdapter GetVideoDriverDetailsInvalid PrimaryIsNotTheChoosenAdapter GetVideoDriverDetailsInvalid PrimaryIsNotTheChoosenAdapter GetVideoDriverDetailsInvalid PrimaryIsNotTheChoosenAdapter GetVideoDriverDetailsInvalid PrimaryIsNotTheChoosenAdapter GetVideoDriverDetailsInvalid PrimaryIsNotTheChoosenAdapter GetVideoDriverDetailsInvalid PrimaryIsNotTheChoosenAdapter GetVideoDriverDetailsInvalid PrimaryIsNotTheChoosenAdapter GetVideoDriverDetailsInvalid PrimaryIsNotTheChoosenAdapter GetVideoDriverDetailsInvalid PrimaryIsNotTheChoosenAdapter GetVideoDriverDetailsInvalid PrimaryIsNotTheChoosenAdapter GetVideoDriverDetailsInvalid PrimaryIsNotTheChoosenAdapter FoundDriverCount:0 
[2023.01.06-09.44.28:948][  0]LogD3D12RHI:     Adapter Name: NVIDIA GeForce RTX 3050 Laptop GPU
[2023.01.06-09.44.28:948][  0]LogD3D12RHI:   Driver Version: Unknown (internal:Unknown, unified:Unknown)
[2023.01.06-09.44.28:948][  0]LogD3D12RHI:      Driver Date: Unknown
[2023.01.06-09.44.28:948][  0]LogRHI: Texture pool is 2137 MB (70% of 3053 MB)
[2023.01.06-09.44.28:948][  0]LogD3D12RHI: Async texture creation enabled
[2023.01.06-09.44.28:948][  0]LogD3D12RHI: RHI has support for 64 bit atomics
[2023.01.06-09.44.28:958][  0]LogRHI: GeForceNow SDK initialized: 0
[2023.01.06-09.44.29:642][  0]LogTargetPlatformManager: Display: Loaded TargetPlatform 'AllDesktop'
[2023.01.06-09.44.29:692][  0]LogTargetPlatformManager: Display: Loaded TargetPlatform 'Android'
[2023.01.06-09.44.29:692][  0]LogTargetPlatformManager: Display: Loaded TargetPlatform 'Android_ASTC'
[2023.01.06-09.44.29:693][  0]LogTargetPlatformManager: Display: Loaded TargetPlatform 'Android_DXT'
[2023.01.06-09.44.29:693][  0]LogTargetPlatformManager: Display: Loaded TargetPlatform 'Android_ETC2'
[2023.01.06-09.44.29:693][  0]LogTargetPlatformManager: Display: Loaded TargetPlatform 'AndroidClient'
[2023.01.06-09.44.29:693][  0]LogTargetPlatformManager: Display: Loaded TargetPlatform 'Android_ASTCClient'
[2023.01.06-09.44.29:693][  0]LogTargetPlatformManager: Display: Loaded TargetPlatform 'Android_DXTClient'
[2023.01.06-09.44.29:693][  0]LogTargetPlatformManager: Display: Loaded TargetPlatform 'Android_ETC2Client'
[2023.01.06-09.44.29:693][  0]LogTargetPlatformManager: Display: Loaded TargetPlatform 'Android_Multi'
[2023.01.06-09.44.29:693][  0]LogTargetPlatformManager: Display: Loaded TargetPlatform 'Android_MultiClient'
[2023.01.06-09.44.29:754][  0]LogTargetPlatformManager: Display: Loaded TargetPlatform 'IOSClient'
[2023.01.06-09.44.29:754][  0]LogTargetPlatformManager: Display: Loaded TargetPlatform 'IOS'
[2023.01.06-09.44.29:785][  0]LogTargetPlatformManager: Display: Loaded TargetPlatform 'Linux'
[2023.01.06-09.44.29:801][  0]LogTargetPlatformManager: Display: Loaded TargetPlatform 'LinuxNoEditor'
[2023.01.06-09.44.29:816][  0]LogTargetPlatformManager: Display: Loaded TargetPlatform 'LinuxClient'
[2023.01.06-09.44.29:832][  0]LogTargetPlatformManager: Display: Loaded TargetPlatform 'LinuxServer'
[2023.01.06-09.44.29:863][  0]LogTargetPlatformManager: Display: Loaded TargetPlatform 'LinuxAArch64NoEditor'
[2023.01.06-09.44.29:879][  0]LogTargetPlatformManager: Display: Loaded TargetPlatform 'LinuxAArch64Client'
[2023.01.06-09.44.29:896][  0]LogTargetPlatformManager: Display: Loaded TargetPlatform 'LinuxAArch64Server'
[2023.01.06-09.44.29:940][  0]LogTargetPlatformManager: Display: Loaded TargetPlatform 'Lumin'
[2023.01.06-09.44.29:940][  0]LogTargetPlatformManager: Display: Loaded TargetPlatform 'LuminClient'
[2023.01.06-09.44.29:953][  0]LogTargetPlatformManager: Display: Loaded TargetPlatform 'MacNoEditor'
[2023.01.06-09.44.29:961][  0]LogTargetPlatformManager: Display: Loaded TargetPlatform 'Mac'
[2023.01.06-09.44.29:969][  0]LogTargetPlatformManager: Display: Loaded TargetPlatform 'MacClient'
[2023.01.06-09.44.29:976][  0]LogTargetPlatformManager: Display: Loaded TargetPlatform 'MacServer'
[2023.01.06-09.44.29:991][  0]LogTargetPlatformManager: Display: Loaded TargetPlatform 'TVOSClient'
[2023.01.06-09.44.29:991][  0]LogTargetPlatformManager: Display: Loaded TargetPlatform 'TVOS'
[2023.01.06-09.44.30:005][  0]LogTargetPlatformManager: Display: Loaded TargetPlatform 'WindowsNoEditor'
[2023.01.06-09.44.30:013][  0]LogTargetPlatformManager: Display: Loaded TargetPlatform 'Windows'
[2023.01.06-09.44.30:020][  0]LogTargetPlatformManager: Display: Loaded TargetPlatform 'WindowsClient'
[2023.01.06-09.44.30:029][  0]LogTargetPlatformManager: Display: Loaded TargetPlatform 'WindowsServer'
[2023.01.06-09.44.30:029][  0]LogTargetPlatformManager: Display: Building Assets For Windows
[2023.01.06-09.44.30:049][  0]LogAudioDebug: Display: Lib vorbis DLL was dynamically loaded.
[2023.01.06-09.44.30:129][  0]LogTextureFormatOodle: Display: Oodle Texture 2.9.0 init RDO Off
[2023.01.06-09.44.30:201][  0]LogRendererCore: Ray tracing is disabled. Reason: r.RayTracing=0.
[2023.01.06-09.44.30:201][  0]LogShaderCompilers: Guid format shader working directory is -18 characters bigger than the processId version (../../../../../../Users/dounii/Documents/Unreal Projects/passplz/Intermediate/Shaders/WorkingDirectory/15864/).
[2023.01.06-09.44.30:201][  0]LogShaderCompilers: Cleaned the shader compiler working directory 'C:/Users/dounii/AppData/Local/Temp/UnrealShaderWorkingDir/65C72CC543FAD0FBC6DF1480F5C56D55/'.
[2023.01.06-09.44.30:201][  0]LogXGEController: Cannot use XGE Controller as Incredibuild is not installed on this machine.
[2023.01.06-09.44.30:202][  0]LogShaderCompilers: Cannot use XGE Shader Compiler as Incredibuild is not installed on this machine.
[2023.01.06-09.44.30:202][  0]LogShaderCompilers: Display: Using Local Shader Compiler.
[2023.01.06-09.44.31:142][  0]LogDerivedDataCache: Display: Max Cache Size: 512 MB
[2023.01.06-09.44.31:212][  0]LogDerivedDataCache: Loaded boot cache 0.07s 94MB C:/Users/dounii/AppData/Local/UnrealEngine/4.27/DerivedDataCache/Boot.ddc.
[2023.01.06-09.44.31:212][  0]LogDerivedDataCache: Display: Loaded Boot cache: C:/Users/dounii/AppData/Local/UnrealEngine/4.27/DerivedDataCache/Boot.ddc
[2023.01.06-09.44.31:212][  0]LogDerivedDataCache: FDerivedDataBackendGraph:  Pak pak cache file ../../../../../../Users/dounii/Documents/Unreal Projects/passplz/DerivedDataCache/DDC.ddp not found, will not use a pak cache.
[2023.01.06-09.44.31:212][  0]LogDerivedDataCache: Unable to find inner node Pak for hierarchical cache Hierarchy.
[2023.01.06-09.44.31:212][  0]LogDerivedDataCache: FDerivedDataBackendGraph:  CompressedPak pak cache file ../../../../../../Users/dounii/Documents/Unreal Projects/passplz/DerivedDataCache/Compressed.ddp not found, will not use a pak cache.
[2023.01.06-09.44.31:212][  0]LogDerivedDataCache: Unable to find inner node CompressedPak for hierarchical cache Hierarchy.
[2023.01.06-09.44.31:230][  0]LogDerivedDataCache: Display: Pak cache opened for reading ../../../Engine/DerivedDataCache/Compressed.ddp.
[2023.01.06-09.44.31:230][  0]LogDerivedDataCache: FDerivedDataBackendGraph:  EnterprisePak pak cache file ../../../Enterprise/DerivedDataCache/Compressed.ddp not found, will not use a pak cache.
[2023.01.06-09.44.31:230][  0]LogDerivedDataCache: Unable to find inner node EnterprisePak for hierarchical cache Hierarchy.
[2023.01.06-09.44.31:242][  0]LogDerivedDataCache: Speed tests for C:/Users/dounii/AppData/Local/UnrealEngine/Common/DerivedDataCache took 0.01 seconds
[2023.01.06-09.44.31:242][  0]LogDerivedDataCache: Display: Performance to C:/Users/dounii/AppData/Local/UnrealEngine/Common/DerivedDataCache: Latency=0.08ms. RandomReadSpeed=459.24MBs, RandomWriteSpeed=114.78MBs. Assigned SpeedClass 'Local'
[2023.01.06-09.44.31:242][  0]LogDerivedDataCache: Using Local data cache path C:/Users/dounii/AppData/Local/UnrealEngine/Common/DerivedDataCache: Writable
[2023.01.06-09.44.31:242][  0]LogDerivedDataCache: Shared data cache path not found in *engine.ini, will not use an Shared cache.
[2023.01.06-09.44.31:243][  0]LogDerivedDataCache: Unable to find inner node Shared for hierarchical cache Hierarchy.
[2023.01.06-09.44.31:492][  0]LogShaderCompilers: Display: Submitted 602 shader compile jobs with 'High' priority
[2023.01.06-09.44.31:492][  0]LogSlate: Using FreeType 2.10.0
[2023.01.06-09.44.31:494][  0]LogSlate: SlateFontServices - WITH_FREETYPE: 1, WITH_HARFBUZZ: 1
[2023.01.06-09.44.31:529][  0]LogShaderCompilers: Display: Worker (1/13): shaders left to compile 602
[2023.01.06-09.44.31:529][  0]LogShaderCompilers: Display: Worker (2/13): shaders left to compile 592
[2023.01.06-09.44.31:529][  0]LogShaderCompilers: Display: Worker (3/13): shaders left to compile 582
[2023.01.06-09.44.31:529][  0]LogShaderCompilers: Display: Worker (4/13): shaders left to compile 572
[2023.01.06-09.44.31:529][  0]LogShaderCompilers: Display: Worker (5/13): shaders left to compile 562
[2023.01.06-09.44.31:529][  0]LogShaderCompilers: Display: Worker (6/13): shaders left to compile 552
[2023.01.06-09.44.31:529][  0]LogShaderCompilers: Display: Worker (7/13): shaders left to compile 542
[2023.01.06-09.44.31:529][  0]LogShaderCompilers: Display: Worker (8/13): shaders left to compile 532
[2023.01.06-09.44.31:529][  0]LogShaderCompilers: Display: Worker (9/13): shaders left to compile 522
[2023.01.06-09.44.31:529][  0]LogShaderCompilers: Display: Worker (10/13): shaders left to compile 512
[2023.01.06-09.44.31:529][  0]LogShaderCompilers: Display: Worker (11/13): shaders left to compile 502
[2023.01.06-09.44.31:529][  0]LogShaderCompilers: Display: Worker (12/13): shaders left to compile 492
[2023.01.06-09.44.31:529][  0]LogShaderCompilers: Display: Worker (13/13): shaders left to compile 482
[2023.01.06-09.44.31:529][  0]LogShaderCompilers: Display: Started 130 'Local' shader compile jobs with 'High' priority
[2023.01.06-09.44.31:529][  0]LogAssetRegistry: FAssetRegistry took 0.0028 seconds to start up
[2023.01.06-09.44.31:930][  0]LogInit: Selected Device Profile: [Windows]
[2023.01.06-09.44.31:930][  0]LogInit: Active device profile: [0000023D084E2100][0000023D04D0EC00 49] Windows
[2023.01.06-09.44.31:930][  0]LogInit: Profiles: [0000023D084E2100][0000023D04D0EC00 49] Windows, [0000023D084B5B00][0000023D04D16D80 49] WindowsNoEditor, [0000023D084E2300][0000023D04D1AF00 49] WindowsServer, [0000023D084B7B00][0000023D04D1F080 49] WindowsClient, [0000023D084E1D00][0000023D04D23200 49] IOS, [0000023D084B7D00][0000023D04D27380 49] iPadAir, [0000023D084E1B00][0000023D04D2B500 49] iPadAir2, [0000023D08465500][0000023D04D337C0 49] IPadPro, [0000023D08465600][0000023D04D2F800 49] iPadAir3, [0000023D084E1800][0000023D04D13940 49] iPadAir4, [0000023D08467700][0000023D04D37A80 49] iPadMini2, [0000023D084E1F00][0000023D04D3BBC0 49] iPadMini3, [0000023D08464600][0000023D04D3E180 49] iPadMini4, [0000023D084E1200][0000023D05E80300 49] iPadMini5, [0000023D08481100][0000023D05E885C0 49] iPhone6, [0000023D08481200][0000023D05E84600 49] iPodTouch6, [0000023D084B7E00][0000023D05E908C0 49] iPhone7, [0000023D084B5E00][0000023D05E8C900 49] iPodTouch7, [0000023D08483400][0000023D05E94A80 49] iPhone5S, [0000023D084B5300][0000023D05E98C00 49] iPhone6Plus, [0000023D08480400][0000023D05E9CD80 49] iPhone6S, [0000023D084B6800][0000023D05EA0F00 49] iPhone6SPlus, [0000023D08483E00][0000023D05EA5080 49] iPhone7Plus, [0000023D084B4900][0000023D05EA9200 49] iPhoneSE, [0000023D08481C00][0000023D05EAD380 49] iPhone8, [0000023D084B4100][0000023D05EB1500 49] iPhone8Plus, [0000023D08480100][0000023D05EB5680 49] iPhoneX, [0000023D084B6700][0000023D05EB9800 49] iPhoneXS, [0000023D08482F00][0000023D05EBD980 49] iPhoneXSMax, [0000023D084B4C00][0000023D04D43AC0 49] iPhoneXR, [0000023D08481900][0000023D05EC1C00 49] iPhone11, [0000023D084B7A00][0000023D05EC41C0 49] iPhone11Pro, [0000023D08481300][0000023D05EC8300 49] iPhone11ProMax, [0000023D084B7600][0000023D0755E480 49] iPhoneSE2, [0000023D08482B00][0000023D07562600 49] iPhone12Mini, [0000023D084B4700][0000023D07566780 49] iPhone12, [0000023D08481600][0000023D0756A900 49] iPhone12Pro, [0000023D084B5900][0000023D0756EA80 49] iPhone12ProMax, [0000023D08481000][0000023D07572C00 49] iPadPro105, [0000023D084B4E00][0000023D07576D80 49] iPadPro129, [0000023D08482500][0000023D0757AF00 49] iPadPro97, [0000023D084B4B00][0000023D0757F080 49] iPadPro2_129, [0000023D08480F00][0000023D07583200 49] iPad5, [0000023D084B5600][0000023D07587380 49] iPad6, [0000023D084E0400][0000023D0758B500 49] iPad7, [0000023D08540900][0000023D0758F680 49] iPad8, [0000023D084B5000][0000023D07593800 49] iPadPro11, [0000023D08483A00][0000023D07597980 49] iPadPro2_11, [0000023D084B4D00][0000023D0759BB00 49] iPadPro3_129, [0000023D08483200][0000023D0759E100 49] iPadPro4_129, [0000023D084B6200][0000023D0755A240 49] AppleTV, [0000023D08482600][0000023D075A2380 49] AppleTV4K, [0000023D084B7500][0000023D075A64C0 49] TVOS, [0000023D08480E00][0000023D075AE640 49] Mac, [0000023D084B6F00][0000023D075B27C0 49] MacClient, [0000023D08480500][0000023D075B6940 49] MacNoEditor, [0000023D084B6C00][0000023D075BAAC0 49] MacServer, [0000023D08483800][0000023D075BEC40 49] Linux, [0000023D084B4400][0000023D075C2DC0 49] LinuxAArch64, [0000023D08481800][0000023D7726EF40 49] LinuxNoEditor, [0000023D084B5C00][0000023D772730C0 49] LinuxAArch64NoEditor, [0000023D08480200][0000023D77277240 49] LinuxClient, [0000023D084B7200][0000023D7727B3C0 49] LinuxAArch64Client, [0000023D08540500][0000023D7727F540 49] LinuxServer, [0000023D084B7F00][0000023D772836C0 49] LinuxAArch64Server, [0000023D08480600][0000023D77287840 49] Android, [0000023D084B5200][0000023D7728B9C0 49] Android_Low, [0000023D08480300][0000023D7728FB40 49] Android_Mid, [0000023D084B4500][0000023D77296140 49] Android_High, [0000023D08480800][0000023D7729A2C0 49] Android_Default, [0000023D084B6A00][0000023D075AA400 49] Android_Adreno4xx, [0000023D08482200][0000023D772A2540 49] Android_Adreno5xx_Low, [0000023D084B7000][0000023D772A6680 49] Android_Adreno5xx, [0000023D08483500][0000023D772AA7C0 49] Android_Adreno6xx, [0000023D084B6900][0000023D772B2940 49] Android_Adreno6xx_Vulkan, [0000023D08482100][0000023D772B6AC0 49] Android_Mali_T6xx, [0000023D084B4600][0000023D772BAC40 49] Android_Mali_T7xx, [0000023D08482400][0000023D772BEDC0 49] Android_Mali_T8xx, [0000023D084B4F00][0000023D772C6F40 49] Android_Mali_G71, [0000023D08480A00][0000023D076590C0 49] Android_Mali_G72, [0000023D084B7300][0000023D0A6D5240 49] Android_Mali_G72_Vulkan, [0000023D08483100][0000023D0A6D93C0 49] Android_Mali_G76, [0000023D084B6D00][0000023D0A6ED540 49] Android_Mali_G76_Vulkan, [0000023D08482000][0000023D0A7576C0 49] Android_Mali_G77, [0000023D084B4200][0000023D0A7CD840 49] Android_Mali_G77_Vulkan, [0000023D08483B00][0000023D0A7D19C0 49] Android_Mali_G78, [0000023D084E0200][0000023D0A7E5B40 49] Android_Mali_G78_Vulkan, [0000023D08480D00][0000023D0A850140 49] Android_Mali_G710, [0000023D08465C00][0000023D0A85C2C0 49] Android_Mali_G710_Vulkan, [0000023D084B4300][0000023D0A864440 49] Android_Vulkan_SM5, [0000023D08467C00][0000023D772AE580 49] Android_PowerVR_G6xxx, [0000023D084E1300][0000023D0A8D26C0 49] Android_PowerVR_GT7xxx, [0000023D08467B00][0000023D0A8D6800 49] Android_PowerVR_GE8xxx, [0000023D084E1700][0000023D0A8DA940 49] Android_PowerVR_GM9xxx, [0000023D08467E00][0000023D0A8E2AC0 49] Android_PowerVR_GM9xxx_Vulkan, [0000023D084E1100][0000023D0A8E6C40 49] Android_TegraK1, [0000023D08465300][0000023D0A8EADC0 49] Android_Unknown_Vulkan, [0000023D084E0300][0000023D06158F40 49] Lumin, [0000023D08464700][0000023D0615D0C0 49] Lumin_Desktop, [0000023D084E1E00][0000023D06161240 49] HoloLens, 
[2023.01.06-09.44.32:021][  0]LogAssetRegistry: Error: Package ../../../../../../Users/dounii/Documents/Unreal Projects/passplz/Content/blueprint/COBOT.uasset is too old
[2023.01.06-09.44.32:021][  0]LogAssetRegistry: Error: Package ../../../../../../Users/dounii/Documents/Unreal Projects/passplz/Content/NewMap_HLOD0_Instancing.uasset is too old
[2023.01.06-09.44.32:021][  0]LogAssetRegistry: Error: Package ../../../../../../Users/dounii/Documents/Unreal Projects/passplz/Content/blueprint/COBOT_CONTROLLER.uasset is too old
[2023.01.06-09.44.32:021][  0]LogAssetRegistry: Error: Package ../../../../../../Users/dounii/Documents/Unreal Projects/passplz/Content/blueprint/COBOT_MODE.uasset is too old
[2023.01.06-09.44.32:021][  0]LogAssetRegistry: Error: Package ../../../../../../Users/dounii/Documents/Unreal Projects/passplz/Content/NewMap.umap is too old
[2023.01.06-09.44.32:021][  0]LogAssetRegistry: Error: Package ../../../../../../Users/dounii/Documents/Unreal Projects/passplz/Content/model/PLAYER/cobot_PhysicsAsset.uasset is too old
[2023.01.06-09.44.32:021][  0]LogAssetRegistry: Error: Package ../../../../../../Users/dounii/Documents/Unreal Projects/passplz/Content/model/PLAYER/cobot_Skeleton.uasset is too old
[2023.01.06-09.44.32:021][  0]LogAssetRegistry: Error: Package ../../../../../../Users/dounii/Documents/Unreal Projects/passplz/Content/model/EV/ev_1_Object001.uasset is too old
[2023.01.06-09.44.32:021][  0]LogAssetRegistry: Error: Package ../../../../../../Users/dounii/Documents/Unreal Projects/passplz/Content/model/ev_1_Object003.uasset is too old
[2023.01.06-09.44.32:021][  0]LogAssetRegistry: Error: Package ../../../../../../Users/dounii/Documents/Unreal Projects/passplz/Content/model/ev_1_Object002.uasset is too old
[2023.01.06-09.44.32:021][  0]LogAssetRegistry: Error: Package ../../../../../../Users/dounii/Documents/Unreal Projects/passplz/Content/model/EV/ev_1_Object002.uasset is too old
[2023.01.06-09.44.32:021][  0]LogAssetRegistry: Error: Package ../../../../../../Users/dounii/Documents/Unreal Projects/passplz/Content/model/ev_1_NGon025.uasset is too old
[2023.01.06-09.44.32:021][  0]LogAssetRegistry: Error: Package ../../../../../../Users/dounii/Documents/Unreal Projects/passplz/Content/model/ev_1_Object001.uasset is too old
[2023.01.06-09.44.32:021][  0]LogAssetRegistry: Error: Package ../../../../../../Users/dounii/Documents/Unreal Projects/passplz/Content/model/STAGE_1/1s.uasset is too old
[2023.01.06-09.44.32:021][  0]LogAssetRegistry: Error: Package ../../../../../../Users/dounii/Documents/Unreal Projects/passplz/Content/model/EV/ev_1_NGon025.uasset is too old
[2023.01.06-09.44.32:021][  0]LogAssetRegistry: Error: Package ../../../../../../Users/dounii/Documents/Unreal Projects/passplz/Content/model/EV/ev_1_Object003.uasset is too old
[2023.01.06-09.44.32:021][  0]LogAssetRegistry: Error: Package ../../../../../../Users/dounii/Documents/Unreal Projects/passplz/Content/model/STAGE_1/2s.uasset is too old
[2023.01.06-09.44.32:021][  0]LogAssetRegistry: Error: Package ../../../../../../Users/dounii/Documents/Unreal Projects/passplz/Content/model/STAGE_1/3s.uasset is too old
[2023.01.06-09.44.32:021][  0]LogAssetRegistry: Error: Package ../../../../../../Users/dounii/Documents/Unreal Projects/passplz/Content/_GENERATED/dounii/Box_1A3CD9F9.uasset is too old
[2023.01.06-09.44.32:021][  0]LogAssetRegistry: Error: Package ../../../../../../Users/dounii/Documents/Unreal Projects/passplz/Content/__ExternalObjects__/NewMap/4/OA/KV5NVW6RVGCY40C13H5F98.uasset is too old
[2023.01.06-09.44.32:021][  0]LogAssetRegistry: Error: Package ../../../../../../Users/dounii/Documents/Unreal Projects/passplz/Content/__ExternalObjects__/NewMap/9/EW/DIR8ZHVIQ96U3XBY7PSRNI.uasset is too old
[2023.01.06-09.44.32:021][  0]LogAssetRegistry: Error: Package ../../../../../../Users/dounii/Documents/Unreal Projects/passplz/Content/model/STAGE_1/STAGE_1_FLOOR.uasset is too old
[2023.01.06-09.44.32:021][  0]LogAssetRegistry: Error: Package ../../../../../../Users/dounii/Documents/Unreal Projects/passplz/Content/model/PLAYER/cobot.uasset is too old
[2023.01.06-09.44.32:021][  0]LogAssetRegistry: Error: Package ../../../../../../Users/dounii/Documents/Unreal Projects/passplz/Content/model/STAGE_1/Material__2.uasset is too old
[2023.01.06-09.44.32:021][  0]LogAssetRegistry: Error: Package ../../../../../../Users/dounii/Documents/Unreal Projects/passplz/Content/__ExternalObjects__/NewMap/7/ZX/0ZC0P6OF3BOSMCOFFW0RO3.uasset is too old
[2023.01.06-09.44.32:021][  0]LogMaterial: Display: Missing cached shadermap for DefaultDeferredDecalMaterial in PCD3D_SM5, Default, SM5 (DDC key hash: 34B2688018ADBD6BF3B7D2E494C8C0384D0B7E72), compiling. 
[2023.01.06-09.44.32:280][  0]LogShaderCompilers: Display: Submitted 139 shader compile jobs with 'High' priority
[2023.01.06-09.44.33:964][  0]LogShaderCompilers: Display: Worker (10/13): shaders left to compile 611
[2023.01.06-09.44.33:964][  0]LogShaderCompilers: Display: Started 10 'Local' shader compile jobs with 'High' priority
[2023.01.06-09.44.33:964][  0]LogShaderCompilers: Display: Worker (9/13): shaders left to compile 601
[2023.01.06-09.44.33:964][  0]LogShaderCompilers: Display: Started 10 'Local' shader compile jobs with 'High' priority
[2023.01.06-09.44.33:964][  0]LogShaderCompilers: Display: Worker (11/13): shaders left to compile 591
[2023.01.06-09.44.33:964][  0]LogShaderCompilers: Display: Started 10 'Local' shader compile jobs with 'High' priority
[2023.01.06-09.44.33:964][  0]LogShaderCompilers: Display: Worker (8/13): shaders left to compile 581
[2023.01.06-09.44.33:964][  0]LogShaderCompilers: Display: Started 10 'Local' shader compile jobs with 'High' priority
[2023.01.06-09.44.34:525][  0]LogShaderCompilers: Display: Worker (12/13): shaders left to compile 571
[2023.01.06-09.44.34:525][  0]LogShaderCompilers: Display: Started 10 'Local' shader compile jobs with 'High' priority
[2023.01.06-09.44.34:525][  0]LogShaderCompilers: Display: Worker (13/13): shaders left to compile 561
[2023.01.06-09.44.34:525][  0]LogShaderCompilers: Display: Started 10 'Local' shader compile jobs with 'High' priority
[2023.01.06-09.44.34:525][  0]LogShaderCompilers: Display: Worker (1/13): shaders left to compile 551
[2023.01.06-09.44.34:525][  0]LogShaderCompilers: Display: Started 10 'Local' shader compile jobs with 'High' priority
[2023.01.06-09.44.35:086][  0]LogShaderCompilers: Display: Worker (2/13): shaders left to compile 541
[2023.01.06-09.44.35:086][  0]LogShaderCompilers: Display: Started 10 'Local' shader compile jobs with 'High' priority
[2023.01.06-09.44.37:971][  0]LogShaderCompilers: Display: Worker (6/13): shaders left to compile 531
[2023.01.06-09.44.37:971][  0]LogShaderCompilers: Display: Started 10 'Local' shader compile jobs with 'High' priority
[2023.01.06-09.44.40:776][  0]LogShaderCompilers: Display: Worker (13/13): shaders left to compile 521
[2023.01.06-09.44.40:776][  0]LogShaderCompilers: Display: Started 10 'Local' shader compile jobs with 'High' priority
[2023.01.06-09.44.40:776][  0]LogShaderCompilers: Display: Worker (10/13): shaders left to compile 511
[2023.01.06-09.44.40:776][  0]LogShaderCompilers: Display: Started 10 'Local' shader compile jobs with 'High' priority
[2023.01.06-09.44.41:337][  0]LogShaderCompilers: Display: Worker (11/13): shaders left to compile 501
[2023.01.06-09.44.41:337][  0]LogShaderCompilers: Display: Started 10 'Local' shader compile jobs with 'High' priority
[2023.01.06-09.44.41:337][  0]LogShaderCompilers: Display: Worker (2/13): shaders left to compile 491
[2023.01.06-09.44.41:337][  0]LogShaderCompilers: Display: Started 10 'Local' shader compile jobs with 'High' priority
[2023.01.06-09.44.41:898][  0]LogShaderCompilers: Display: Worker (9/13): shaders left to compile 481
[2023.01.06-09.44.41:898][  0]LogShaderCompilers: Display: Started 10 'Local' shader compile jobs with 'High' priority
[2023.01.06-09.44.42:459][  0]LogShaderCompilers: Display: Worker (12/13): shaders left to compile 471
[2023.01.06-09.44.42:459][  0]LogShaderCompilers: Display: Started 10 'Local' shader compile jobs with 'High' priority
[2023.01.06-09.44.42:459][  0]LogShaderCompilers: Display: Worker (1/13): shaders left to compile 461
[2023.01.06-09.44.42:459][  0]LogShaderCompilers: Display: Started 10 'Local' shader compile jobs with 'High' priority
[2023.01.06-09.44.42:459][  0]LogShaderCompilers: Display: Worker (8/13): shaders left to compile 451
[2023.01.06-09.44.42:459][  0]LogShaderCompilers: Display: Started 10 'Local' shader compile jobs with 'High' priority
[2023.01.06-09.44.45:265][  0]LogShaderCompilers: Display: Worker (12/13): shaders left to compile 441
[2023.01.06-09.44.45:265][  0]LogShaderCompilers: Display: Started 10 'Local' shader compile jobs with 'High' priority
[2023.01.06-09.44.45:265][  0]LogShaderCompilers: Display: Worker (1/13): shaders left to compile 431
[2023.01.06-09.44.45:265][  0]LogShaderCompilers: Display: Started 10 'Local' shader compile jobs with 'High' priority
[2023.01.06-09.44.45:265][  0]LogShaderCompilers: Display: Worker (8/13): shaders left to compile 421
[2023.01.06-09.44.45:265][  0]LogShaderCompilers: Display: Started 10 'Local' shader compile jobs with 'High' priority
[2023.01.06-09.44.46:385][  0]LogShaderCompilers: Display: Worker (6/13): shaders left to compile 411
[2023.01.06-09.44.46:385][  0]LogShaderCompilers: Display: Started 10 'Local' shader compile jobs with 'High' priority
[2023.01.06-09.44.47:509][  0]LogShaderCompilers: Display: Worker (11/13): shaders left to compile 401
[2023.01.06-09.44.47:509][  0]LogShaderCompilers: Display: Started 10 'Local' shader compile jobs with 'High' priority
[2023.01.06-09.44.48:071][  0]LogShaderCompilers: Display: Worker (10/13): shaders left to compile 391
[2023.01.06-09.44.48:071][  0]LogShaderCompilers: Display: Started 10 'Local' shader compile jobs with 'High' priority
[2023.01.06-09.44.49:193][  0]LogShaderCompilers: Display: Worker (12/13): shaders left to compile 381
[2023.01.06-09.44.49:193][  0]LogShaderCompilers: Display: Started 10 'Local' shader compile jobs with 'High' priority
[2023.01.06-09.44.49:193][  0]LogShaderCompilers: Display: Worker (13/13): shaders left to compile 371
[2023.01.06-09.44.49:193][  0]LogShaderCompilers: Display: Started 10 'Local' shader compile jobs with 'High' priority
[2023.01.06-09.44.49:193][  0]LogShaderCompilers: Display: Worker (8/13): shaders left to compile 361
[2023.01.06-09.44.49:193][  0]LogShaderCompilers: Display: Started 10 'Local' shader compile jobs with 'High' priority
[2023.01.06-09.44.49:754][  0]LogShaderCompilers: Display: Worker (9/13): shaders left to compile 351
[2023.01.06-09.44.49:754][  0]LogShaderCompilers: Display: Started 10 'Local' shader compile jobs with 'High' priority
[2023.01.06-09.44.49:951][  0]LogShaderCompilers: Display: Worker (2/13): shaders left to compile 341
[2023.01.06-09.44.49:951][  0]LogShaderCompilers: Display: Started 10 'Local' shader compile jobs with 'High' priority
[2023.01.06-09.44.49:951][  0]LogMaterial: Display: Missing cached shadermap for DefaultLightFunctionMaterial in PCD3D_SM5, Default, SM5 (DDC key hash: 8A6349AFA0E3E293F45B0299536E4AF21F73CD73), compiling. 
[2023.01.06-09.44.50:006][  0]LogShaderCompilers: Display: Submitted 27 shader compile jobs with 'High' priority
[2023.01.06-09.44.51:127][  0]LogShaderCompilers: Display: Worker (1/13): shaders left to compile 358
[2023.01.06-09.44.51:127][  0]LogShaderCompilers: Display: Started 10 'Local' shader compile jobs with 'High' priority
[2023.01.06-09.44.51:688][  0]LogShaderCompilers: Display: Worker (11/13): shaders left to compile 348
[2023.01.06-09.44.51:688][  0]LogShaderCompilers: Display: Started 10 'Local' shader compile jobs with 'High' priority
[2023.01.06-09.44.52:249][  0]LogShaderCompilers: Display: Worker (6/13): shaders left to compile 338
[2023.01.06-09.44.52:249][  0]LogShaderCompilers: Display: Started 10 'Local' shader compile jobs with 'High' priority
[2023.01.06-09.44.53:933][  0]LogShaderCompilers: Display: Worker (8/13): shaders left to compile 328
[2023.01.06-09.44.53:933][  0]LogShaderCompilers: Display: Worker (9/13): shaders left to compile 318
[2023.01.06-09.44.53:933][  0]LogShaderCompilers: Display: Worker (10/13): shaders left to compile 308
[2023.01.06-09.44.53:933][  0]LogShaderCompilers: Display: Worker (12/13): shaders left to compile 298
[2023.01.06-09.44.53:933][  0]LogShaderCompilers: Display: Started 40 'Local' shader compile jobs with 'High' priority
[2023.01.06-09.44.53:933][  0]LogShaderCompilers: Display: Worker (7/13): shaders left to compile 288
[2023.01.06-09.44.53:933][  0]LogShaderCompilers: Display: Started 10 'Local' shader compile jobs with 'High' priority
[2023.01.06-09.44.54:494][  0]LogShaderCompilers: Display: Worker (2/13): shaders left to compile 278
[2023.01.06-09.44.54:494][  0]LogShaderCompilers: Display: Started 10 'Local' shader compile jobs with 'High' priority
[2023.01.06-09.44.54:494][  0]LogShaderCompilers: Display: Worker (13/13): shaders left to compile 268
[2023.01.06-09.44.54:494][  0]LogShaderCompilers: Display: Started 10 'Local' shader compile jobs with 'High' priority
[2023.01.06-09.44.57:300][  0]LogShaderCompilers: Display: Worker (1/13): shaders left to compile 258
[2023.01.06-09.44.57:300][  0]LogShaderCompilers: Display: Started 10 'Local' shader compile jobs with 'High' priority
[2023.01.06-09.44.57:300][  0]LogShaderCompilers: Display: Worker (13/13): shaders left to compile 248
[2023.01.06-09.44.57:300][  0]LogShaderCompilers: Display: Started 10 'Local' shader compile jobs with 'High' priority
[2023.01.06-09.44.57:300][  0]LogShaderCompilers: Display: Worker (11/13): shaders left to compile 238
[2023.01.06-09.44.57:300][  0]LogShaderCompilers: Display: Started 10 'Local' shader compile jobs with 'High' priority
[2023.01.06-09.44.58:335][  0]LogShaderCompilers: Display: Worker (6/13): shaders left to compile 228
[2023.01.06-09.44.58:336][  0]LogShaderCompilers: Display: Started 10 'Local' shader compile jobs with 'High' priority
[2023.01.06-09.44.58:336][  0]LogMaterial: Display: Missing cached shadermap for DefaultPostProcessMaterial in PCD3D_SM5, Default, SM5 (DDC key hash: 3937020F37D3EE8E3F877FEC7336F3B76A0B5391), compiling. 
[2023.01.06-09.44.58:358][  0]LogShaderCompilers: Display: Submitted 22 shader compile jobs with 'High' priority
[2023.01.06-09.45.00:602][  0]LogShaderCompilers: Display: Worker (4/13): shaders left to compile 240
[2023.01.06-09.45.00:602][  0]LogShaderCompilers: Display: Started 10 'Local' shader compile jobs with 'High' priority
[2023.01.06-09.45.01:725][  0]LogShaderCompilers: Display: Worker (10/13): shaders left to compile 230
[2023.01.06-09.45.01:725][  0]LogShaderCompilers: Display: Started 10 'Local' shader compile jobs with 'High' priority
[2023.01.06-09.45.02:286][  0]LogShaderCompilers: Display: Worker (8/13): shaders left to compile 220
[2023.01.06-09.45.02:286][  0]LogShaderCompilers: Display: Started 10 'Local' shader compile jobs with 'High' priority
[2023.01.06-09.45.02:286][  0]LogShaderCompilers: Display: Worker (13/13): shaders left to compile 210
[2023.01.06-09.45.02:286][  0]LogShaderCompilers: Display: Started 10 'Local' shader compile jobs with 'High' priority
[2023.01.06-09.45.02:847][  0]LogShaderCompilers: Display: Worker (11/13): shaders left to compile 200
[2023.01.06-09.45.02:847][  0]LogShaderCompilers: Display: Started 10 'Local' shader compile jobs with 'High' priority
[2023.01.06-09.45.03:969][  0]LogShaderCompilers: Display: Worker (9/13): shaders left to compile 190
[2023.01.06-09.45.03:969][  0]LogShaderCompilers: Display: Started 10 'Local' shader compile jobs with 'High' priority
[2023.01.06-09.45.04:530][  0]LogShaderCompilers: Display: Worker (12/13): shaders left to compile 180
[2023.01.06-09.45.04:530][  0]LogShaderCompilers: Display: Started 10 'Local' shader compile jobs with 'High' priority
[2023.01.06-09.45.05:091][  0]LogShaderCompilers: Display: Worker (2/13): shaders left to compile 170
[2023.01.06-09.45.05:091][  0]LogShaderCompilers: Display: Started 10 'Local' shader compile jobs with 'High' priority
[2023.01.06-09.45.05:091][  0]LogShaderCompilers: Display: Worker (1/13): shaders left to compile 160
[2023.01.06-09.45.05:091][  0]LogShaderCompilers: Display: Started 10 'Local' shader compile jobs with 'High' priority
[2023.01.06-09.45.05:652][  0]LogShaderCompilers: Display: Worker (6/13): shaders left to compile 150
[2023.01.06-09.45.05:652][  0]LogShaderCompilers: Display: Started 10 'Local' shader compile jobs with 'High' priority
[2023.01.06-09.45.06:775][  0]LogShaderCompilers: Display: Worker (8/13): shaders left to compile 140
[2023.01.06-09.45.06:775][  0]LogShaderCompilers: Display: Started 10 'Local' shader compile jobs with 'High' priority
[2023.01.06-09.45.07:336][  0]LogShaderCompilers: Display: Worker (9/13): shaders left to compile 130
[2023.01.06-09.45.07:336][  0]LogShaderCompilers: Display: Started 10 'Local' shader compile jobs with 'High' priority
[2023.01.06-09.45.07:897][  0]LogShaderCompilers: Display: Worker (13/13): shaders left to compile 120
[2023.01.06-09.45.07:897][  0]LogShaderCompilers: Display: Started 10 'Local' shader compile jobs with 'High' priority
[2023.01.06-09.45.09:019][  0]LogShaderCompilers: Display: Worker (11/13): shaders left to compile 110
[2023.01.06-09.45.09:019][  0]LogShaderCompilers: Display: Started 9 'Local' shader compile jobs with 'High' priority
[2023.01.06-09.45.09:580][  0]LogShaderCompilers: Display: Worker (1/13): shaders left to compile 101
[2023.01.06-09.45.09:580][  0]LogShaderCompilers: Display: Started 8 'Local' shader compile jobs with 'High' priority
[2023.01.06-09.45.10:141][  0]LogShaderCompilers: Display: Worker (7/13): shaders left to compile 93
[2023.01.06-09.45.10:141][  0]LogShaderCompilers: Display: Started 8 'Local' shader compile jobs with 'High' priority
[2023.01.06-09.45.10:703][  0]LogShaderCompilers: Display: Worker (6/13): shaders left to compile 85
[2023.01.06-09.45.10:703][  0]LogShaderCompilers: Display: Started 7 'Local' shader compile jobs with 'High' priority
[2023.01.06-09.45.11:825][  0]LogShaderCompilers: Display: Worker (12/13): shaders left to compile 78
[2023.01.06-09.45.11:825][  0]LogShaderCompilers: Display: Started 7 'Local' shader compile jobs with 'High' priority
[2023.01.06-09.45.12:386][  0]LogShaderCompilers: Display: Worker (5/13): shaders left to compile 71
[2023.01.06-09.45.12:386][  0]LogShaderCompilers: Display: Started 6 'Local' shader compile jobs with 'High' priority
[2023.01.06-09.45.13:349][  0]LogShaderCompilers: Display: Worker (10/13): shaders left to compile 65
[2023.01.06-09.45.13:349][  0]LogShaderCompilers: Display: Started 6 'Local' shader compile jobs with 'High' priority
[2023.01.06-09.45.13:349][  0]LogShaderCompilers: Display: Worker (4/13): shaders left to compile 59
[2023.01.06-09.45.13:349][  0]LogShaderCompilers: Display: Started 5 'Local' shader compile jobs with 'High' priority
[2023.01.06-09.45.13:349][  0]LogMaterial: Display: Missing cached shadermap for WorldGridMaterial in PCD3D_SM5, Default, SM5 (DDC key hash: B0ABD71BE39080A2B6884212222156BB87ACE5E2), compiling. Is special engine material.
[2023.01.06-09.45.14:516][  0]LogShaderCompilers: Display: Worker (2/13): shaders left to compile 54
[2023.01.06-09.45.14:516][  0]LogShaderCompilers: Display: Started 5 'Local' shader compile jobs with 'High' priority
[2023.01.06-09.45.14:516][  0]LogShaderCompilers: Display: Worker (1/13): shaders left to compile 49
[2023.01.06-09.45.14:516][  0]LogShaderCompilers: Display: Started 4 'Local' shader compile jobs with 'High' priority
[2023.01.06-09.45.14:516][  0]LogShaderCompilers: Display: Submitted 1234 shader compile jobs with 'High' priority
[2023.01.06-09.45.15:640][  0]LogShaderCompilers: Display: Worker (13/13): shaders left to compile 1279
[2023.01.06-09.45.15:640][  0]LogShaderCompilers: Display: Started 10 'Local' shader compile jobs with 'High' priority
[2023.01.06-09.45.15:640][  0]LogShaderCompilers: Display: Worker (6/13): shaders left to compile 1269
[2023.01.06-09.45.15:640][  0]LogShaderCompilers: Display: Started 10 'Local' shader compile jobs with 'High' priority
[2023.01.06-09.45.15:640][  0]LogShaderCompilers: Display: Worker (10/13): shaders left to compile 1259
[2023.01.06-09.45.15:640][  0]LogShaderCompilers: Display: Started 10 'Local' shader compile jobs with 'High' priority
[2023.01.06-09.45.16:200][  0]LogShaderCompilers: Display: Worker (12/13): shaders left to compile 1249
[2023.01.06-09.45.16:200][  0]LogShaderCompilers: Display: Started 10 'Local' shader compile jobs with 'High' priority
[2023.01.06-09.45.16:761][  0]LogShaderCompilers: Display: Worker (11/13): shaders left to compile 1239
[2023.01.06-09.45.16:761][  0]LogShaderCompilers: Display: Started 10 'Local' shader compile jobs with 'High' priority
[2023.01.06-09.45.18:443][  0]LogShaderCompilers: Display: Worker (7/13): shaders left to compile 1229
[2023.01.06-09.45.18:443][  0]LogShaderCompilers: Display: Started 10 'Local' shader compile jobs with 'High' priority
[2023.01.06-09.45.18:443][  0]LogShaderCompilers: Display: Worker (8/13): shaders left to compile 1219
[2023.01.06-09.45.18:443][  0]LogShaderCompilers: Display: Started 10 'Local' shader compile jobs with 'High' priority
[2023.01.06-09.45.18:443][  0]LogShaderCompilers: Display: Worker (5/13): shaders left to compile 1209
[2023.01.06-09.45.18:443][  0]LogShaderCompilers: Display: Started 10 'Local' shader compile jobs with 'High' priority
[2023.01.06-09.45.19:004][  0]LogShaderCompilers: Display: Worker (1/13): shaders left to compile 1199
[2023.01.06-09.45.19:004][  0]LogShaderCompilers: Display: Started 10 'Local' shader compile jobs with 'High' priority
[2023.01.06-09.45.19:566][  0]LogShaderCompilers: Display: Worker (4/13): shaders left to compile 1189
[2023.01.06-09.45.19:566][  0]LogShaderCompilers: Display: Started 10 'Local' shader compile jobs with 'High' priority
[2023.01.06-09.45.20:127][  0]LogShaderCompilers: Display: Worker (9/13): shaders left to compile 1179
[2023.01.06-09.45.20:127][  0]LogShaderCompilers: Display: Started 10 'Local' shader compile jobs with 'High' priority
[2023.01.06-09.45.22:371][  0]LogShaderCompilers: Display: Worker (2/13): shaders left to compile 1169
[2023.01.06-09.45.22:371][  0]LogShaderCompilers: Display: Started 10 'Local' shader compile jobs with 'High' priority
[2023.01.06-09.45.22:371][  0]LogShaderCompilers: Display: Worker (13/13): shaders left to compile 1159
[2023.01.06-09.45.22:371][  0]LogShaderCompilers: Display: Started 10 'Local' shader compile jobs with 'High' priority
[2023.01.06-09.45.22:933][  0]LogShaderCompilers: Display: Worker (10/13): shaders left to compile 1149
[2023.01.06-09.45.22:933][  0]LogShaderCompilers: Display: Started 10 'Local' shader compile jobs with 'High' priority
[2023.01.06-09.45.27:422][  0]LogShaderCompilers: Display: Worker (11/13): shaders left to compile 1139
[2023.01.06-09.45.27:422][  0]LogShaderCompilers: Display: Started 10 'Local' shader compile jobs with 'High' priority
[2023.01.06-09.45.27:422][  0]LogShaderCompilers: Display: Worker (6/13): shaders left to compile 1129
[2023.01.06-09.45.27:422][  0]LogShaderCompilers: Display: Started 10 'Local' shader compile jobs with 'High' priority
[2023.01.06-09.45.29:667][  0]LogShaderCompilers: Display: Worker (4/13): shaders left to compile 1119
[2023.01.06-09.45.29:667][  0]LogShaderCompilers: Display: Started 10 'Local' shader compile jobs with 'High' priority
[2023.01.06-09.45.30:789][  0]LogShaderCompilers: Display: Worker (8/13): shaders left to compile 1109
[2023.01.06-09.45.30:789][  0]LogShaderCompilers: Display: Started 10 'Local' shader compile jobs with 'High' priority
[2023.01.06-09.45.32:474][  0]LogShaderCompilers: Display: Worker (7/13): shaders left to compile 1099
[2023.01.06-09.45.32:474][  0]LogShaderCompilers: Display: Started 10 'Local' shader compile jobs with 'High' priority
[2023.01.06-09.45.32:474][  0]LogShaderCompilers: Display: Worker (12/13): shaders left to compile 1089
[2023.01.06-09.45.32:474][  0]LogShaderCompilers: Display: Started 10 'Local' shader compile jobs with 'High' priority
[2023.01.06-09.45.33:035][  0]LogShaderCompilers: Display: Worker (5/13): shaders left to compile 1079
[2023.01.06-09.45.33:035][  0]LogShaderCompilers: Display: Started 10 'Local' shader compile jobs with 'High' priority
[2023.01.06-09.45.34:156][  0]LogShaderCompilers: Display: Worker (10/13): shaders left to compile 1069
[2023.01.06-09.45.34:156][  0]LogShaderCompilers: Display: Started 10 'Local' shader compile jobs with 'High' priority
[2023.01.06-09.45.35:279][  0]LogShaderCompilers: Display: Worker (2/13): shaders left to compile 1059
[2023.01.06-09.45.35:279][  0]LogShaderCompilers: Display: Started 10 'Local' shader compile jobs with 'High' priority
[2023.01.06-09.45.35:840][  0]LogShaderCompilers: Display: Worker (13/13): shaders left to compile 1049
[2023.01.06-09.45.35:840][  0]LogShaderCompilers: Display: Started 10 'Local' shader compile jobs with 'High' priority
[2023.01.06-09.45.38:084][  0]LogShaderCompilers: Display: Worker (11/13): shaders left to compile 1039
[2023.01.06-09.45.38:084][  0]LogShaderCompilers: Display: Started 10 'Local' shader compile jobs with 'High' priority
[2023.01.06-09.45.38:645][  0]LogShaderCompilers: Display: Worker (1/13): shaders left to compile 1029
[2023.01.06-09.45.38:645][  0]LogShaderCompilers: Display: Started 10 'Local' shader compile jobs with 'High' priority
[2023.01.06-09.45.38:645][  0]LogShaderCompilers: Display: Worker (9/13): shaders left to compile 1019
[2023.01.06-09.45.38:645][  0]LogShaderCompilers: Display: Started 10 'Local' shader compile jobs with 'High' priority
[2023.01.06-09.45.43:696][  0]LogShaderCompilers: Display: Worker (4/13): shaders left to compile 1009
[2023.01.06-09.45.43:696][  0]LogShaderCompilers: Display: Started 10 'Local' shader compile jobs with 'High' priority
[2023.01.06-09.45.44:818][  0]LogShaderCompilers: Display: Worker (6/13): shaders left to compile 999
[2023.01.06-09.45.44:818][  0]LogShaderCompilers: Display: Started 10 'Local' shader compile jobs with 'High' priority
[2023.01.06-09.45.46:500][  0]LogShaderCompilers: Display: Worker (12/13): shaders left to compile 989
[2023.01.06-09.45.46:500][  0]LogShaderCompilers: Display: Started 10 'Local' shader compile jobs with 'High' priority
[2023.01.06-09.45.47:061][  0]LogShaderCompilers: Display: Worker (8/13): shaders left to compile 979
[2023.01.06-09.45.47:061][  0]LogShaderCompilers: Display: Started 10 'Local' shader compile jobs with 'High' priority
[2023.01.06-09.45.49:306][  0]LogShaderCompilers: Display: Worker (5/13): shaders left to compile 969
[2023.01.06-09.45.49:306][  0]LogShaderCompilers: Display: Started 10 'Local' shader compile jobs with 'High' priority
[2023.01.06-09.45.49:306][  0]LogShaderCompilers: Display: Worker (13/13): shaders left to compile 959
[2023.01.06-09.45.49:306][  0]LogShaderCompilers: Display: Started 10 'Local' shader compile jobs with 'High' priority
[2023.01.06-09.45.49:867][  0]LogShaderCompilers: Display: Worker (10/13): shaders left to compile 949
[2023.01.06-09.45.49:867][  0]LogShaderCompilers: Display: Started 10 'Local' shader compile jobs with 'High' priority
[2023.01.06-09.45.49:867][  0]LogShaderCompilers: Display: Worker (7/13): shaders left to compile 939
[2023.01.06-09.45.49:867][  0]LogShaderCompilers: Display: Started 10 'Local' shader compile jobs with 'High' priority
[2023.01.06-09.45.50:989][  0]LogShaderCompilers: Display: Worker (9/13): shaders left to compile 929
[2023.01.06-09.45.50:989][  0]LogShaderCompilers: Display: Started 10 'Local' shader compile jobs with 'High' priority
[2023.01.06-09.45.51:550][  0]LogShaderCompilers: Display: Worker (2/13): shaders left to compile 919
[2023.01.06-09.45.51:550][  0]LogShaderCompilers: Display: Started 10 'Local' shader compile jobs with 'High' priority
[2023.01.06-09.45.54:917][  0]LogShaderCompilers: Display: Worker (1/13): shaders left to compile 909
[2023.01.06-09.45.54:917][  0]LogShaderCompilers: Display: Started 10 'Local' shader compile jobs with 'High' priority
