[+] Containers:
 |- [+] Container: /Game/NewMap
 |   |- [+] ActorDescs:
 |   |   |- Guid:11D4D3D844BB28285E42618E85E623CA BaseClass: NativeClass:/Script/Engine.PointLight Name:PointLight_UAID_00E04C68058BF35901_2037063932 Label:PointLight2 SpatiallyLoaded:1 Bounds:IsValid=true, Min=(X=-4673.717 Y=1836.283 Z=-4363.717), Max=(X=5293.717 Y=11803.717 Z=5603.717) RuntimeGrid:None EditorOnly:0 RuntimeOnly:0 HLODRelevant:0
 |   |   |- Guid:1A28C29D45483FB696149AB28AFC5C33 BaseClass: NativeClass:/Script/Engine.PointLight Name:PointLight_UAID_00E04C68058BF35901_2078895935 Label:PointLight5 SpatiallyLoaded:1 Bounds:IsValid=true, Min=(X=-8783.717 Y=1836.283 Z=-4363.717), Max=(X=1183.717 Y=11803.717 Z=5603.717) RuntimeGrid:None EditorOnly:0 RuntimeOnly:0 HLODRelevant:0
 |   |   |- Guid:2FC8AC684B733B0CA84CC99515726E13 BaseClass: NativeClass:/Script/Engine.StaticMeshActor Name:StaticMeshActor_UAID_00E04C68058BEE5901_1469154035 Label:Cube2 SpatiallyLoaded:1 Bounds:IsValid=true, Min=(X=150.000 Y=-354.500 Z=-28.000), Max=(X=3300.000 Y=70.500 Z=2622.000) RuntimeGrid:None EditorOnly:0 RuntimeOnly:0 HLODRelevant:1
 |   |   |- Guid:320FCE924F8DC51E56202EA1EDCA7133 BaseClass: NativeClass:/Script/Engine.StaticMeshActor Name:StaticMeshActor_UAID_90E868FB5E92445A01_1938500173 Label:2s SpatiallyLoaded:1 Bounds:IsValid=true, Min=(X=-12337.475 Y=4766.958 Z=806.566), Max=(X=3078.825 Y=20054.004 Z=3958.926) RuntimeGrid:None EditorOnly:0 RuntimeOnly:0 HLODRelevant:1
 |   |   |- Guid:339B3A744DDD74FFCF50C1B22285A54C BaseClass: NativeClass:/Script/Engine.WorldPartitionHLOD Name:NewMap_HLOD0_Instancing_00000000dbd8b8a6 Label:NewMap_HLOD0_Instancing/MainGrid_L0_X-1_Y0_DL0 SpatiallyLoaded:0 Bounds:IsValid=true, Min=(X=-25600.000 Y=0.000 Z=-4363.717), Max=(X=0.000 Y=25600.000 Z=5603.717) RuntimeGrid:None EditorOnly:0 RuntimeOnly:1 HLODRelevant:1 FolderPath:HLOD/NewMap_HLOD0_Instancing FolderGuid:222FB8354D87B1F707C58AA7793E8882
 |   |   |- Guid:5368FABB47D6D9580DAECA8B0417BF92 BaseClass: NativeClass:/Script/Engine.WorldDataLayers Name:WorldDataLayers Label:WorldDataLayers-1 SpatiallyLoaded:0 Bounds:IsValid=true, Min=(X=0.000 Y=0.000 Z=0.000), Max=(X=0.000 Y=0.000 Z=0.000) RuntimeGrid:None EditorOnly:0 RuntimeOnly:0 HLODRelevant:0
 |   |   |- Guid:5DC0F631465F8579CB5FF08DA7AE327E BaseClass: NativeClass:/Script/Engine.PointLight Name:PointLight_UAID_00E04C68058BF35901_1988698931 Label:PointLight SpatiallyLoaded:1 Bounds:IsValid=true, Min=(X=-5619.935 Y=-4369.935 Z=-5139.935), Max=(X=5559.935 Y=6809.935 Z=6039.935) RuntimeGrid:None EditorOnly:0 RuntimeOnly:0 HLODRelevant:0
 |   |   |- Guid:7412AE9D473C81323BD9A691F3779515 BaseClass: NativeClass:/Script/Engine.StaticMeshActor Name:StaticMeshActor_UAID_00E04C68058BF35901_1851187929 Label:Cube4 SpatiallyLoaded:1 Bounds:IsValid=true, Min=(X=-96.000 Y=-624.500 Z=-28.000), Max=(X=154.000 Y=-199.500 Z=2622.000) RuntimeGrid:None EditorOnly:0 RuntimeOnly:0 HLODRelevant:1
 |   |   |- Guid:78BA41B147EF7A4D81C17CBC96F4AAE4 BaseClass: NativeClass:/Script/Engine.DirectionalLight Name:DirectionalLight_UAID_90E868FB5E924B5A01_1323257424 Label:DirectionalLight SpatiallyLoaded:0 Bounds:IsValid=true, Min=(X=-4398046511104.000 Y=-4398046511104.000 Z=-4398046511104.000), Max=(X=4398046511104.000 Y=4398046511104.000 Z=4398046511104.000) RuntimeGrid:None EditorOnly:0 RuntimeOnly:0 HLODRelevant:0
 |   |   |- Guid:A14FA78A45268347A816079787DA0538 BaseClass: NativeClass:/Script/Engine.WorldPartitionHLOD Name:NewMap_HLOD0_Instancing_00000000bfdb0042 Label:NewMap_HLOD0_Instancing/MainGrid_L0_X0_Y0_DL0 SpatiallyLoaded:0 Bounds:IsValid=true, Min=(X=0.000 Y=0.000 Z=20.000), Max=(X=25600.000 Y=25600.000 Z=260.000) RuntimeGrid:None EditorOnly:0 RuntimeOnly:1 HLODRelevant:1 FolderPath:HLOD/NewMap_HLOD0_Instancing FolderGuid:222FB8354D87B1F707C58AA7793E8882
 |   |   |- Guid:C2D280CE42A743F0B8120ABB7B1560D3 BaseClass: NativeClass:/Script/Engine.StaticMeshActor Name:StaticMeshActor_UAID_00E04C68058BED5901_1264241855 Label:ev_1_NGon025 SpatiallyLoaded:1 Bounds:IsValid=true, Min=(X=-90.000 Y=-170.000 Z=20.000), Max=(X=150.000 Y=70.000 Z=40.000) RuntimeGrid:None EditorOnly:0 RuntimeOnly:0 HLODRelevant:1
 |   |   |- Guid:C2E398AF4C71CEE393BDE7AA6ED9B6F8 BaseClass:/Game/blueprint/COBOT.COBOT_C NativeClass:/Script/Engine.Character Name:COBOT_C_UAID_90E868FB5E92475A01_1848601716 Label:COBOT SpatiallyLoaded:1 Bounds:IsValid=true, Min=(X=-775.141 Y=515.021 Z=13.392), Max=(X=-711.493 Y=576.252 Z=109.940) RuntimeGrid:None EditorOnly:0 RuntimeOnly:0 HLODRelevant:0
 |   |   |- Guid:C38970DF458321B8D169D0879DA8B567 BaseClass: NativeClass:/Script/Engine.StaticMeshActor Name:StaticMeshActor_UAID_00E04C68058BF35901_1652084928 Label:Cube3 SpatiallyLoaded:1 Bounds:IsValid=true, Min=(X=-12791.000 Y=-354.500 Z=-28.000), Max=(X=-91.000 Y=70.500 Z=2622.000) RuntimeGrid:None EditorOnly:0 RuntimeOnly:0 HLODRelevant:1
 |   |   |- Guid:D85146E740986DF0B69090817C9267D9 BaseClass: NativeClass:/Script/Engine.StaticMeshActor Name:StaticMeshActor_UAID_00E04C68058BED5901_1286859858 Label:ev_1_Object002 SpatiallyLoaded:1 Bounds:IsValid=true, Min=(X=149.282 Y=70.000 Z=20.000), Max=(X=288.871 Y=90.000 Z=260.000) RuntimeGrid:None EditorOnly:0 RuntimeOnly:0 HLODRelevant:1
 |   |   |- Guid:DF1CAA6C4D8F3F532CFA0093E9C5516E BaseClass: NativeClass:/Script/Engine.PointLight Name:PointLight_UAID_00E04C68058BF35901_2076922934 Label:PointLight4 SpatiallyLoaded:1 Bounds:IsValid=true, Min=(X=-14073.717 Y=1836.283 Z=-4363.717), Max=(X=-4106.283 Y=11803.717 Z=5603.717) RuntimeGrid:None EditorOnly:0 RuntimeOnly:0 HLODRelevant:0
 |   |   |- Guid:DFDEE6134772CF2FB0C37584C4982931 BaseClass: NativeClass:/Script/Engine.StaticMeshActor Name:StaticMeshActor_UAID_00E04C68058BED5901_1274229856 Label:ev_1_Object001 SpatiallyLoaded:1 Bounds:IsValid=true, Min=(X=-106.718 Y=-185.964 Z=37.668), Max=(X=174.715 Y=85.964 Z=762.332) RuntimeGrid:None EditorOnly:0 RuntimeOnly:0 HLODRelevant:1
 |   |   |- Guid:E3E9F8C3488B04E86C36AFAA28C1C425 BaseClass: NativeClass:/Script/Engine.PointLight Name:PointLight_UAID_00E04C68058BF35901_2046615933 Label:PointLight3 SpatiallyLoaded:1 Bounds:IsValid=true, Min=(X=-12209.935 Y=-4759.935 Z=-4969.935), Max=(X=-1030.065 Y=6419.935 Z=6209.935) RuntimeGrid:None EditorOnly:0 RuntimeOnly:0 HLODRelevant:0
 |   |   |- Guid:EDBA2789436E6DAF7B61FF8960A61B91 BaseClass: NativeClass:/Script/Engine.StaticMeshActor Name:StaticMeshActor_UAID_00E04C68058BF25901_2025317750 Label:Box_1A3CD9F9 SpatiallyLoaded:1 Bounds:IsValid=true, Min=(X=-12750.000 Y=71.000 Z=-79.000), Max=(X=3290.000 Y=8885.424 Z=21.000) RuntimeGrid:None EditorOnly:0 RuntimeOnly:0 HLODRelevant:1
 |   |   |- Guid:EFAC87874FD98A3E328B00AAD6B94DF9 BaseClass: NativeClass:/Script/Engine.StaticMeshActor Name:StaticMeshActor_UAID_90E868FB5E92445A01_1105203167 Label:1s SpatiallyLoaded:1 Bounds:IsValid=true, Min=(X=-13851.278 Y=1858.263 Z=-1989.220), Max=(X=4444.542 Y=20039.885 Z=1273.458) RuntimeGrid:None EditorOnly:0 RuntimeOnly:0 HLODRelevant:1
 |   |   |- Guid:F8252F194D1DC3DF19C545B09E8E5F74 BaseClass: NativeClass:/Script/Engine.StaticMeshActor Name:StaticMeshActor_UAID_00E04C68058BED5901_1284903857 Label:ev_1_Object003 SpatiallyLoaded:1 Bounds:IsValid=true, Min=(X=-228.871 Y=70.000 Z=20.000), Max=(X=-89.282 Y=90.000 Z=260.000) RuntimeGrid:None EditorOnly:0 RuntimeOnly:0 HLODRelevant:1
 |   |- [+] Clusters:
 |   |   |- [+] [  0]
 |   |   |   |- Guid:5368FABB47D6D9580DAECA8B0417BF92 BaseClass: NativeClass:/Script/Engine.WorldDataLayers Name:WorldDataLayers Label:WorldDataLayers-1 SpatiallyLoaded:0 Bounds:IsValid=true, Min=(X=0.000 Y=0.000 Z=0.000), Max=(X=0.000 Y=0.000 Z=0.000) RuntimeGrid:None EditorOnly:0 RuntimeOnly:0 HLODRelevant:0
 |   |   |- [+] [  1]
 |   |   |   |- Guid:F8252F194D1DC3DF19C545B09E8E5F74 BaseClass: NativeClass:/Script/Engine.StaticMeshActor Name:StaticMeshActor_UAID_00E04C68058BED5901_1284903857 Label:ev_1_Object003 SpatiallyLoaded:1 Bounds:IsValid=true, Min=(X=-228.871 Y=70.000 Z=20.000), Max=(X=-89.282 Y=90.000 Z=260.000) RuntimeGrid:None EditorOnly:0 RuntimeOnly:0 HLODRelevant:1
 |   |   |- [+] [  2]
 |   |   |   |- Guid:EFAC87874FD98A3E328B00AAD6B94DF9 BaseClass: NativeClass:/Script/Engine.StaticMeshActor Name:StaticMeshActor_UAID_90E868FB5E92445A01_1105203167 Label:1s SpatiallyLoaded:1 Bounds:IsValid=true, Min=(X=-13851.278 Y=1858.263 Z=-1989.220), Max=(X=4444.542 Y=20039.885 Z=1273.458) RuntimeGrid:None EditorOnly:0 RuntimeOnly:0 HLODRelevant:1
 |   |   |- [+] [  3]
 |   |   |   |- Guid:320FCE924F8DC51E56202EA1EDCA7133 BaseClass: NativeClass:/Script/Engine.StaticMeshActor Name:StaticMeshActor_UAID_90E868FB5E92445A01_1938500173 Label:2s SpatiallyLoaded:1 Bounds:IsValid=true, Min=(X=-12337.475 Y=4766.958 Z=806.566), Max=(X=3078.825 Y=20054.004 Z=3958.926) RuntimeGrid:None EditorOnly:0 RuntimeOnly:0 HLODRelevant:1
 |   |   |- [+] [  4]
 |   |   |   |- Guid:339B3A744DDD74FFCF50C1B22285A54C BaseClass: NativeClass:/Script/Engine.WorldPartitionHLOD Name:NewMap_HLOD0_Instancing_00000000dbd8b8a6 Label:NewMap_HLOD0_Instancing/MainGrid_L0_X-1_Y0_DL0 SpatiallyLoaded:0 Bounds:IsValid=true, Min=(X=-25600.000 Y=0.000 Z=-4363.717), Max=(X=0.000 Y=25600.000 Z=5603.717) RuntimeGrid:None EditorOnly:0 RuntimeOnly:1 HLODRelevant:1 FolderPath:HLOD/NewMap_HLOD0_Instancing FolderGuid:222FB8354D87B1F707C58AA7793E8882
 |   |   |- [+] [  5]
 |   |   |   |- Guid:11D4D3D844BB28285E42618E85E623CA BaseClass: NativeClass:/Script/Engine.PointLight Name:PointLight_UAID_00E04C68058BF35901_2037063932 Label:PointLight2 SpatiallyLoaded:1 Bounds:IsValid=true, Min=(X=-4673.717 Y=1836.283 Z=-4363.717), Max=(X=5293.717 Y=11803.717 Z=5603.717) RuntimeGrid:None EditorOnly:0 RuntimeOnly:0 HLODRelevant:0
 |   |   |- [+] [  6]
 |   |   |   |- Guid:A14FA78A45268347A816079787DA0538 BaseClass: NativeClass:/Script/Engine.WorldPartitionHLOD Name:NewMap_HLOD0_Instancing_00000000bfdb0042 Label:NewMap_HLOD0_Instancing/MainGrid_L0_X0_Y0_DL0 SpatiallyLoaded:0 Bounds:IsValid=true, Min=(X=0.000 Y=0.000 Z=20.000), Max=(X=25600.000 Y=25600.000 Z=260.000) RuntimeGrid:None EditorOnly:0 RuntimeOnly:1 HLODRelevant:1 FolderPath:HLOD/NewMap_HLOD0_Instancing FolderGuid:222FB8354D87B1F707C58AA7793E8882
 |   |   |- [+] [  7]
 |   |   |   |- Guid:7412AE9D473C81323BD9A691F3779515 BaseClass: NativeClass:/Script/Engine.StaticMeshActor Name:StaticMeshActor_UAID_00E04C68058BF35901_1851187929 Label:Cube4 SpatiallyLoaded:1 Bounds:IsValid=true, Min=(X=-96.000 Y=-624.500 Z=-28.000), Max=(X=154.000 Y=-199.500 Z=2622.000) RuntimeGrid:None EditorOnly:0 RuntimeOnly:0 HLODRelevant:1
 |   |   |- [+] [  8]
 |   |   |   |- Guid:1A28C29D45483FB696149AB28AFC5C33 BaseClass: NativeClass:/Script/Engine.PointLight Name:PointLight_UAID_00E04C68058BF35901_2078895935 Label:PointLight5 SpatiallyLoaded:1 Bounds:IsValid=true, Min=(X=-8783.717 Y=1836.283 Z=-4363.717), Max=(X=1183.717 Y=11803.717 Z=5603.717) RuntimeGrid:None EditorOnly:0 RuntimeOnly:0 HLODRelevant:0
 |   |   |- [+] [  9]
 |   |   |   |- Guid:5DC0F631465F8579CB5FF08DA7AE327E BaseClass: NativeClass:/Script/Engine.PointLight Name:PointLight_UAID_00E04C68058BF35901_1988698931 Label:PointLight SpatiallyLoaded:1 Bounds:IsValid=true, Min=(X=-5619.935 Y=-4369.935 Z=-5139.935), Max=(X=5559.935 Y=6809.935 Z=6039.935) RuntimeGrid:None EditorOnly:0 RuntimeOnly:0 HLODRelevant:0
 |   |   |- [+] [ 10]
 |   |   |   |- Guid:D85146E740986DF0B69090817C9267D9 BaseClass: NativeClass:/Script/Engine.StaticMeshActor Name:StaticMeshActor_UAID_00E04C68058BED5901_1286859858 Label:ev_1_Object002 SpatiallyLoaded:1 Bounds:IsValid=true, Min=(X=149.282 Y=70.000 Z=20.000), Max=(X=288.871 Y=90.000 Z=260.000) RuntimeGrid:None EditorOnly:0 RuntimeOnly:0 HLODRelevant:1
 |   |   |- [+] [ 11]
 |   |   |   |- Guid:78BA41B147EF7A4D81C17CBC96F4AAE4 BaseClass: NativeClass:/Script/Engine.DirectionalLight Name:DirectionalLight_UAID_90E868FB5E924B5A01_1323257424 Label:DirectionalLight SpatiallyLoaded:0 Bounds:IsValid=true, Min=(X=-4398046511104.000 Y=-4398046511104.000 Z=-4398046511104.000), Max=(X=4398046511104.000 Y=4398046511104.000 Z=4398046511104.000) RuntimeGrid:None EditorOnly:0 RuntimeOnly:0 HLODRelevant:0
 |   |   |- [+] [ 12]
 |   |   |   |- Guid:DFDEE6134772CF2FB0C37584C4982931 BaseClass: NativeClass:/Script/Engine.StaticMeshActor Name:StaticMeshActor_UAID_00E04C68058BED5901_1274229856 Label:ev_1_Object001 SpatiallyLoaded:1 Bounds:IsValid=true, Min=(X=-106.718 Y=-185.964 Z=37.668), Max=(X=174.715 Y=85.964 Z=762.332) RuntimeGrid:None EditorOnly:0 RuntimeOnly:0 HLODRelevant:1
 |   |   |- [+] [ 13]
 |   |   |   |- Guid:EDBA2789436E6DAF7B61FF8960A61B91 BaseClass: NativeClass:/Script/Engine.StaticMeshActor Name:StaticMeshActor_UAID_00E04C68058BF25901_2025317750 Label:Box_1A3CD9F9 SpatiallyLoaded:1 Bounds:IsValid=true, Min=(X=-12750.000 Y=71.000 Z=-79.000), Max=(X=3290.000 Y=8885.424 Z=21.000) RuntimeGrid:None EditorOnly:0 RuntimeOnly:0 HLODRelevant:1
 |   |   |- [+] [ 14]
 |   |   |   |- Guid:DF1CAA6C4D8F3F532CFA0093E9C5516E BaseClass: NativeClass:/Script/Engine.PointLight Name:PointLight_UAID_00E04C68058BF35901_2076922934 Label:PointLight4 SpatiallyLoaded:1 Bounds:IsValid=true, Min=(X=-14073.717 Y=1836.283 Z=-4363.717), Max=(X=-4106.283 Y=11803.717 Z=5603.717) RuntimeGrid:None EditorOnly:0 RuntimeOnly:0 HLODRelevant:0
 |   |   |- [+] [ 15]
 |   |   |   |- Guid:C38970DF458321B8D169D0879DA8B567 BaseClass: NativeClass:/Script/Engine.StaticMeshActor Name:StaticMeshActor_UAID_00E04C68058BF35901_1652084928 Label:Cube3 SpatiallyLoaded:1 Bounds:IsValid=true, Min=(X=-12791.000 Y=-354.500 Z=-28.000), Max=(X=-91.000 Y=70.500 Z=2622.000) RuntimeGrid:None EditorOnly:0 RuntimeOnly:0 HLODRelevant:1
 |   |   |- [+] [ 16]
 |   |   |   |- Guid:C2E398AF4C71CEE393BDE7AA6ED9B6F8 BaseClass:/Game/blueprint/COBOT.COBOT_C NativeClass:/Script/Engine.Character Name:COBOT_C_UAID_90E868FB5E92475A01_1848601716 Label:COBOT SpatiallyLoaded:1 Bounds:IsValid=true, Min=(X=-775.141 Y=515.021 Z=13.392), Max=(X=-711.493 Y=576.252 Z=109.940) RuntimeGrid:None EditorOnly:0 RuntimeOnly:0 HLODRelevant:0
 |   |   |- [+] [ 17]
 |   |   |   |- Guid:C2D280CE42A743F0B8120ABB7B1560D3 BaseClass: NativeClass:/Script/Engine.StaticMeshActor Name:StaticMeshActor_UAID_00E04C68058BED5901_1264241855 Label:ev_1_NGon025 SpatiallyLoaded:1 Bounds:IsValid=true, Min=(X=-90.000 Y=-170.000 Z=20.000), Max=(X=150.000 Y=70.000 Z=40.000) RuntimeGrid:None EditorOnly:0 RuntimeOnly:0 HLODRelevant:1
 |   |   |- [+] [ 18]
 |   |   |   |- Guid:2FC8AC684B733B0CA84CC99515726E13 BaseClass: NativeClass:/Script/Engine.StaticMeshActor Name:StaticMeshActor_UAID_00E04C68058BEE5901_1469154035 Label:Cube2 SpatiallyLoaded:1 Bounds:IsValid=true, Min=(X=150.000 Y=-354.500 Z=-28.000), Max=(X=3300.000 Y=70.500 Z=2622.000) RuntimeGrid:None EditorOnly:0 RuntimeOnly:0 HLODRelevant:1
 |   |   |- [+] [ 19]
 |   |   |   |- Guid:E3E9F8C3488B04E86C36AFAA28C1C425 BaseClass: NativeClass:/Script/Engine.PointLight Name:PointLight_UAID_00E04C68058BF35901_2046615933 Label:PointLight3 SpatiallyLoaded:1 Bounds:IsValid=true, Min=(X=-12209.935 Y=-4759.935 Z=-4969.935), Max=(X=-1030.065 Y=6419.935 Z=6209.935) RuntimeGrid:None EditorOnly:0 RuntimeOnly:0 HLODRelevant:0
 |- ContainerInstances:
 |- [+] MainContainer:
 |   |-        ID: 0x0000000000000000
 |   |-    Bounds: IsValid=true, Min=(X=-14073.717 Y=-4759.935 Z=-5139.935), Max=(X=5559.935 Y=20054.004 Z=6209.935)
 |   |- Transform: 0.000000,0.000000,0.000000|0.000000,0.000000,-0.000000|1.000000,1.000000,1.000000
 |   |- Container: /Game/NewMap
----------------------------------------------------------------------------------------------------------------
NewMap - Persistent Level
----------------------------------------------------------------------------------------------------------------
Always loaded Actor Count: 31 

----------------------------------------------------------------------------------------------------------------
NewMap - Runtime Spatial Hash - Streaming Grid - MainGrid
----------------------------------------------------------------------------------------------------------------
            Origin: X=0.000 Y=0.000 Z=0.000
         Cell Size: 25600
      World Bounds: IsValid=true, Min=(X=-14073.717 Y=-4759.935 Z=-5139.935), Max=(X=5559.935 Y=20054.004 Z=6209.935)
     Loading Range: 76800.00
Block Slow Loading: No
 ClientOnlyVisible: No

[+] Grid Levels: 2
 |- Level  0: Cell Count    2 | Cell Size   25600 | Actor Count    4 (100.0%)
 |- Level  1: Cell Count    0 | Cell Size   51200 | Actor Count    0 (0.0%)

[+] Content of Grid Level 0
 |- [+] Content of Cell MainGrid_L0_X-1_Y0
 |   |- Actor Count: 3
 |   |- MinMaxZ: X=-4363.717 Y=5603.717
 |   |- Actor Path: /Game/NewMap.NewMap:PersistentLevel.StaticMeshActor_UAID_00E04C68058BED5901_1284903857
 |   |- Actor Package: /Game/__ExternalActors__/NewMap/2/QV/UO4ERDAS5CQJO3PTPQF0OW
 |   |- Actor Path: /Game/NewMap.NewMap:PersistentLevel.PointLight_UAID_00E04C68058BF35901_2076922934
 |   |- Actor Package: /Game/__ExternalActors__/NewMap/9/DT/VAT45OTFJZIFW8M0FQNZ4R
 |   |- Actor Path: /Game/NewMap.NewMap:PersistentLevel.COBOT_C_UAID_90E868FB5E92475A01_1848601716
 |   |- Actor Package: /Game/__ExternalActors__/NewMap/A/P5/W55MQG5NZSS0ZE6S42P9Q5
 |- [+] Content of Cell MainGrid_L0_X0_Y0
 |   |- Actor Count: 1
 |   |- MinMaxZ: X=20.000 Y=260.000
 |   |- Actor Path: /Game/NewMap.NewMap:PersistentLevel.StaticMeshActor_UAID_00E04C68058BED5901_1286859858
 |   |- Actor Package: /Game/__ExternalActors__/NewMap/7/XX/J437W7511GUKNHO3LE5QV5
[+] Content of Grid Level 1

